#
# There is insufficient memory for the Java Runtime Environment to continue.
# Native memory allocation (malloc) failed to allocate 1665136 bytes for Chunk::new
# Possible reasons:
#   The system is out of physical RAM or swap space
#   The process is running with CompressedOops enabled, and the Java Heap may be blocking the growth of the native heap
# Possible solutions:
#   Reduce memory load on the system
#   Increase physical memory or swap space
#   Check if swap backing store is full
#   Decrease Java heap size (-Xmx/-Xms)
#   Decrease number of Java threads
#   Decrease Java thread stack sizes (-Xss)
#   Set larger code cache with -XX:ReservedCodeCacheSize=
#   JVM is running with Unscaled Compressed Oops mode in which the Java heap is
#     placed in the first 4GB address space. The Java Heap base address is the
#     maximum limit for the native heap growth. Please use -XX:HeapBaseMinAddress
#     to set the Java Heap base and to place the Java Heap above 4GB virtual address.
# This output file may be truncated or incomplete.
#
#  Out of Memory Error (t:/workspace/open/src/hotspot/share/memory/arena.cpp:197), pid=4800, tid=5472
#
# JRE version: OpenJDK Runtime Environment (11.0.2+9) (build 11.0.2+9)
# Java VM: OpenJDK 64-Bit Server VM (11.0.2+9, mixed mode, tiered, compressed oops, g1 gc, windows-amd64)
# No core dump will be written. Minidumps are not enabled by default on client versions of Windows
#

---------------  S U M M A R Y ------------

Command Line: -Djavafx.embed.singleThread=true 

Host: Intel(R) Atom(TM) x5-Z8350  CPU @ 1.44GHz, 4 cores, 1G,  Windows 10 , 64 bit Build 18362 (10.0.18362.1316)
Time: Thu Mar 11 20:04:00 2021 Hora oficial do Brasil elapsed time: 27 seconds (0d 0h 0m 27s)

---------------  T H R E A D  ---------------

Current thread (0x000000002a54c800):  JavaThread "C2 CompilerThread1" daemon [_thread_in_native, id=5472, stack(0x0000000031d60000,0x0000000031f60000)]


Current CompileTask:
C2:  27521 3447 %     4       io.github.classgraph.ClassfileBinaryParser::readClassInfoFromClassfileHeader @ 121 (2310 bytes)

Stack: [0x0000000031d60000,0x0000000031f60000]
Native frames: (J=compiled Java code, j=interpreted, Vv=VM code, C=native code)
V  [jvm.dll+0x63489a]
V  [jvm.dll+0x771f9f]
V  [jvm.dll+0x773648]
V  [jvm.dll+0x773d03]
V  [jvm.dll+0x25eba8]
V  [jvm.dll+0xc2191]
V  [jvm.dll+0xc271c]
V  [jvm.dll+0x36cc47]
V  [jvm.dll+0x339b13]
V  [jvm.dll+0x338eea]
V  [jvm.dll+0x2189c5]
V  [jvm.dll+0x217b6a]
V  [jvm.dll+0x194370]
V  [jvm.dll+0x226b3f]
V  [jvm.dll+0x225148]
V  [jvm.dll+0x73774d]
V  [jvm.dll+0x633942]
C  [ucrtbase.dll+0x210b2]
C  [KERNEL32.DLL+0x17c24]
C  [ntdll.dll+0x6d4d1]


---------------  P R O C E S S  ---------------

Threads class SMR info:
_java_thread_list=0x0000000022ab1f70, length=36, elements={
0x00000000031e6800, 0x000000001ec6c000, 0x000000001ec76000, 0x000000001ec80000,
0x000000001ec83000, 0x000000001ec86000, 0x000000001fa28800, 0x000000001ed0d800,
0x000000001fb56800, 0x000000001fb61800, 0x0000000020866800, 0x00000000208db800,
0x0000000020aff800, 0x0000000020c1e000, 0x000000002100b800, 0x0000000020d30000,
0x0000000021d9c000, 0x00000000208d0800, 0x00000000278aa800, 0x00000000278aa000,
0x00000000278ac000, 0x00000000278ad000, 0x00000000278ab800, 0x00000000278ae000,
0x00000000278a8000, 0x00000000278ae800, 0x00000000278a9000, 0x000000002a550800,
0x000000002a54a800, 0x000000002a551000, 0x000000002a54b800, 0x000000002a54e800,
0x000000002a54e000, 0x000000002a54f800, 0x000000002a552000, 0x000000002a54c800
}

Java Threads: ( => current thread )
  0x00000000031e6800 JavaThread "main" [_thread_blocked, id=2004, stack(0x00000000004e0000,0x00000000006e0000)]
  0x000000001ec6c000 JavaThread "Reference Handler" daemon [_thread_blocked, id=4224, stack(0x000000001ef10000,0x000000001f110000)]
  0x000000001ec76000 JavaThread "Finalizer" daemon [_thread_blocked, id=8680, stack(0x000000001f110000,0x000000001f310000)]
  0x000000001ec80000 JavaThread "Signal Dispatcher" daemon [_thread_blocked, id=10296, stack(0x000000001f420000,0x000000001f620000)]
  0x000000001ec83000 JavaThread "Attach Listener" daemon [_thread_blocked, id=13928, stack(0x000000001f620000,0x000000001f820000)]
  0x000000001ec86000 JavaThread "C2 CompilerThread0" daemon [_thread_in_native, id=7656, stack(0x000000001f820000,0x000000001fa20000)]
  0x000000001fa28800 JavaThread "C1 CompilerThread0" daemon [_thread_blocked, id=16304, stack(0x000000001fe20000,0x0000000020020000)]
  0x000000001ed0d800 JavaThread "Sweeper thread" daemon [_thread_blocked, id=5104, stack(0x0000000020020000,0x0000000020220000)]
  0x000000001fb56800 JavaThread "Service Thread" daemon [_thread_blocked, id=14444, stack(0x0000000020220000,0x0000000020420000)]
  0x000000001fb61800 JavaThread "Common-Cleaner" daemon [_thread_blocked, id=3648, stack(0x0000000020620000,0x0000000020820000)]
  0x0000000020866800 JavaThread "JavaFX-Launcher" [_thread_blocked, id=8704, stack(0x0000000021020000,0x0000000021220000)]
  0x00000000208db800 JavaThread "QuantumRenderer-0" daemon [_thread_blocked, id=14324, stack(0x0000000021490000,0x0000000021690000)]
  0x0000000020aff800 JavaThread "InvokeLaterDispatcher" daemon [_thread_blocked, id=5800, stack(0x0000000021810000,0x0000000021a10000)]
  0x0000000020c1e000 JavaThread "JavaFX Application Thread" [_thread_in_native, id=8540, stack(0x0000000021a10000,0x0000000021c10000)]
  0x000000002100b800 JavaThread "Thread-2" daemon [_thread_in_native, id=11008, stack(0x0000000024de0000,0x0000000024fe0000)]
  0x0000000020d30000 JavaThread "Java2D Disposer" daemon [_thread_blocked, id=9008, stack(0x0000000025340000,0x0000000025540000)]
  0x0000000021d9c000 JavaThread "AWT-Windows" daemon [_thread_in_native, id=15416, stack(0x0000000025740000,0x0000000025940000)]
  0x00000000208d0800 JavaThread "Thread-3" [_thread_blocked, id=14428, stack(0x0000000025940000,0x0000000025b40000)]
  0x00000000278aa800 JavaThread "TimerQueue" daemon [_thread_blocked, id=15376, stack(0x0000000028a00000,0x0000000028c00000)]
  0x00000000278aa000 JavaThread "AWT-Shutdown" [_thread_blocked, id=6936, stack(0x00000000292a0000,0x00000000294a0000)]
  0x00000000278ac000 JavaThread "AWT-EventQueue-0" [_thread_blocked, id=15896, stack(0x000000002c7d0000,0x000000002c9d0000)]
  0x00000000278ad000 JavaThread "Prism Font Disposer" daemon [_thread_blocked, id=6660, stack(0x00000000294a0000,0x00000000296a0000)]
  0x00000000278ab800 JavaThread "Thread-6" [_thread_blocked, id=3664, stack(0x000000002c5d0000,0x000000002c7d0000)]
  0x00000000278ae000 JavaThread "Thread-7" [_thread_blocked, id=4664, stack(0x000000002e7d0000,0x000000002e9d0000)]
  0x00000000278a8000 JavaThread "Thread-8" [_thread_blocked, id=8696, stack(0x000000002fcf0000,0x000000002fef0000)]
  0x00000000278ae800 JavaThread "Timer-0" [_thread_blocked, id=12556, stack(0x000000002fef0000,0x00000000300f0000)]
  0x00000000278a9000 JavaThread "Cleaner-0" daemon [_thread_blocked, id=13252, stack(0x00000000302f0000,0x00000000304f0000)]
  0x000000002a550800 JavaThread "ClassGraph-worker-0" daemon [_thread_in_native, id=15048, stack(0x0000000030d60000,0x0000000030f60000)]
  0x000000002a54a800 JavaThread "ClassGraph-worker-1" daemon [_thread_blocked, id=13016, stack(0x0000000030f60000,0x0000000031160000)]
  0x000000002a551000 JavaThread "ClassGraph-worker-2" daemon [_thread_in_Java, id=11288, stack(0x0000000031160000,0x0000000031360000)]
  0x000000002a54b800 JavaThread "JDI Internal Event Handler" daemon [_thread_blocked, id=11712, stack(0x0000000031560000,0x0000000031760000)]
  0x000000002a54e800 JavaThread "JDI Target VM Interface" daemon [_thread_in_native, id=1984, stack(0x0000000031760000,0x0000000031960000)]
  0x000000002a54e000 JavaThread "BlueJ I/O Handler" [_thread_in_native, id=968, stack(0x0000000031360000,0x0000000031560000)]
  0x000000002a54f800 JavaThread "BlueJ I/O Handler" [_thread_in_native, id=13296, stack(0x0000000031960000,0x0000000031b60000)]
  0x000000002a552000 JavaThread "BlueJ I/O Handler" [_thread_blocked, id=8996, stack(0x0000000031b60000,0x0000000031d60000)]
=>0x000000002a54c800 JavaThread "C2 CompilerThread1" daemon [_thread_in_native, id=5472, stack(0x0000000031d60000,0x0000000031f60000)]

Other Threads:
  0x000000001ec44000 VMThread "VM Thread" [stack: 0x000000001ed10000,0x000000001ef10000] [id=7588] _threads_hazard_ptr=0x0000000022ab1f70
  0x000000001fb5a000 WatcherThread [stack: 0x0000000020420000,0x0000000020620000] [id=8432]
  0x00000000031f9800 GCTaskThread "GC Thread#0" [stack: 0x0000000002b80000,0x0000000002d80000] [id=4652]
  0x0000000020ac9800 GCTaskThread "GC Thread#1" [stack: 0x0000000025b40000,0x0000000025d40000] [id=15124]
  0x0000000020aca000 GCTaskThread "GC Thread#2" [stack: 0x0000000025d40000,0x0000000025f40000] [id=8336]
  0x0000000020aca800 GCTaskThread "GC Thread#3" [stack: 0x0000000025f40000,0x0000000026140000] [id=11664]
  0x0000000003208800 ConcurrentGCThread "G1 Main Marker" [stack: 0x000000001b6d0000,0x000000001b8d0000] [id=12404]
  0x000000000320a800 ConcurrentGCThread "G1 Conc#0" [stack: 0x000000001b8d0000,0x000000001bad0000] [id=15996]
  0x000000000323f800 ConcurrentGCThread "G1 Refine#0" [stack: 0x000000001df10000,0x000000001e110000] [id=7476]
  0x0000000003242800 ConcurrentGCThread "G1 Young RemSet Sampling" [stack: 0x000000001e110000,0x000000001e310000] [id=7532]

Threads with active compile tasks:
C2 CompilerThread03527   !   4       io.github.classgraph.ClasspathElementZip$1::close (69 bytes)
C2 CompilerThread13447 %     4       io.github.classgraph.ClassfileBinaryParser::readClassInfoFromClassfileHeader @ 121 (2310 bytes)

VM state:synchronizing (normal execution)

VM Mutex/Monitor currently owned by a thread:  ([mutex/lock_event])
[0x00000000031e51b0] Safepoint_lock - owner thread: 0x000000001ec44000
[0x00000000031e4820] Threads_lock - owner thread: 0x000000001ec44000

Heap address: 0x00000000e2200000, size: 478 MB, Compressed Oops mode: 32-bit
Narrow klass base: 0x0000000000000000, Narrow klass shift: 3
Compressed class space size: 1073741824 Address: 0x0000000100000000

Heap:
 garbage-first heap   total 94208K, used 48281K [0x00000000e2200000, 0x0000000100000000)
  region size 1024K, 27 young (27648K), 2 survivors (2048K)
 Metaspace       used 46216K, capacity 48569K, committed 48848K, reserved 1091584K
  class space    used 6407K, capacity 7390K, committed 7472K, reserved 1048576K
Heap Regions: E=young(eden), S=young(survivor), O=old, HS=humongous(starts), HC=humongous(continues), CS=collection set, F=free, A=archive, TAMS=top-at-mark-start (previous, next)
|   0|0x00000000e2200000, 0x00000000e2300000, 0x00000000e2300000|100%| O|  |TAMS 0x00000000e2300000, 0x00000000e2200000| Untracked 
|   1|0x00000000e2300000, 0x00000000e2400000, 0x00000000e2400000|100%|HS|  |TAMS 0x00000000e2400000, 0x00000000e2300000| Complete 
|   2|0x00000000e2400000, 0x00000000e2500000, 0x00000000e2500000|100%| O|  |TAMS 0x00000000e2500000, 0x00000000e2400000| Untracked 
|   3|0x00000000e2500000, 0x00000000e2600000, 0x00000000e2600000|100%| O|  |TAMS 0x00000000e2600000, 0x00000000e2500000| Untracked 
|   4|0x00000000e2600000, 0x00000000e2700000, 0x00000000e2700000|100%| O|  |TAMS 0x00000000e2700000, 0x00000000e2600000| Untracked 
|   5|0x00000000e2700000, 0x00000000e2800000, 0x00000000e2800000|100%| O|  |TAMS 0x00000000e2800000, 0x00000000e2700000| Untracked 
|   6|0x00000000e2800000, 0x00000000e2900000, 0x00000000e2900000|100%| O|  |TAMS 0x00000000e2900000, 0x00000000e2800000| Untracked 
|   7|0x00000000e2900000, 0x00000000e2a00000, 0x00000000e2a00000|100%| O|  |TAMS 0x00000000e2a00000, 0x00000000e2900000| Untracked 
|   8|0x00000000e2a00000, 0x00000000e2b00000, 0x00000000e2b00000|100%| O|  |TAMS 0x00000000e2b00000, 0x00000000e2a00000| Untracked 
|   9|0x00000000e2b00000, 0x00000000e2c00000, 0x00000000e2c00000|100%| O|  |TAMS 0x00000000e2c00000, 0x00000000e2b00000| Untracked 
|  10|0x00000000e2c00000, 0x00000000e2d00000, 0x00000000e2d00000|100%| O|  |TAMS 0x00000000e2d00000, 0x00000000e2c00000| Untracked 
|  11|0x00000000e2d00000, 0x00000000e2e00000, 0x00000000e2e00000|100%| O|  |TAMS 0x00000000e2e00000, 0x00000000e2d00000| Untracked 
|  12|0x00000000e2e00000, 0x00000000e2f00000, 0x00000000e2f00000|100%| O|  |TAMS 0x00000000e2f00000, 0x00000000e2e00000| Untracked 
|  13|0x00000000e2f00000, 0x00000000e3000000, 0x00000000e3000000|100%| O|  |TAMS 0x00000000e3000000, 0x00000000e2f00000| Untracked 
|  14|0x00000000e3000000, 0x00000000e3100000, 0x00000000e3100000|100%| O|  |TAMS 0x00000000e3100000, 0x00000000e3000000| Untracked 
|  15|0x00000000e3100000, 0x00000000e3200000, 0x00000000e3200000|100%| O|  |TAMS 0x00000000e3200000, 0x00000000e3100000| Untracked 
|  16|0x00000000e3200000, 0x00000000e3300000, 0x00000000e3300000|100%|HS|  |TAMS 0x00000000e3300000, 0x00000000e3200000| Complete 
|  17|0x00000000e3300000, 0x00000000e3400000, 0x00000000e3400000|100%|HC|  |TAMS 0x00000000e3400000, 0x00000000e3300000| Complete 
|  18|0x00000000e3400000, 0x00000000e3500000, 0x00000000e3500000|100%| O|  |TAMS 0x00000000e3500000, 0x00000000e3400000| Untracked 
|  19|0x00000000e3500000, 0x00000000e3600000, 0x00000000e3600000|100%| O|  |TAMS 0x00000000e3600000, 0x00000000e3500000| Untracked 
|  20|0x00000000e3600000, 0x00000000e3700000, 0x00000000e3700000|100%| O|  |TAMS 0x00000000e3700000, 0x00000000e3600000| Untracked 
|  21|0x00000000e3700000, 0x00000000e3800000, 0x00000000e3800000|100%| O|  |TAMS 0x00000000e3800000, 0x00000000e3700000| Untracked 
|  22|0x00000000e3800000, 0x00000000e3900000, 0x00000000e3900000|100%| O|  |TAMS 0x00000000e38d4200, 0x00000000e3800000| Untracked 
|  23|0x00000000e3900000, 0x00000000e3909000, 0x00000000e3a00000|  3%| O|  |TAMS 0x00000000e3900000, 0x00000000e3900000| Untracked 
|  24|0x00000000e3a00000, 0x00000000e3a00000, 0x00000000e3b00000|  0%| F|  |TAMS 0x00000000e3a00000, 0x00000000e3a00000| Untracked 
|  25|0x00000000e3b00000, 0x00000000e3b00000, 0x00000000e3c00000|  0%| F|  |TAMS 0x00000000e3b00000, 0x00000000e3b00000| Untracked 
|  26|0x00000000e3c00000, 0x00000000e3c00000, 0x00000000e3d00000|  0%| F|  |TAMS 0x00000000e3c00000, 0x00000000e3c00000| Untracked 
|  27|0x00000000e3d00000, 0x00000000e3d00000, 0x00000000e3e00000|  0%| F|  |TAMS 0x00000000e3d00000, 0x00000000e3d00000| Untracked 
|  28|0x00000000e3e00000, 0x00000000e3e00000, 0x00000000e3f00000|  0%| F|  |TAMS 0x00000000e3e00000, 0x00000000e3e00000| Untracked 
|  29|0x00000000e3f00000, 0x00000000e3f00000, 0x00000000e4000000|  0%| F|  |TAMS 0x00000000e3f00000, 0x00000000e3f00000| Untracked 
|  30|0x00000000e4000000, 0x00000000e4000000, 0x00000000e4100000|  0%| F|  |TAMS 0x00000000e4000000, 0x00000000e4000000| Untracked 
|  31|0x00000000e4100000, 0x00000000e4100000, 0x00000000e4200000|  0%| F|  |TAMS 0x00000000e4100000, 0x00000000e4100000| Untracked 
|  32|0x00000000e4200000, 0x00000000e4200000, 0x00000000e4300000|  0%| F|  |TAMS 0x00000000e4200000, 0x00000000e4200000| Untracked 
|  33|0x00000000e4300000, 0x00000000e4300000, 0x00000000e4400000|  0%| F|  |TAMS 0x00000000e4300000, 0x00000000e4300000| Untracked 
|  34|0x00000000e4400000, 0x00000000e4400000, 0x00000000e4500000|  0%| F|  |TAMS 0x00000000e4400000, 0x00000000e4400000| Untracked 
|  35|0x00000000e4500000, 0x00000000e4500000, 0x00000000e4600000|  0%| F|  |TAMS 0x00000000e4500000, 0x00000000e4500000| Untracked 
|  36|0x00000000e4600000, 0x00000000e4600000, 0x00000000e4700000|  0%| F|  |TAMS 0x00000000e4600000, 0x00000000e4600000| Untracked 
|  37|0x00000000e4700000, 0x00000000e4700000, 0x00000000e4800000|  0%| F|  |TAMS 0x00000000e4700000, 0x00000000e4700000| Untracked 
|  38|0x00000000e4800000, 0x00000000e4800000, 0x00000000e4900000|  0%| F|  |TAMS 0x00000000e4800000, 0x00000000e4800000| Untracked 
|  39|0x00000000e4900000, 0x00000000e4900000, 0x00000000e4a00000|  0%| F|  |TAMS 0x00000000e4900000, 0x00000000e4900000| Untracked 
|  40|0x00000000e4a00000, 0x00000000e4a00000, 0x00000000e4b00000|  0%| F|  |TAMS 0x00000000e4a00000, 0x00000000e4a00000| Untracked 
|  41|0x00000000e4b00000, 0x00000000e4b00000, 0x00000000e4c00000|  0%| F|  |TAMS 0x00000000e4b00000, 0x00000000e4b00000| Untracked 
|  42|0x00000000e4c00000, 0x00000000e4c00000, 0x00000000e4d00000|  0%| F|  |TAMS 0x00000000e4c00000, 0x00000000e4c00000| Untracked 
|  43|0x00000000e4d00000, 0x00000000e4d00000, 0x00000000e4e00000|  0%| F|  |TAMS 0x00000000e4d00000, 0x00000000e4d00000| Untracked 
|  44|0x00000000e4e00000, 0x00000000e4e00000, 0x00000000e4f00000|  0%| F|  |TAMS 0x00000000e4e00000, 0x00000000e4e00000| Untracked 
|  45|0x00000000e4f00000, 0x00000000e4f00000, 0x00000000e5000000|  0%| F|  |TAMS 0x00000000e4f00000, 0x00000000e4f00000| Untracked 
|  46|0x00000000e5000000, 0x00000000e5000000, 0x00000000e5100000|  0%| F|  |TAMS 0x00000000e5000000, 0x00000000e5000000| Untracked 
|  47|0x00000000e5100000, 0x00000000e5100000, 0x00000000e5200000|  0%| F|  |TAMS 0x00000000e5100000, 0x00000000e5100000| Untracked 
|  48|0x00000000e5200000, 0x00000000e5200000, 0x00000000e5300000|  0%| F|  |TAMS 0x00000000e5200000, 0x00000000e5200000| Untracked 
|  49|0x00000000e5300000, 0x00000000e5300000, 0x00000000e5400000|  0%| F|  |TAMS 0x00000000e5300000, 0x00000000e5300000| Untracked 
|  50|0x00000000e5400000, 0x00000000e5400000, 0x00000000e5500000|  0%| F|  |TAMS 0x00000000e5400000, 0x00000000e5400000| Untracked 
|  51|0x00000000e5500000, 0x00000000e5500000, 0x00000000e5600000|  0%| F|  |TAMS 0x00000000e5500000, 0x00000000e5500000| Untracked 
|  52|0x00000000e5600000, 0x00000000e5600000, 0x00000000e5700000|  0%| F|  |TAMS 0x00000000e5600000, 0x00000000e5600000| Untracked 
|  53|0x00000000e5700000, 0x00000000e5700000, 0x00000000e5800000|  0%| F|  |TAMS 0x00000000e5700000, 0x00000000e5700000| Untracked 
|  54|0x00000000e5800000, 0x00000000e5800000, 0x00000000e5900000|  0%| F|  |TAMS 0x00000000e5800000, 0x00000000e5800000| Untracked 
|  55|0x00000000e5900000, 0x00000000e5900000, 0x00000000e5a00000|  0%| F|  |TAMS 0x00000000e5900000, 0x00000000e5900000| Untracked 
|  56|0x00000000e5a00000, 0x00000000e5a00000, 0x00000000e5b00000|  0%| F|  |TAMS 0x00000000e5a00000, 0x00000000e5a00000| Untracked 
|  57|0x00000000e5b00000, 0x00000000e5b00000, 0x00000000e5c00000|  0%| F|  |TAMS 0x00000000e5b00000, 0x00000000e5b00000| Untracked 
|  58|0x00000000e5c00000, 0x00000000e5c00000, 0x00000000e5d00000|  0%| F|  |TAMS 0x00000000e5c00000, 0x00000000e5c00000| Untracked 
|  59|0x00000000e5d00000, 0x00000000e5d00000, 0x00000000e5e00000|  0%| F|  |TAMS 0x00000000e5d00000, 0x00000000e5d00000| Untracked 
|  60|0x00000000e5e00000, 0x00000000e5e1d730, 0x00000000e5f00000| 11%| S|CS|TAMS 0x00000000e5e00000, 0x00000000e5e00000| Complete 
|  61|0x00000000e5f00000, 0x00000000e6000000, 0x00000000e6000000|100%| S|CS|TAMS 0x00000000e5f00000, 0x00000000e5f00000| Complete 
|  62|0x00000000e6000000, 0x00000000e6000000, 0x00000000e6100000|  0%| F|  |TAMS 0x00000000e6000000, 0x00000000e6000000| Untracked 
|  63|0x00000000e6100000, 0x00000000e6100000, 0x00000000e6200000|  0%| F|  |TAMS 0x00000000e6100000, 0x00000000e6100000| Untracked 
|  64|0x00000000e6200000, 0x00000000e6200000, 0x00000000e6300000|  0%| F|  |TAMS 0x00000000e6200000, 0x00000000e6200000| Untracked 
|  65|0x00000000e6300000, 0x00000000e6300000, 0x00000000e6400000|  0%| F|  |TAMS 0x00000000e6300000, 0x00000000e6300000| Untracked 
|  66|0x00000000e6400000, 0x00000000e6400000, 0x00000000e6500000|  0%| F|  |TAMS 0x00000000e6400000, 0x00000000e6400000| Untracked 
|  67|0x00000000e6500000, 0x00000000e65d10a0, 0x00000000e6600000| 81%| E|  |TAMS 0x00000000e6500000, 0x00000000e6500000| Complete 
|  68|0x00000000e6600000, 0x00000000e6700000, 0x00000000e6700000|100%| E|CS|TAMS 0x00000000e6600000, 0x00000000e6600000| Complete 
|  69|0x00000000e6700000, 0x00000000e6800000, 0x00000000e6800000|100%| E|CS|TAMS 0x00000000e6700000, 0x00000000e6700000| Complete 
|  70|0x00000000e6800000, 0x00000000e6900000, 0x00000000e6900000|100%| E|CS|TAMS 0x00000000e6800000, 0x00000000e6800000| Complete 
|  71|0x00000000e6900000, 0x00000000e6a00000, 0x00000000e6a00000|100%| E|CS|TAMS 0x00000000e6900000, 0x00000000e6900000| Complete 
|  72|0x00000000e6a00000, 0x00000000e6b00000, 0x00000000e6b00000|100%| E|CS|TAMS 0x00000000e6a00000, 0x00000000e6a00000| Complete 
|  73|0x00000000e6b00000, 0x00000000e6c00000, 0x00000000e6c00000|100%| E|  |TAMS 0x00000000e6b00000, 0x00000000e6b00000| Complete 
|  74|0x00000000e6c00000, 0x00000000e6d00000, 0x00000000e6d00000|100%| E|CS|TAMS 0x00000000e6c00000, 0x00000000e6c00000| Complete 
|  75|0x00000000e6d00000, 0x00000000e6e00000, 0x00000000e6e00000|100%| E|CS|TAMS 0x00000000e6d00000, 0x00000000e6d00000| Complete 
|  76|0x00000000e6e00000, 0x00000000e6f00000, 0x00000000e6f00000|100%| E|CS|TAMS 0x00000000e6e00000, 0x00000000e6e00000| Complete 
|  77|0x00000000e6f00000, 0x00000000e7000000, 0x00000000e7000000|100%| E|CS|TAMS 0x00000000e6f00000, 0x00000000e6f00000| Complete 
|  78|0x00000000e7000000, 0x00000000e7100000, 0x00000000e7100000|100%| E|CS|TAMS 0x00000000e7000000, 0x00000000e7000000| Complete 
|  79|0x00000000e7100000, 0x00000000e7200000, 0x00000000e7200000|100%| E|CS|TAMS 0x00000000e7100000, 0x00000000e7100000| Complete 
|  80|0x00000000e7200000, 0x00000000e7300000, 0x00000000e7300000|100%| E|CS|TAMS 0x00000000e7200000, 0x00000000e7200000| Complete 
|  81|0x00000000e7300000, 0x00000000e7400000, 0x00000000e7400000|100%| E|CS|TAMS 0x00000000e7300000, 0x00000000e7300000| Complete 
|  82|0x00000000e7400000, 0x00000000e7500000, 0x00000000e7500000|100%| E|CS|TAMS 0x00000000e7400000, 0x00000000e7400000| Complete 
|  83|0x00000000e7500000, 0x00000000e7600000, 0x00000000e7600000|100%| E|CS|TAMS 0x00000000e7500000, 0x00000000e7500000| Complete 
|  84|0x00000000e7600000, 0x00000000e7700000, 0x00000000e7700000|100%| E|CS|TAMS 0x00000000e7600000, 0x00000000e7600000| Complete 
|  85|0x00000000e7700000, 0x00000000e7800000, 0x00000000e7800000|100%| E|CS|TAMS 0x00000000e7700000, 0x00000000e7700000| Complete 
|  86|0x00000000e7800000, 0x00000000e7900000, 0x00000000e7900000|100%| E|CS|TAMS 0x00000000e7800000, 0x00000000e7800000| Complete 
|  87|0x00000000e7900000, 0x00000000e7a00000, 0x00000000e7a00000|100%| E|CS|TAMS 0x00000000e7900000, 0x00000000e7900000| Complete 
|  88|0x00000000e7a00000, 0x00000000e7b00000, 0x00000000e7b00000|100%| E|CS|TAMS 0x00000000e7a00000, 0x00000000e7a00000| Complete 
|  89|0x00000000e7b00000, 0x00000000e7c00000, 0x00000000e7c00000|100%| E|CS|TAMS 0x00000000e7b00000, 0x00000000e7b00000| Complete 
|  90|0x00000000e7c00000, 0x00000000e7d00000, 0x00000000e7d00000|100%| E|CS|TAMS 0x00000000e7c00000, 0x00000000e7c00000| Complete 
|  91|0x00000000e7d00000, 0x00000000e7e00000, 0x00000000e7e00000|100%| E|CS|TAMS 0x00000000e7d00000, 0x00000000e7d00000| Complete 

Card table byte_map: [0x000000001a5f0000,0x000000001a6e0000] _byte_map_base: 0x0000000019edf000

Marking Bits (Prev, Next): (CMBitMap*) 0x0000000003205f18, (CMBitMap*) 0x0000000003205f50
 Prev Bits: [0x000000001a7d0000, 0x000000001af48000)
 Next Bits: [0x000000001af50000, 0x000000001b6c8000)

Polling page: 0x00000000001b0000

Metaspace:

Usage:
  Non-class:     40.21 MB capacity,    38.88 MB ( 97%) used,     1.10 MB (  3%) free+waste,   246.63 KB ( <1%) overhead. 
      Class:      7.22 MB capacity,     6.26 MB ( 87%) used,   854.03 KB ( 12%) free+waste,   128.50 KB (  2%) overhead. 
       Both:     47.43 MB capacity,    45.13 MB ( 95%) used,     1.93 MB (  4%) free+waste,   375.13 KB ( <1%) overhead. 

Virtual space:
  Non-class space:       42.00 MB reserved,      40.41 MB ( 96%) committed 
      Class space:        1.00 GB reserved,       7.30 MB ( <1%) committed 
             Both:        1.04 GB reserved,      47.70 MB (  4%) committed 

Chunk freelists:
   Non-Class:  640 bytes
       Class:  256 bytes
        Both:  896 bytes

CodeHeap 'non-profiled nmethods': size=120064Kb used=1855Kb max_used=1855Kb free=118208Kb
 bounds [0x0000000012fa0000, 0x0000000013210000, 0x000000001a4e0000]
CodeHeap 'profiled nmethods': size=120000Kb used=7239Kb max_used=7239Kb free=112760Kb
 bounds [0x000000000ba70000, 0x000000000c190000, 0x0000000012fa0000]
CodeHeap 'non-nmethods': size=5696Kb used=1489Kb max_used=1513Kb free=4206Kb
 bounds [0x000000000b4e0000, 0x000000000b750000, 0x000000000ba70000]
 total_blobs=5284 nmethods=3515 adapters=919
 compilation: enabled
              stopped_count=0, restarted_count=0
 full_count=0

Compilation events (10 events):
Event: 27.475 Thread 0x000000001fa28800 nmethod 3490 0x000000000c16f410 code [0x000000000c16f5e0, 0x000000000c16f7f0]
Event: 27.475 Thread 0x000000001fa28800 3491       3       java.nio.CharBuffer::limit (8 bytes)
Event: 27.475 Thread 0x000000001fa28800 nmethod 3491 0x000000000c16f910 code [0x000000000c16fac0, 0x000000000c16fc70]
Event: 27.482 Thread 0x000000001ec86000 3492   !   4       java.util.zip.ZipFile$Source::readFullyAt (74 bytes)
Event: 27.483 Thread 0x000000001fa28800 3493       3       io.github.classgraph.utils.InterruptionChecker::check (28 bytes)
Event: 27.485 Thread 0x000000001fa28800 nmethod 3493 0x000000000c16fd10 code [0x000000000c16fee0, 0x000000000c1701e0]
Event: 27.485 Thread 0x000000001fa28800 3494       3       io.github.classgraph.utils.InterruptionChecker::checkAndReturn (60 bytes)
Event: 27.487 Thread 0x000000001fa28800 nmethod 3494 0x000000000c170310 code [0x000000000c170500, 0x000000000c170ad0]
Event: 27.497 Thread 0x000000001ec86000 nmethod 3492 0x0000000013168f90 code [0x0000000013169140, 0x0000000013169698]
Event: 27.497 Thread 0x000000001ec86000 3496   !   4       java.util.zip.InflaterInputStream::read (138 bytes)

GC Heap History (10 events):
Event: 26.268 GC heap before
{Heap before GC invocations=28 (full 0):
 garbage-first heap   total 30720K, used 23853K [0x00000000e2200000, 0x0000000100000000)
  region size 1024K, 2 young (2048K), 1 survivors (1024K)
 Metaspace       used 45869K, capacity 48176K, committed 48208K, reserved 1089536K
  class space    used 6357K, capacity 7323K, committed 7344K, reserved 1048576K
}
Event: 26.274 GC heap after
{Heap after GC invocations=29 (full 0):
 garbage-first heap   total 47104K, used 23846K [0x00000000e2200000, 0x0000000100000000)
  region size 1024K, 1 young (1024K), 1 survivors (1024K)
 Metaspace       used 45869K, capacity 48176K, committed 48208K, reserved 1089536K
  class space    used 6357K, capacity 7323K, committed 7344K, reserved 1048576K
}
Event: 26.588 GC heap before
{Heap before GC invocations=30 (full 0):
 garbage-first heap   total 47104K, used 29990K [0x00000000e2200000, 0x0000000100000000)
  region size 1024K, 9 young (9216K), 1 survivors (1024K)
 Metaspace       used 46076K, capacity 48394K, committed 48592K, reserved 1091584K
  class space    used 6388K, capacity 7353K, committed 7472K, reserved 1048576K
}
Event: 26.595 GC heap after
{Heap after GC invocations=31 (full 0):
 garbage-first heap   total 47104K, used 23971K [0x00000000e2200000, 0x0000000100000000)
  region size 1024K, 1 young (1024K), 1 survivors (1024K)
 Metaspace       used 46076K, capacity 48394K, committed 48592K, reserved 1091584K
  class space    used 6388K, capacity 7353K, committed 7472K, reserved 1048576K
}
Event: 26.668 GC heap before
{Heap before GC invocations=31 (full 0):
 garbage-first heap   total 47104K, used 31139K [0x00000000e2200000, 0x0000000100000000)
  region size 1024K, 9 young (9216K), 1 survivors (1024K)
 Metaspace       used 46095K, capacity 48397K, committed 48592K, reserved 1091584K
  class space    used 6391K, capacity 7354K, committed 7472K, reserved 1048576K
}
Event: 26.680 GC heap after
{Heap after GC invocations=32 (full 0):
 garbage-first heap   total 47104K, used 24050K [0x00000000e2200000, 0x0000000100000000)
  region size 1024K, 1 young (1024K), 1 survivors (1024K)
 Metaspace       used 46095K, capacity 48397K, committed 48592K, reserved 1091584K
  class space    used 6391K, capacity 7354K, committed 7472K, reserved 1048576K
}
Event: 26.810 GC heap before
{Heap before GC invocations=32 (full 0):
 garbage-first heap   total 47104K, used 32242K [0x00000000e2200000, 0x0000000100000000)
  region size 1024K, 11 young (11264K), 1 survivors (1024K)
 Metaspace       used 46100K, capacity 48397K, committed 48592K, reserved 1091584K
  class space    used 6391K, capacity 7354K, committed 7472K, reserved 1048576K
}
Event: 26.816 GC heap after
{Heap after GC invocations=33 (full 0):
 garbage-first heap   total 47104K, used 24206K [0x00000000e2200000, 0x0000000100000000)
  region size 1024K, 1 young (1024K), 1 survivors (1024K)
 Metaspace       used 46100K, capacity 48397K, committed 48592K, reserved 1091584K
  class space    used 6391K, capacity 7354K, committed 7472K, reserved 1048576K
}
Event: 26.949 GC heap before
{Heap before GC invocations=34 (full 0):
 garbage-first heap   total 47104K, used 32398K [0x00000000e2200000, 0x0000000100000000)
  region size 1024K, 11 young (11264K), 1 survivors (1024K)
 Metaspace       used 46145K, capacity 48496K, committed 48592K, reserved 1091584K
  class space    used 6401K, capacity 7387K, committed 7472K, reserved 1048576K
}
Event: 26.963 GC heap after
{Heap after GC invocations=35 (full 0):
 garbage-first heap   total 94208K, used 24351K [0x00000000e2200000, 0x0000000100000000)
  region size 1024K, 1 young (1024K), 1 survivors (1024K)
 Metaspace       used 46145K, capacity 48496K, committed 48592K, reserved 1091584K
  class space    used 6401K, capacity 7387K, committed 7472K, reserved 1048576K
}

Deoptimization events (10 events):
Event: 24.908 Thread 0x000000002a550800 Uncommon trap: reason=class_check action=maybe_recompile pc=0x00000000130fac48 method=java.util.HashMap.putVal(ILjava/lang/Object;Ljava/lang/Object;ZZ)Ljava/lang/Object; @ 253 c2
Event: 24.939 Thread 0x000000002a54a800 Uncommon trap: reason=unstable_if action=reinterpret pc=0x0000000013097a30 method=java.util.concurrent.ConcurrentHashMap.putVal(Ljava/lang/Object;Ljava/lang/Object;Z)Ljava/lang/Object; @ 97 c2
Event: 24.966 Thread 0x000000002a551000 Uncommon trap: reason=speculate_null_assert action=make_not_entrant pc=0x000000001305c844 method=java.lang.invoke.MethodType$ConcurrentWeakInternSet.add(Ljava/lang/Object;)Ljava/lang/Object; @ 47 c2
Event: 24.975 Thread 0x000000002a551000 Uncommon trap: reason=unstable_if action=reinterpret pc=0x00000000130ae430 method=java.util.zip.InflaterInputStream.read([BII)I @ 41 c2
Event: 26.167 Thread 0x000000002a54a800 Uncommon trap: reason=unstable_if action=reinterpret pc=0x0000000013069014 method=java.util.concurrent.ConcurrentHashMap.addCount(JI)V @ 168 c2
Event: 26.168 Thread 0x000000002a54a800 Uncommon trap: reason=unstable_if action=reinterpret pc=0x000000001307cacc method=java.util.concurrent.ConcurrentHashMap.transfer([Ljava/util/concurrent/ConcurrentHashMap$Node;[Ljava/util/concurrent/ConcurrentHashMap$Node;)V @ 34 c2
Event: 26.168 Thread 0x00000000208db800 Uncommon trap: reason=unstable_if action=reinterpret pc=0x000000001307cbf4 method=java.util.concurrent.ConcurrentHashMap.transfer([Ljava/util/concurrent/ConcurrentHashMap$Node;[Ljava/util/concurrent/ConcurrentHashMap$Node;)V @ 273 c2
Event: 26.168 Thread 0x00000000208db800 Uncommon trap: reason=unstable_if action=reinterpret pc=0x0000000013069014 method=java.util.concurrent.ConcurrentHashMap.addCount(JI)V @ 168 c2
Event: 26.327 Thread 0x000000002a550800 Uncommon trap: reason=unstable_if action=reinterpret pc=0x00000000131546cc method=io.github.classgraph.utils.InputStreamOrByteBufferAdapter.readString(IZZ)Ljava/lang/String; @ 484 c2
Event: 27.076 Thread 0x000000002a551000 Uncommon trap: reason=unstable_if action=reinterpret pc=0x00000000131517b0 method=io.github.classgraph.utils.InputStreamOrByteBufferAdapter.readUnsignedByte()I @ 10 c2

Classes redefined (0 events):
No events

Internal exceptions (10 events):
Event: 22.100 Thread 0x00000000278ab800 Exception <a 'java/lang/NoSuchMethodError'{0x00000000e3bc48c8}: java.lang.invoke.DirectMethodHandle$Holder.invokeStatic(Ljava/lang/Object;J)V> (0x00000000e3bc48c8) thrown at [t:/workspace/open/src/hotspot/share/interpreter/linkResolver.cpp, line 772]
Event: 22.102 Thread 0x00000000278ab800 Exception <a 'java/lang/NoSuchMethodError'{0x00000000e3bc9818}: java.lang.invoke.DirectMethodHandle$Holder.invokeStatic(Ljava/lang/Object;J)Ljava/lang/Object;> (0x00000000e3bc9818) thrown at [t:/workspace/open/src/hotspot/share/interpreter/linkResolver.cp
Event: 22.103 Thread 0x00000000278ab800 Exception <a 'java/lang/NoSuchMethodError'{0x00000000e3bcc8c0}: java.lang.invoke.Invokers$Holder.linkToTargetMethod(JLjava/lang/Object;)Ljava/lang/Object;> (0x00000000e3bcc8c0) thrown at [t:/workspace/open/src/hotspot/share/interpreter/linkResolver.cpp, l
Event: 22.520 Thread 0x00000000278ab800 Exception <a 'java/lang/NoSuchMethodError'{0x00000000e3a228e0}: java.lang.invoke.DirectMethodHandle$Holder.invokeStatic(Ljava/lang/Object;Ljava/lang/Object;JLjava/lang/Object;)Ljava/lang/Object;> (0x00000000e3a228e0) thrown at [t:/workspace/open/src/hotsp
Event: 22.521 Thread 0x00000000278ab800 Exception <a 'java/lang/NoSuchMethodError'{0x00000000e3a25980}: java.lang.invoke.DirectMethodHandle$Holder.invokeStaticInit(Ljava/lang/Object;Ljava/lang/Object;JLjava/lang/Object;)Ljava/lang/Object;> (0x00000000e3a25980) thrown at [t:/workspace/open/src/h
Event: 23.283 Thread 0x0000000020c1e000 Exception <a 'java/lang/NoSuchMethodError'{0x00000000e3f50538}: java.lang.invoke.DirectMethodHandle$Holder.invokeStatic(Ljava/lang/Object;Ljava/lang/Object;)D> (0x00000000e3f50538) thrown at [t:/workspace/open/src/hotspot/share/interpreter/linkResolver.cp
Event: 23.355 Thread 0x0000000020c1e000 Exception <a 'java/lang/NoSuchMethodError'{0x00000000e3f6efd0}: java.lang.invoke.DirectMethodHandle$Holder.invokeStatic(Ljava/lang/Object;Ljava/lang/Object;D)V> (0x00000000e3f6efd0) thrown at [t:/workspace/open/src/hotspot/share/interpreter/linkResolver.c
Event: 24.075 Thread 0x0000000020c1e000 Exception <a 'java/lang/NoSuchMethodError'{0x00000000e3ebcc88}: java.lang.invoke.DirectMethodHandle$Holder.invokeStatic(Ljava/lang/Object;Ljava/lang/Object;I)V> (0x00000000e3ebcc88) thrown at [t:/workspace/open/src/hotspot/share/interpreter/linkResolver.c
Event: 24.169 Thread 0x00000000278ae000 Exception <a 'java/lang/NoSuchMethodError'{0x00000000e3dac2a8}: java.lang.invoke.DirectMethodHandle$Holder.invokeSpecialIFC(Ljava/lang/Object;Ljava/lang/Object;I)I> (0x00000000e3dac2a8) thrown at [t:/workspace/open/src/hotspot/share/interpreter/linkResolv
Event: 27.465 Thread 0x00000000208db800 Exception <a 'java/lang/NullPointerException'{0x00000000e795e9f0}> (0x00000000e795e9f0) thrown at [t:/workspace/open/src/hotspot/share/interpreter/linkResolver.cpp, line 1436]

Events (10 events):
Event: 27.076 Thread 0x000000002a551000 DEOPT PACKING pc=0x00000000131517b0 sp=0x000000003135f060
Event: 27.076 Thread 0x000000002a551000 DEOPT UNPACKING pc=0x000000000b508329 sp=0x000000003135eff8 mode 2
Event: 27.465 loading class java/lang/Throwable$WrappedPrintStream
Event: 27.466 loading class java/lang/Throwable$PrintStreamOrWriter
Event: 27.466 loading class java/lang/Throwable$PrintStreamOrWriter done
Event: 27.467 loading class java/lang/Throwable$WrappedPrintStream done
Event: 27.468 loading class java/lang/StackTraceElement$HashedModules
Event: 27.469 loading class java/lang/StackTraceElement$HashedModules done
Event: 27.477 Executing VM operation: RevokeBias
Event: 27.478 Executing VM operation: RevokeBias done


Dynamic libraries:
0x0000000000400000 - 0x00000000004d5000 	C:\Program Files\Greenfoot\Greenfoot.exe
0x00007ff899700000 - 0x00007ff8998f0000 	C:\WINDOWS\SYSTEM32\ntdll.dll
0x00007ff8988d0000 - 0x00007ff898982000 	C:\WINDOWS\System32\KERNEL32.DLL
0x00007ff897000000 - 0x00007ff8972a5000 	C:\WINDOWS\System32\KERNELBASE.dll
0x00007ff898830000 - 0x00007ff8988ce000 	C:\WINDOWS\System32\msvcrt.dll
0x00007ff897f90000 - 0x00007ff898678000 	C:\WINDOWS\System32\SHELL32.dll
0x00007ff897380000 - 0x00007ff89747a000 	C:\WINDOWS\System32\ucrtbase.dll
0x00007ff8974b0000 - 0x00007ff8974fa000 	C:\WINDOWS\System32\cfgmgr32.dll
0x00007ff899610000 - 0x00007ff8996b7000 	C:\WINDOWS\System32\shcore.dll
0x00007ff898b40000 - 0x00007ff898c5f000 	C:\WINDOWS\System32\RPCRT4.dll
0x00007ff898cc0000 - 0x00007ff898ff7000 	C:\WINDOWS\System32\combase.dll
0x00007ff897530000 - 0x00007ff8975b1000 	C:\WINDOWS\System32\bcryptPrimitives.dll
0x00007ff896820000 - 0x00007ff896f9b000 	C:\WINDOWS\System32\windows.storage.dll
0x00007ff897710000 - 0x00007ff8977ae000 	C:\WINDOWS\System32\msvcp_win.dll
0x00007ff897850000 - 0x00007ff8978e7000 	C:\WINDOWS\System32\sechost.dll
0x00007ff897900000 - 0x00007ff8979a3000 	C:\WINDOWS\System32\advapi32.dll
0x00007ff896630000 - 0x00007ff896653000 	C:\WINDOWS\System32\profapi.dll
0x00007ff8965e0000 - 0x00007ff89662a000 	C:\WINDOWS\System32\powrprof.dll
0x00007ff8965b0000 - 0x00007ff8965c0000 	C:\WINDOWS\System32\UMPDC.dll
0x00007ff8977f0000 - 0x00007ff897842000 	C:\WINDOWS\System32\shlwapi.dll
0x00007ff898c60000 - 0x00007ff898c86000 	C:\WINDOWS\System32\GDI32.dll
0x00007ff897480000 - 0x00007ff8974a1000 	C:\WINDOWS\System32\win32u.dll
0x00007ff896680000 - 0x00007ff896818000 	C:\WINDOWS\System32\gdi32full.dll
0x00007ff897ae0000 - 0x00007ff897c74000 	C:\WINDOWS\System32\USER32.dll
0x00007ff8965c0000 - 0x00007ff8965d1000 	C:\WINDOWS\System32\kernel.appcore.dll
0x00007ff8972b0000 - 0x00007ff8972c7000 	C:\WINDOWS\System32\cryptsp.dll
0x00007ff88cf10000 - 0x00007ff88cf1a000 	C:\WINDOWS\SYSTEM32\VERSION.dll
0x00007ff8977b0000 - 0x00007ff8977de000 	C:\WINDOWS\System32\IMM32.DLL
0x00007ff84e370000 - 0x00007ff84ee93000 	C:\Program Files\Greenfoot\jdk\bin\server\jvm.dll
0x00007ff898cb0000 - 0x00007ff898cb8000 	C:\WINDOWS\System32\PSAPI.DLL
0x00007ff873210000 - 0x00007ff873226000 	C:\Program Files\Greenfoot\jdk\bin\VCRUNTIME140.dll
0x00007ff88c760000 - 0x00007ff88c784000 	C:\WINDOWS\SYSTEM32\WINMM.dll
0x00007ff895090000 - 0x00007ff895099000 	C:\WINDOWS\SYSTEM32\WSOCK32.dll
0x00007ff899130000 - 0x00007ff89919f000 	C:\WINDOWS\System32\WS2_32.dll
0x00007ff88c730000 - 0x00007ff88c75d000 	C:\WINDOWS\SYSTEM32\WINMMBASE.dll
0x00007ff86d1a0000 - 0x00007ff86d1b1000 	C:\Program Files\Greenfoot\jdk\bin\verify.dll
0x00007ff894e60000 - 0x00007ff895054000 	C:\WINDOWS\SYSTEM32\DBGHELP.DLL
0x00007ff88f4e0000 - 0x00007ff88f50a000 	C:\WINDOWS\SYSTEM32\dbgcore.DLL
0x00007ff866000000 - 0x00007ff866028000 	C:\Program Files\Greenfoot\jdk\bin\java.dll
0x00007ff86cba0000 - 0x00007ff86cbb6000 	C:\Program Files\Greenfoot\jdk\bin\zip.dll
0x00007ff8845e0000 - 0x00007ff8845ea000 	C:\Program Files\Greenfoot\jdk\bin\jimage.dll
0x00007ff874240000 - 0x00007ff874259000 	C:\Program Files\Greenfoot\jdk\bin\net.dll
0x00007ff891710000 - 0x00007ff891800000 	C:\WINDOWS\SYSTEM32\WINHTTP.dll
0x00007ff889c70000 - 0x00007ff889e46000 	C:\WINDOWS\SYSTEM32\urlmon.dll
0x00007ff88a530000 - 0x00007ff88a7d7000 	C:\WINDOWS\SYSTEM32\iertutil.dll
0x00007ff895f60000 - 0x00007ff895f6c000 	C:\WINDOWS\SYSTEM32\CRYPTBASE.DLL
0x00007ff895d90000 - 0x00007ff895df7000 	C:\WINDOWS\system32\mswsock.dll
0x00007ff866f00000 - 0x00007ff866f13000 	C:\Program Files\Greenfoot\jdk\bin\nio.dll
0x0000000180000000 - 0x0000000180003000 	C:\Program Files\Greenfoot\lib\javafx\bin\api-ms-win-core-console-l1-1-0.dll
0x0000000021220000 - 0x0000000021223000 	C:\Program Files\Greenfoot\lib\javafx\bin\api-ms-win-core-datetime-l1-1-0.dll
0x0000000021230000 - 0x0000000021233000 	C:\Program Files\Greenfoot\lib\javafx\bin\api-ms-win-core-debug-l1-1-0.dll
0x0000000021240000 - 0x0000000021243000 	C:\Program Files\Greenfoot\lib\javafx\bin\api-ms-win-core-errorhandling-l1-1-0.dll
0x0000000021250000 - 0x0000000021254000 	C:\Program Files\Greenfoot\lib\javafx\bin\api-ms-win-core-file-l1-1-0.dll
0x0000000021260000 - 0x0000000021263000 	C:\Program Files\Greenfoot\lib\javafx\bin\api-ms-win-core-file-l1-2-0.dll
0x0000000021270000 - 0x0000000021273000 	C:\Program Files\Greenfoot\lib\javafx\bin\api-ms-win-core-file-l2-1-0.dll
0x0000000021280000 - 0x0000000021283000 	C:\Program Files\Greenfoot\lib\javafx\bin\api-ms-win-core-handle-l1-1-0.dll
0x0000000021290000 - 0x0000000021293000 	C:\Program Files\Greenfoot\lib\javafx\bin\api-ms-win-core-heap-l1-1-0.dll
0x00000000212a0000 - 0x00000000212a3000 	C:\Program Files\Greenfoot\lib\javafx\bin\api-ms-win-core-interlocked-l1-1-0.dll
0x00000000212b0000 - 0x00000000212b3000 	C:\Program Files\Greenfoot\lib\javafx\bin\api-ms-win-core-libraryloader-l1-1-0.dll
0x00000000212c0000 - 0x00000000212c3000 	C:\Program Files\Greenfoot\lib\javafx\bin\api-ms-win-core-localization-l1-2-0.dll
0x00000000212d0000 - 0x00000000212d3000 	C:\Program Files\Greenfoot\lib\javafx\bin\api-ms-win-core-memory-l1-1-0.dll
0x00000000212e0000 - 0x00000000212e3000 	C:\Program Files\Greenfoot\lib\javafx\bin\api-ms-win-core-namedpipe-l1-1-0.dll
0x00000000212f0000 - 0x00000000212f3000 	C:\Program Files\Greenfoot\lib\javafx\bin\api-ms-win-core-processenvironment-l1-1-0.dll
0x0000000021300000 - 0x0000000021303000 	C:\Program Files\Greenfoot\lib\javafx\bin\api-ms-win-core-processthreads-l1-1-0.dll
0x0000000021310000 - 0x0000000021313000 	C:\Program Files\Greenfoot\lib\javafx\bin\api-ms-win-core-processthreads-l1-1-1.dll
0x0000000021320000 - 0x0000000021323000 	C:\Program Files\Greenfoot\lib\javafx\bin\api-ms-win-core-profile-l1-1-0.dll
0x0000000021330000 - 0x0000000021333000 	C:\Program Files\Greenfoot\lib\javafx\bin\api-ms-win-core-rtlsupport-l1-1-0.dll
0x0000000021340000 - 0x0000000021343000 	C:\Program Files\Greenfoot\lib\javafx\bin\api-ms-win-core-string-l1-1-0.dll
0x0000000021350000 - 0x0000000021353000 	C:\Program Files\Greenfoot\lib\javafx\bin\api-ms-win-core-synch-l1-1-0.dll
0x0000000021360000 - 0x0000000021363000 	C:\Program Files\Greenfoot\lib\javafx\bin\api-ms-win-core-synch-l1-2-0.dll
0x0000000021370000 - 0x0000000021373000 	C:\Program Files\Greenfoot\lib\javafx\bin\api-ms-win-core-sysinfo-l1-1-0.dll
0x0000000021380000 - 0x0000000021383000 	C:\Program Files\Greenfoot\lib\javafx\bin\api-ms-win-core-timezone-l1-1-0.dll
0x0000000021390000 - 0x0000000021393000 	C:\Program Files\Greenfoot\lib\javafx\bin\api-ms-win-core-util-l1-1-0.dll
0x00000000213a0000 - 0x00000000213a3000 	C:\Program Files\Greenfoot\lib\javafx\bin\api-ms-win-crt-conio-l1-1-0.dll
0x00000000213b0000 - 0x00000000213b4000 	C:\Program Files\Greenfoot\lib\javafx\bin\api-ms-win-crt-convert-l1-1-0.dll
0x00000000213c0000 - 0x00000000213c3000 	C:\Program Files\Greenfoot\lib\javafx\bin\api-ms-win-crt-environment-l1-1-0.dll
0x00000000213d0000 - 0x00000000213d3000 	C:\Program Files\Greenfoot\lib\javafx\bin\api-ms-win-crt-filesystem-l1-1-0.dll
0x00000000213e0000 - 0x00000000213e3000 	C:\Program Files\Greenfoot\lib\javafx\bin\api-ms-win-crt-heap-l1-1-0.dll
0x00000000213f0000 - 0x00000000213f3000 	C:\Program Files\Greenfoot\lib\javafx\bin\api-ms-win-crt-locale-l1-1-0.dll
0x0000000021400000 - 0x0000000021405000 	C:\Program Files\Greenfoot\lib\javafx\bin\api-ms-win-crt-math-l1-1-0.dll
0x0000000021410000 - 0x0000000021415000 	C:\Program Files\Greenfoot\lib\javafx\bin\api-ms-win-crt-multibyte-l1-1-0.dll
0x0000000021420000 - 0x0000000021430000 	C:\Program Files\Greenfoot\lib\javafx\bin\api-ms-win-crt-private-l1-1-0.dll
0x0000000021430000 - 0x0000000021433000 	C:\Program Files\Greenfoot\lib\javafx\bin\api-ms-win-crt-process-l1-1-0.dll
0x0000000021440000 - 0x0000000021444000 	C:\Program Files\Greenfoot\lib\javafx\bin\api-ms-win-crt-runtime-l1-1-0.dll
0x0000000021450000 - 0x0000000021454000 	C:\Program Files\Greenfoot\lib\javafx\bin\api-ms-win-crt-stdio-l1-1-0.dll
0x0000000021460000 - 0x0000000021464000 	C:\Program Files\Greenfoot\lib\javafx\bin\api-ms-win-crt-string-l1-1-0.dll
0x0000000021470000 - 0x0000000021473000 	C:\Program Files\Greenfoot\lib\javafx\bin\api-ms-win-crt-time-l1-1-0.dll
0x0000000021480000 - 0x0000000021483000 	C:\Program Files\Greenfoot\lib\javafx\bin\api-ms-win-crt-utility-l1-1-0.dll
0x00007ff85b910000 - 0x00007ff85ba0a000 	C:\Program Files\Greenfoot\lib\javafx\bin\ucrtbase.dll
0x00007ff8742a0000 - 0x00007ff8742b6000 	C:\Program Files\Greenfoot\lib\javafx\bin\vcruntime140.dll
0x00007ff859fc0000 - 0x00007ff85a066000 	C:\Program Files\Greenfoot\lib\javafx\bin\msvcp140.dll
0x00007ff858d20000 - 0x00007ff858d71000 	C:\Program Files\Greenfoot\lib\javafx\bin\concrt140.dll
0x00007ff874270000 - 0x00007ff874293000 	C:\Program Files\Greenfoot\lib\javafx\bin\prism_d3d.dll
0x00007ff8672b0000 - 0x00007ff867477000 	C:\WINDOWS\system32\d3d9.dll
0x00007ff894af0000 - 0x00007ff894b1d000 	C:\WINDOWS\SYSTEM32\dwmapi.dll
0x00007ff895260000 - 0x00007ff895280000 	C:\WINDOWS\SYSTEM32\dxcore.dll
0x00007ff894500000 - 0x00007ff894599000 	C:\WINDOWS\system32\uxtheme.dll
0x00007ff8867d0000 - 0x00007ff886f11000 	C:\WINDOWS\SYSTEM32\d3d10warp.dll
0x00007ff85c400000 - 0x00007ff85c445000 	C:\Program Files\Greenfoot\lib\javafx\bin\glass.dll
0x00007ff897a10000 - 0x00007ff897ae0000 	C:\WINDOWS\System32\COMDLG32.dll
0x00007ff897d30000 - 0x00007ff897e87000 	C:\WINDOWS\System32\ole32.dll
0x00007ff899060000 - 0x00007ff899125000 	C:\WINDOWS\System32\OLEAUT32.dll
0x00007ff88d660000 - 0x00007ff88d709000 	C:\WINDOWS\WinSxS\amd64_microsoft.windows.common-controls_6595b64144ccf1df_5.82.18362.1316_none_73b62828d8134176\COMCTL32.dll
0x00007ff898990000 - 0x00007ff898ac5000 	C:\WINDOWS\System32\MSCTF.dll
0x00007ff84fc30000 - 0x00007ff84fdce000 	C:\Program Files\Greenfoot\jdk\bin\awt.dll
0x00007ff892f80000 - 0x00007ff893540000 	C:\WINDOWS\SYSTEM32\d2d1.dll
0x00007ff894450000 - 0x00007ff8944df000 	C:\WINDOWS\SYSTEM32\apphelp.dll
0x00007ff865fb0000 - 0x00007ff865fc4000 	C:\Program Files\Greenfoot\lib\javafx\bin\javafx_font.dll
0x00007ff87df10000 - 0x00007ff87e20e000 	C:\WINDOWS\SYSTEM32\dwrite.dll
0x00007ff884860000 - 0x00007ff884ae4000 	C:\WINDOWS\WinSxS\amd64_microsoft.windows.common-controls_6595b64144ccf1df_6.0.18362.1316_none_9e7a364fe461dbd7\comctl32.dll
0x00007ff889fe0000 - 0x00007ff88a18f000 	C:\WINDOWS\SYSTEM32\WindowsCodecs.dll
0x00007ff8857c0000 - 0x00007ff8857fb000 	C:\WINDOWS\system32\dataexchange.dll
0x00007ff893560000 - 0x00007ff8937bb000 	C:\WINDOWS\system32\d3d11.dll
0x00007ff895280000 - 0x00007ff89536b000 	C:\WINDOWS\system32\dxgi.dll
0x00007ff893850000 - 0x00007ff893a2d000 	C:\WINDOWS\system32\dcomp.dll
0x00007ff8945e0000 - 0x00007ff89483a000 	C:\WINDOWS\system32\twinapi.appcore.dll
0x00007ff894920000 - 0x00007ff894949000 	C:\WINDOWS\system32\RMCLIENT.dll
0x00007ff862ec0000 - 0x00007ff862ef3000 	C:\Program Files\Common Files\Microsoft Shared\Ink\rtscom.dll
0x00007ff88ada0000 - 0x00007ff88ae3d000 	C:\WINDOWS\System32\TextInputFramework.dll
0x00007ff893ed0000 - 0x00007ff893fa4000 	C:\WINDOWS\System32\CoreMessaging.dll
0x00007ff88b930000 - 0x00007ff88bc5a000 	C:\WINDOWS\System32\CoreUIComponents.dll
0x00007ff891d50000 - 0x00007ff891ea2000 	C:\WINDOWS\SYSTEM32\wintypes.dll
0x00007ff8955f0000 - 0x00007ff895621000 	C:\WINDOWS\SYSTEM32\ntmarta.dll
0x00007ff880590000 - 0x00007ff8806e6000 	C:\WINDOWS\system32\opengl32.dll
0x00007ff88d3e0000 - 0x00007ff88d40c000 	C:\WINDOWS\SYSTEM32\GLU32.dll
0x00007ff895ae0000 - 0x00007ff895bab000 	C:\WINDOWS\SYSTEM32\DNSAPI.dll
0x00007ff8978f0000 - 0x00007ff8978f8000 	C:\WINDOWS\System32\NSI.dll
0x00007ff895aa0000 - 0x00007ff895ada000 	C:\WINDOWS\SYSTEM32\IPHLPAPI.DLL

dbghelp: loaded successfully - version: 4.0.5 - missing functions: none
symbol engine: initialized successfully - sym options: 0x614 - pdb path: .;C:\Program Files\Greenfoot;C:\WINDOWS\SYSTEM32;C:\Program Files\Greenfoot\jdk\bin\server;C:\Program Files\Greenfoot\jdk\bin;C:\Program Files\Greenfoot\lib\javafx\bin;C:\WINDOWS\WinSxS\amd64_microsoft.windows.common-controls_6595b64144ccf1df_5.82.18362.1316_none_73b62828d8134176;C:\WINDOWS\WinSxS\amd64_microsoft.windows.common-controls_6595b64144ccf1df_6.0.18362.1316_none_9e7a364fe461dbd7;C:\Program Files\Common Files\Microsoft Shared\Ink

VM Arguments:
jvm_args: -Djavafx.embed.singleThread=true 
java_command: <unknown>
java_class_path (initial): C:\Program Files\Greenfoot\lib\bluej.jar;C:\Program Files\Greenfoot\lib\javafx\lib\javafx.base.jar;C:\Program Files\Greenfoot\lib\javafx\lib\javafx.controls.jar;C:\Program Files\Greenfoot\lib\javafx\lib\javafx.fxml.jar;C:\Program Files\Greenfoot\lib\javafx\lib\javafx.graphics.jar;C:\Program Files\Greenfoot\lib\javafx\lib\javafx.media.jar;C:\Program Files\Greenfoot\lib\javafx\lib\javafx.properties.jar;C:\Program Files\Greenfoot\lib\javafx\lib\javafx.swing.jar;C:\Program Files\Greenfoot\lib\javafx\lib\javafx.web.jar
Launcher Type: generic

[Global flags]
     intx CICompilerCount                          = 3                                         {product} {ergonomic}
     uint ConcGCThreads                            = 1                                         {product} {ergonomic}
     uint G1ConcRefinementThreads                  = 4                                         {product} {ergonomic}
   size_t G1HeapRegionSize                         = 1048576                                   {product} {ergonomic}
    uintx GCDrainStackTargetSize                   = 64                                        {product} {ergonomic}
   size_t InitialHeapSize                          = 31457280                                  {product} {ergonomic}
   size_t MarkStackSize                            = 4194304                                   {product} {ergonomic}
   size_t MaxHeapSize                              = 501219328                                 {product} {ergonomic}
   size_t MaxNewSize                               = 299892736                                 {product} {ergonomic}
   size_t MinHeapDeltaBytes                        = 1048576                                   {product} {ergonomic}
    uintx NonNMethodCodeHeapSize                   = 5830092                                {pd product} {ergonomic}
    uintx NonProfiledCodeHeapSize                  = 122914074                              {pd product} {ergonomic}
    uintx ProfiledCodeHeapSize                     = 122914074                              {pd product} {ergonomic}
    uintx ReservedCodeCacheSize                    = 251658240                              {pd product} {ergonomic}
     bool SegmentedCodeCache                       = true                                      {product} {ergonomic}
     bool UseCompressedClassPointers               = true                                 {lp64_product} {ergonomic}
     bool UseCompressedOops                        = true                                 {lp64_product} {ergonomic}
     bool UseG1GC                                  = true                                      {product} {ergonomic}
     bool UseLargePagesIndividualAllocation        = false                                  {pd product} {ergonomic}

Logging:
Log output configuration:
 #0: stdout all=warning uptime,level,tags
 #1: stderr all=off uptime,level,tags

Environment Variables:
PATH=C:\Program Files\Common Files\Oracle\Java\javapath;C:\WINDOWS\system32;C:\WINDOWS;C:\WINDOWS\System32\Wbem;C:\WINDOWS\System32\WindowsPowerShell\v1.0\;C:\WINDOWS\System32\OpenSSH\;C:\Users\CAMILLY\AppData\Local\Microsoft\WindowsApps;
USERNAME=CAMILLY
OS=Windows_NT
PROCESSOR_IDENTIFIER=Intel64 Family 6 Model 76 Stepping 4, GenuineIntel



---------------  S Y S T E M  ---------------

OS: Windows 10 , 64 bit Build 18362 (10.0.18362.1316)

CPU:total 4 (initial active 4) (4 cores per cpu, 1 threads per core) family 6 model 76 stepping 4, cmov, cx8, fxsr, mmx, sse, sse2, sse3, ssse3, sse4.1, sse4.2, popcnt, aes, clmul, erms, 3dnowpref, tsc, tscinvbit

Memory: 4k page, system-wide physical 1908M (308M free)
TotalPageFile size 5559M (AvailPageFile size 2M)
current process WorkingSet (physical memory assigned to process): 224M, peak: 224M
current process commit charge ("private bytes"): 285M, peak: 286M

vm_info: OpenJDK 64-Bit Server VM (11.0.2+9) for windows-amd64 JRE (11.0.2+9), built on Jan 18 2019 05:23:22 by "mach5one" with MS VC++ 15.5 (VS2017)

END.
