#
# There is insufficient memory for the Java Runtime Environment to continue.
# Native memory allocation (mmap) failed to map 75497472 bytes for Failed to commit area from 0x00000000e6a00000 to 0x00000000eb200000 of length 75497472.
# Possible reasons:
#   The system is out of physical RAM or swap space
#   The process is running with CompressedOops enabled, and the Java Heap may be blocking the growth of the native heap
# Possible solutions:
#   Reduce memory load on the system
#   Increase physical memory or swap space
#   Check if swap backing store is full
#   Decrease Java heap size (-Xmx/-Xms)
#   Decrease number of Java threads
#   Decrease Java thread stack sizes (-Xss)
#   Set larger code cache with -XX:ReservedCodeCacheSize=
#   JVM is running with Unscaled Compressed Oops mode in which the Java heap is
#     placed in the first 4GB address space. The Java Heap base address is the
#     maximum limit for the native heap growth. Please use -XX:HeapBaseMinAddress
#     to set the Java Heap base and to place the Java Heap above 4GB virtual address.
# This output file may be truncated or incomplete.
#
#  Out of Memory Error (t:/workspace/open/src/hotspot/os/windows/os_windows.cpp:3269), pid=2400, tid=9100
#
# JRE version: OpenJDK Runtime Environment (11.0.2+9) (build 11.0.2+9)
# Java VM: OpenJDK 64-Bit Server VM (11.0.2+9, mixed mode, tiered, compressed oops, g1 gc, windows-amd64)
# No core dump will be written. Minidumps are not enabled by default on client versions of Windows
#

---------------  S U M M A R Y ------------

Command Line: -Djavafx.embed.singleThread=true 

Host: Intel(R) Atom(TM) x5-Z8350  CPU @ 1.44GHz, 4 cores, 1G,  Windows 10 , 64 bit Build 18362 (10.0.18362.1316)
Time: Thu Mar 11 20:03:09 2021 Hora oficial do Brasil elapsed time: 23 seconds (0d 0h 0m 23s)

---------------  T H R E A D  ---------------

Current thread (0x000000001ed40000):  VMThread "VM Thread" [stack: 0x000000001ee10000,0x000000001f010000] [id=9100]

Stack: [0x000000001ee10000,0x000000001f010000]
[error occurred during error reporting (printing stack bounds), id 0xc0000005, EXCEPTION_ACCESS_VIOLATION (0xc0000005) at pc=0x000000000b5e0bbd]

Native frames: (J=compiled Java code, j=interpreted, Vv=VM code, C=native code)
V  [jvm.dll+0x63489a]
V  [jvm.dll+0x771f9f]
V  [jvm.dll+0x773648]
V  [jvm.dll+0x773c65]
V  [jvm.dll+0x773c1b]
V  [jvm.dll+0x633fa6]
V  [jvm.dll+0x634368]
C  [ntdll.dll+0xa184f]
C  [ntdll.dll+0x6a889]
C  [ntdll.dll+0xa04be]
C  0x000000000b5e0bbd

VM_Operation (0x000000002168d370): G1CollectForAllocation, mode: safepoint, requested by thread 0x0000000020a04000


---------------  P R O C E S S  ---------------

Threads class SMR info:
_java_thread_list=0x0000000028039d70, length=36, elements={
0x00000000032e0000, 0x000000001ed6a000, 0x000000001ed74000, 0x000000001edd0000,
0x000000001edd3800, 0x000000001ed82800, 0x000000001ed86800, 0x000000001ede1800,
0x000000002007d800, 0x0000000020088800, 0x000000002031e800, 0x0000000020a04000,
0x0000000020c82000, 0x0000000020bc5000, 0x0000000021113800, 0x0000000020c7e800,
0x0000000021e2b800, 0x0000000020f4b800, 0x0000000022ad0800, 0x0000000022acf800,
0x0000000022aca800, 0x0000000022ad1000, 0x0000000022ace000, 0x0000000022acc800,
0x0000000022acd000, 0x0000000022acb800, 0x0000000022acf000, 0x0000000027f81800,
0x0000000027f84000, 0x0000000027f84800, 0x0000000027f82000, 0x0000000027f85800,
0x0000000027f80000, 0x0000000027f86800, 0x0000000027f83000, 0x00000000221a5800
}

Java Threads: ( => current thread )
  0x00000000032e0000 JavaThread "main" [_thread_blocked, id=13672, stack(0x00000000004e0000,0x00000000006e0000)]
  0x000000001ed6a000 JavaThread "Reference Handler" daemon [_thread_blocked, id=15076, stack(0x000000001f010000,0x000000001f210000)]
  0x000000001ed74000 JavaThread "Finalizer" daemon [_thread_blocked, id=8692, stack(0x000000001f210000,0x000000001f410000)]
  0x000000001edd0000 JavaThread "Signal Dispatcher" daemon [_thread_blocked, id=11824, stack(0x000000001f520000,0x000000001f720000)]
  0x000000001edd3800 JavaThread "Attach Listener" daemon [_thread_blocked, id=16196, stack(0x000000001f720000,0x000000001f920000)]
  0x000000001ed82800 JavaThread "C2 CompilerThread0" daemon [_thread_blocked, id=6852, stack(0x000000001f920000,0x000000001fb20000)]
  0x000000001ed86800 JavaThread "C1 CompilerThread0" daemon [_thread_blocked, id=9620, stack(0x000000001fb20000,0x000000001fd20000)]
  0x000000001ede1800 JavaThread "Sweeper thread" daemon [_thread_blocked, id=12912, stack(0x000000001fd20000,0x000000001ff20000)]
  0x000000002007d800 JavaThread "Service Thread" daemon [_thread_blocked, id=13732, stack(0x0000000020320000,0x0000000020520000)]
  0x0000000020088800 JavaThread "Common-Cleaner" daemon [_thread_blocked, id=15240, stack(0x0000000020720000,0x0000000020920000)]
  0x000000002031e800 JavaThread "JavaFX-Launcher" [_thread_blocked, id=11844, stack(0x0000000021120000,0x0000000021320000)]
  0x0000000020a04000 JavaThread "QuantumRenderer-0" daemon [_thread_blocked, id=16068, stack(0x0000000021490000,0x0000000021690000)]
  0x0000000020c82000 JavaThread "InvokeLaterDispatcher" daemon [_thread_blocked, id=15612, stack(0x00000000218b0000,0x0000000021ab0000)]
  0x0000000020bc5000 JavaThread "JavaFX Application Thread" [_thread_blocked, id=12564, stack(0x0000000021ab0000,0x0000000021cb0000)]
  0x0000000021113800 JavaThread "Thread-2" daemon [_thread_blocked, id=2964, stack(0x0000000024e80000,0x0000000025080000)]
  0x0000000020c7e800 JavaThread "Java2D Disposer" daemon [_thread_blocked, id=15412, stack(0x00000000253e0000,0x00000000255e0000)]
  0x0000000021e2b800 JavaThread "AWT-Windows" daemon [_thread_in_native, id=9760, stack(0x00000000257e0000,0x00000000259e0000)]
  0x0000000020f4b800 JavaThread "Thread-3" [_thread_blocked, id=4696, stack(0x00000000259e0000,0x0000000025be0000)]
  0x0000000022ad0800 JavaThread "TimerQueue" daemon [_thread_blocked, id=9296, stack(0x0000000029660000,0x0000000029860000)]
  0x0000000022acf800 JavaThread "AWT-Shutdown" [_thread_blocked, id=9128, stack(0x0000000029860000,0x0000000029a60000)]
  0x0000000022aca800 JavaThread "AWT-EventQueue-0" [_thread_blocked, id=5272, stack(0x0000000029080000,0x0000000029280000)]
  0x0000000022ad1000 JavaThread "Prism Font Disposer" daemon [_thread_blocked, id=7940, stack(0x000000002cca0000,0x000000002cea0000)]
  0x0000000022ace000 JavaThread "Thread-6" [_thread_blocked, id=3568, stack(0x000000002b2a0000,0x000000002b4a0000)]
  0x0000000022acc800 JavaThread "Thread-7" [_thread_blocked, id=16344, stack(0x000000002b6a0000,0x000000002b8a0000)]
  0x0000000022acd000 JavaThread "Thread-8" [_thread_blocked, id=6564, stack(0x000000002e9c0000,0x000000002ebc0000)]
  0x0000000022acb800 JavaThread "Timer-0" [_thread_blocked, id=15856, stack(0x000000002ebc0000,0x000000002edc0000)]
  0x0000000022acf000 JavaThread "Cleaner-0" daemon [_thread_blocked, id=8220, stack(0x000000002f7b0000,0x000000002f9b0000)]
  0x0000000027f81800 JavaThread "ClassGraph-worker-0" daemon [_thread_blocked, id=7284, stack(0x00000000309d0000,0x0000000030bd0000)]
  0x0000000027f84000 JavaThread "JDI Internal Event Handler" daemon [_thread_blocked, id=13876, stack(0x0000000030bd0000,0x0000000030dd0000)]
  0x0000000027f84800 JavaThread "JDI Target VM Interface" daemon [_thread_blocked, id=11556, stack(0x0000000030dd0000,0x0000000030fd0000)]
  0x0000000027f82000 JavaThread "ClassGraph-worker-1" daemon [_thread_blocked, id=11484, stack(0x0000000030fd0000,0x00000000311d0000)]
  0x0000000027f85800 JavaThread "ClassGraph-worker-2" daemon [_thread_blocked, id=13660, stack(0x00000000311d0000,0x00000000313d0000)]
  0x0000000027f80000 JavaThread "BlueJ I/O Handler" [_thread_in_native, id=8908, stack(0x00000000317d0000,0x00000000319d0000)]
  0x0000000027f86800 JavaThread "BlueJ I/O Handler" [_thread_in_native, id=12904, stack(0x00000000319d0000,0x0000000031bd0000)]
  0x0000000027f83000 JavaThread "BlueJ I/O Handler" [_thread_blocked, id=6260, stack(0x0000000031bd0000,0x0000000031dd0000)]
  0x00000000221a5800 JavaThread "C2 CompilerThread1" daemon [_thread_blocked, id=8528, stack(0x00000000313d0000,0x00000000315d0000)]

Other Threads:
=>0x000000001ed40000 VMThread "VM Thread" [stack: 0x000000001ee10000,0x000000001f010000] [id=9100]
  0x0000000020081000 WatcherThread [stack: 0x0000000020520000,0x0000000020720000] [id=5080]
  0x00000000032f9000 GCTaskThread "GC Thread#0" [stack: 0x0000000002c80000,0x0000000002e80000] [id=11164]
  0x0000000021cbf000 GCTaskThread "GC Thread#1" [stack: 0x0000000025be0000,0x0000000025de0000] [id=14284]
  0x0000000021cb8800 GCTaskThread "GC Thread#2" [stack: 0x0000000025de0000,0x0000000025fe0000] [id=12088]
  0x0000000021cbe000 GCTaskThread "GC Thread#3" [stack: 0x0000000025fe0000,0x00000000261e0000] [id=14308]
  0x0000000003308800 ConcurrentGCThread "G1 Main Marker" [stack: 0x000000001b7d0000,0x000000001b9d0000] [id=9140]
  0x000000000330e000 ConcurrentGCThread "G1 Conc#0" [stack: 0x000000001b9d0000,0x000000001bbd0000] [id=4496]
  0x000000000333b000 ConcurrentGCThread "G1 Refine#0" [stack: 0x000000001e010000,0x000000001e210000] [id=4044]
  0x000000000333c000 ConcurrentGCThread "G1 Young RemSet Sampling" [stack: 0x000000001e210000,0x000000001e410000] [id=10016]

Threads with active compile tasks:
C2 CompilerThread03537       4       io.github.classgraph.ClassfileBinaryParser::readClassInfoFromClassfileHeader (2310 bytes)
C2 CompilerThread13560   !   4       io.github.classgraph.ClasspathElementZip$1::close (69 bytes)

VM state:at safepoint (normal execution)

VM Mutex/Monitor currently owned by a thread:  ([mutex/lock_event])
[0x00000000032ddb30] Threads_lock - owner thread: 0x000000001ed40000
[0x00000000032de9d0] Heap_lock - owner thread: 0x0000000020a04000

Heap address: 0x00000000e2200000, size: 478 MB, Compressed Oops mode: 32-bit
Narrow klass base: 0x0000000000000000, Narrow klass shift: 3
Compressed class space size: 1073741824 Address: 0x0000000100000000

Heap:
 garbage-first heap   total 147456K, used 24714K [0x00000000e2200000, 0x0000000100000000)
  region size 1024K, 2 young (2048K), 2 survivors (2048K)
 Metaspace       used 46336K, capacity 48650K, committed 48976K, reserved 1091584K
  class space    used 6426K, capacity 7396K, committed 7504K, reserved 1048576K
Heap Regions: E=young(eden), S=young(survivor), O=old, HS=humongous(starts), HC=humongous(continues), CS=collection set, F=free, A=archive, TAMS=top-at-mark-start (previous, next)
|   0|0x00000000e2200000, 0x00000000e2300000, 0x00000000e2300000|100%| O|  |TAMS 0x00000000e2300000, 0x00000000e2200000| Untracked 
|   1|0x00000000e2300000, 0x00000000e2400000, 0x00000000e2400000|100%|HS|  |TAMS 0x00000000e2400000, 0x00000000e2300000| Complete 
|   2|0x00000000e2400000, 0x00000000e2500000, 0x00000000e2500000|100%| O|  |TAMS 0x00000000e2500000, 0x00000000e2400000| Untracked 
|   3|0x00000000e2500000, 0x00000000e2600000, 0x00000000e2600000|100%| O|  |TAMS 0x00000000e2600000, 0x00000000e2500000| Untracked 
|   4|0x00000000e2600000, 0x00000000e2700000, 0x00000000e2700000|100%| O|  |TAMS 0x00000000e2700000, 0x00000000e2600000| Untracked 
|   5|0x00000000e2700000, 0x00000000e2800000, 0x00000000e2800000|100%| O|  |TAMS 0x00000000e2800000, 0x00000000e2700000| Untracked 
|   6|0x00000000e2800000, 0x00000000e2900000, 0x00000000e2900000|100%| O|  |TAMS 0x00000000e2900000, 0x00000000e2800000| Untracked 
|   7|0x00000000e2900000, 0x00000000e2a00000, 0x00000000e2a00000|100%| O|  |TAMS 0x00000000e2a00000, 0x00000000e2900000| Untracked 
|   8|0x00000000e2a00000, 0x00000000e2b00000, 0x00000000e2b00000|100%| O|  |TAMS 0x00000000e2b00000, 0x00000000e2a00000| Untracked 
|   9|0x00000000e2b00000, 0x00000000e2c00000, 0x00000000e2c00000|100%| O|  |TAMS 0x00000000e2c00000, 0x00000000e2b00000| Untracked 
|  10|0x00000000e2c00000, 0x00000000e2d00000, 0x00000000e2d00000|100%| O|  |TAMS 0x00000000e2d00000, 0x00000000e2c00000| Untracked 
|  11|0x00000000e2d00000, 0x00000000e2e00000, 0x00000000e2e00000|100%| O|  |TAMS 0x00000000e2e00000, 0x00000000e2d00000| Untracked 
|  12|0x00000000e2e00000, 0x00000000e2f00000, 0x00000000e2f00000|100%| O|  |TAMS 0x00000000e2f00000, 0x00000000e2e00000| Untracked 
|  13|0x00000000e2f00000, 0x00000000e3000000, 0x00000000e3000000|100%| O|  |TAMS 0x00000000e3000000, 0x00000000e2f00000| Untracked 
|  14|0x00000000e3000000, 0x00000000e3100000, 0x00000000e3100000|100%| O|  |TAMS 0x00000000e3100000, 0x00000000e3000000| Untracked 
|  15|0x00000000e3100000, 0x00000000e3200000, 0x00000000e3200000|100%|HS|  |TAMS 0x00000000e3200000, 0x00000000e3100000| Complete 
|  16|0x00000000e3200000, 0x00000000e3300000, 0x00000000e3300000|100%|HC|  |TAMS 0x00000000e3300000, 0x00000000e3200000| Complete 
|  17|0x00000000e3300000, 0x00000000e3400000, 0x00000000e3400000|100%| O|  |TAMS 0x00000000e3400000, 0x00000000e3300000| Untracked 
|  18|0x00000000e3400000, 0x00000000e3500000, 0x00000000e3500000|100%| O|  |TAMS 0x00000000e3500000, 0x00000000e3400000| Untracked 
|  19|0x00000000e3500000, 0x00000000e3600000, 0x00000000e3600000|100%| O|  |TAMS 0x00000000e3600000, 0x00000000e3500000| Untracked 
|  20|0x00000000e3600000, 0x00000000e3700000, 0x00000000e3700000|100%| O|  |TAMS 0x00000000e3700000, 0x00000000e3600000| Untracked 
|  21|0x00000000e3700000, 0x00000000e3800000, 0x00000000e3800000|100%| O|  |TAMS 0x00000000e3800000, 0x00000000e3700000| Untracked 
|  22|0x00000000e3800000, 0x00000000e3875c00, 0x00000000e3900000| 45%| O|  |TAMS 0x00000000e386a800, 0x00000000e3800000| Untracked 
|  23|0x00000000e3900000, 0x00000000e3900000, 0x00000000e3a00000|  0%| F|  |TAMS 0x00000000e3900000, 0x00000000e3900000| Untracked 
|  24|0x00000000e3a00000, 0x00000000e3a00000, 0x00000000e3b00000|  0%| F|  |TAMS 0x00000000e3a00000, 0x00000000e3a00000| Untracked 
|  25|0x00000000e3b00000, 0x00000000e3b00000, 0x00000000e3c00000|  0%| F|  |TAMS 0x00000000e3b00000, 0x00000000e3b00000| Untracked 
|  26|0x00000000e3c00000, 0x00000000e3c00000, 0x00000000e3d00000|  0%| F|  |TAMS 0x00000000e3c00000, 0x00000000e3c00000| Untracked 
|  27|0x00000000e3d00000, 0x00000000e3d00000, 0x00000000e3e00000|  0%| F|  |TAMS 0x00000000e3d00000, 0x00000000e3d00000| Untracked 
|  28|0x00000000e3e00000, 0x00000000e3e00000, 0x00000000e3f00000|  0%| F|  |TAMS 0x00000000e3e00000, 0x00000000e3e00000| Untracked 
|  29|0x00000000e3f00000, 0x00000000e3f00000, 0x00000000e4000000|  0%| F|  |TAMS 0x00000000e3f00000, 0x00000000e3f00000| Untracked 
|  30|0x00000000e4000000, 0x00000000e4000000, 0x00000000e4100000|  0%| F|  |TAMS 0x00000000e4000000, 0x00000000e4000000| Untracked 
|  31|0x00000000e4100000, 0x00000000e4100000, 0x00000000e4200000|  0%| F|  |TAMS 0x00000000e4100000, 0x00000000e4100000| Untracked 
|  32|0x00000000e4200000, 0x00000000e4200000, 0x00000000e4300000|  0%| F|  |TAMS 0x00000000e4200000, 0x00000000e4200000| Untracked 
|  33|0x00000000e4300000, 0x00000000e4300000, 0x00000000e4400000|  0%| F|  |TAMS 0x00000000e4300000, 0x00000000e4300000| Untracked 
|  34|0x00000000e4400000, 0x00000000e4400000, 0x00000000e4500000|  0%| F|  |TAMS 0x00000000e4400000, 0x00000000e4400000| Untracked 
|  35|0x00000000e4500000, 0x00000000e4500000, 0x00000000e4600000|  0%| F|  |TAMS 0x00000000e4500000, 0x00000000e4500000| Untracked 
|  36|0x00000000e4600000, 0x00000000e4600000, 0x00000000e4700000|  0%| F|  |TAMS 0x00000000e4600000, 0x00000000e4600000| Untracked 
|  37|0x00000000e4700000, 0x00000000e4700000, 0x00000000e4800000|  0%| F|  |TAMS 0x00000000e4700000, 0x00000000e4700000| Untracked 
|  38|0x00000000e4800000, 0x00000000e4800000, 0x00000000e4900000|  0%| F|  |TAMS 0x00000000e4800000, 0x00000000e4800000| Untracked 
|  39|0x00000000e4900000, 0x00000000e4900000, 0x00000000e4a00000|  0%| F|  |TAMS 0x00000000e4900000, 0x00000000e4900000| Untracked 
|  40|0x00000000e4a00000, 0x00000000e4aacd40, 0x00000000e4b00000| 67%| S|CS|TAMS 0x00000000e4a00000, 0x00000000e4a00000| Complete 
|  41|0x00000000e4b00000, 0x00000000e4c00000, 0x00000000e4c00000|100%| S|CS|TAMS 0x00000000e4b00000, 0x00000000e4b00000| Complete 
|  42|0x00000000e4c00000, 0x00000000e4c00000, 0x00000000e4d00000|  0%| F|  |TAMS 0x00000000e4c00000, 0x00000000e4c00000| Untracked 
|  43|0x00000000e4d00000, 0x00000000e4d00000, 0x00000000e4e00000|  0%| F|  |TAMS 0x00000000e4d00000, 0x00000000e4d00000| Untracked 
|  44|0x00000000e4e00000, 0x00000000e4e00000, 0x00000000e4f00000|  0%| F|  |TAMS 0x00000000e4e00000, 0x00000000e4e00000| Untracked 
|  45|0x00000000e4f00000, 0x00000000e4f00000, 0x00000000e5000000|  0%| F|  |TAMS 0x00000000e4f00000, 0x00000000e4f00000| Untracked 
|  46|0x00000000e5000000, 0x00000000e5000000, 0x00000000e5100000|  0%| F|  |TAMS 0x00000000e5000000, 0x00000000e5000000| Untracked 
|  47|0x00000000e5100000, 0x00000000e5100000, 0x00000000e5200000|  0%| F|  |TAMS 0x00000000e5100000, 0x00000000e5100000| Untracked 
|  48|0x00000000e5200000, 0x00000000e5200000, 0x00000000e5300000|  0%| F|  |TAMS 0x00000000e5200000, 0x00000000e5200000| Untracked 
|  49|0x00000000e5300000, 0x00000000e5300000, 0x00000000e5400000|  0%| F|  |TAMS 0x00000000e5300000, 0x00000000e5300000| Untracked 
|  50|0x00000000e5400000, 0x00000000e5400000, 0x00000000e5500000|  0%| F|  |TAMS 0x00000000e5400000, 0x00000000e5400000| Untracked 
|  51|0x00000000e5500000, 0x00000000e5500000, 0x00000000e5600000|  0%| F|  |TAMS 0x00000000e5500000, 0x00000000e5500000| Untracked 
|  52|0x00000000e5600000, 0x00000000e5600000, 0x00000000e5700000|  0%| F|  |TAMS 0x00000000e5600000, 0x00000000e5600000| Untracked 
|  53|0x00000000e5700000, 0x00000000e5700000, 0x00000000e5800000|  0%| F|  |TAMS 0x00000000e5700000, 0x00000000e5700000| Untracked 
|  54|0x00000000e5800000, 0x00000000e5800000, 0x00000000e5900000|  0%| F|  |TAMS 0x00000000e5800000, 0x00000000e5800000| Untracked 
|  55|0x00000000e5900000, 0x00000000e5900000, 0x00000000e5a00000|  0%| F|  |TAMS 0x00000000e5900000, 0x00000000e5900000| Untracked 
|  56|0x00000000e5a00000, 0x00000000e5a00000, 0x00000000e5b00000|  0%| F|  |TAMS 0x00000000e5a00000, 0x00000000e5a00000| Untracked 
|  57|0x00000000e5b00000, 0x00000000e5b00000, 0x00000000e5c00000|  0%| F|  |TAMS 0x00000000e5b00000, 0x00000000e5b00000| Untracked 
|  58|0x00000000e5c00000, 0x00000000e5c00000, 0x00000000e5d00000|  0%| F|  |TAMS 0x00000000e5c00000, 0x00000000e5c00000| Untracked 
|  59|0x00000000e5d00000, 0x00000000e5d00000, 0x00000000e5e00000|  0%| F|  |TAMS 0x00000000e5d00000, 0x00000000e5d00000| Untracked 
|  60|0x00000000e5e00000, 0x00000000e5e00000, 0x00000000e5f00000|  0%| F|  |TAMS 0x00000000e5e00000, 0x00000000e5e00000| Untracked 
|  61|0x00000000e5f00000, 0x00000000e5f00000, 0x00000000e6000000|  0%| F|  |TAMS 0x00000000e5f00000, 0x00000000e5f00000| Untracked 
|  62|0x00000000e6000000, 0x00000000e6000000, 0x00000000e6100000|  0%| F|  |TAMS 0x00000000e6000000, 0x00000000e6000000| Untracked 
|  63|0x00000000e6100000, 0x00000000e6100000, 0x00000000e6200000|  0%| F|  |TAMS 0x00000000e6100000, 0x00000000e6100000| Untracked 
|  64|0x00000000e6200000, 0x00000000e6200000, 0x00000000e6300000|  0%| F|  |TAMS 0x00000000e6200000, 0x00000000e6200000| Untracked 
|  65|0x00000000e6300000, 0x00000000e6300000, 0x00000000e6400000|  0%| F|  |TAMS 0x00000000e6300000, 0x00000000e6300000| Untracked 
|  66|0x00000000e6400000, 0x00000000e6400000, 0x00000000e6500000|  0%| F|  |TAMS 0x00000000e6400000, 0x00000000e6400000| Untracked 
|  67|0x00000000e6500000, 0x00000000e6500000, 0x00000000e6600000|  0%| F|  |TAMS 0x00000000e6500000, 0x00000000e6500000| Untracked 
|  68|0x00000000e6600000, 0x00000000e6600000, 0x00000000e6700000|  0%| F|  |TAMS 0x00000000e6600000, 0x00000000e6600000| Untracked 
|  69|0x00000000e6700000, 0x00000000e6700000, 0x00000000e6800000|  0%| F|  |TAMS 0x00000000e6700000, 0x00000000e6700000| Untracked 
|  70|0x00000000e6800000, 0x00000000e6800000, 0x00000000e6900000|  0%| F|  |TAMS 0x00000000e6800000, 0x00000000e6800000| Untracked 
|  71|0x00000000e6900000, 0x00000000e6900000, 0x00000000e6a00000|  0%| F|  |TAMS 0x00000000e6900000, 0x00000000e6900000| Untracked 

Card table byte_map: [0x000000001a6f0000,0x000000001a7e0000] _byte_map_base: 0x0000000019fdf000

Marking Bits (Prev, Next): (CMBitMap*) 0x0000000003305b48, (CMBitMap*) 0x0000000003305b80
 Prev Bits: [0x000000001a8d0000, 0x000000001b048000)
 Next Bits: [0x000000001b050000, 0x000000001b7c8000)

Polling page: 0x0000000000180000

Metaspace:

Usage:
  Non-class:     40.29 MB capacity,    38.97 MB ( 97%) used,     1.07 MB (  3%) free+waste,   247.38 KB ( <1%) overhead. 
      Class:      7.22 MB capacity,     6.28 MB ( 87%) used,   840.60 KB ( 11%) free+waste,   128.88 KB (  2%) overhead. 
       Both:     47.51 MB capacity,    45.25 MB ( 95%) used,     1.89 MB (  4%) free+waste,   376.25 KB ( <1%) overhead. 

Virtual space:
  Non-class space:       42.00 MB reserved,      40.50 MB ( 96%) committed 
      Class space:        1.00 GB reserved,       7.33 MB ( <1%) committed 
             Both:        1.04 GB reserved,      47.83 MB (  4%) committed 

Chunk freelists:
   Non-Class:  3.25 KB
       Class:  0 bytes
        Both:  3.25 KB

CodeHeap 'non-profiled nmethods': size=120064Kb used=1781Kb max_used=1781Kb free=118283Kb
 bounds [0x00000000130a0000, 0x0000000013310000, 0x000000001a5e0000]
CodeHeap 'profiled nmethods': size=120000Kb used=7053Kb max_used=7053Kb free=112946Kb
 bounds [0x000000000bb70000, 0x000000000c260000, 0x00000000130a0000]
CodeHeap 'non-nmethods': size=5696Kb used=1494Kb max_used=1530Kb free=4201Kb
 bounds [0x000000000b5e0000, 0x000000000b850000, 0x000000000bb70000]
 total_blobs=5314 nmethods=3531 adapters=929
 compilation: enabled
              stopped_count=0, restarted_count=0
 full_count=0

Compilation events (10 events):
Event: 23.406 Thread 0x00000000221a5800 nmethod 3554 0x000000001325c510 code [0x000000001325c6c0, 0x000000001325c7a8]
Event: 23.406 Thread 0x00000000221a5800 3553       4       io.github.classgraph.utils.InputStreamOrByteBufferAdapter$1::read (11 bytes)
Event: 23.410 Thread 0x00000000221a5800 nmethod 3553 0x000000001325c890 code [0x000000001325ca40, 0x000000001325cb68]
Event: 23.410 Thread 0x00000000221a5800 3560   !   4       io.github.classgraph.ClasspathElementZip$1::close (69 bytes)
Event: 23.423 Thread 0x000000001ed86800 3566       3       io.github.classgraph.utils.InterruptionChecker::checkAndReturn (60 bytes)
Event: 23.425 Thread 0x000000001ed86800 nmethod 3566 0x000000000c253910 code [0x000000000c253b00, 0x000000000c2540d0]
Event: 23.523 Thread 0x000000001ed86800 3568       1       com.sun.prism.paint.Color::getIntArgbPre (5 bytes)
Event: 23.523 Thread 0x000000001ed86800 nmethod 3568 0x000000001325cd10 code [0x000000001325cec0, 0x000000001325cfd8]
Event: 23.524 Thread 0x000000001ed86800 3569       1       com.sun.prism.impl.ps.BaseShaderContext$State::access$1500 (5 bytes)
Event: 23.524 Thread 0x000000001ed86800 nmethod 3569 0x000000001325d090 code [0x000000001325d240, 0x000000001325d338]

GC Heap History (10 events):
Event: 22.466 GC heap after
{Heap after GC invocations=33 (full 0):
 garbage-first heap   total 36864K, used 23420K [0x00000000e2200000, 0x0000000100000000)
  region size 1024K, 1 young (1024K), 1 survivors (1024K)
 Metaspace       used 46187K, capacity 48511K, committed 48720K, reserved 1091584K
  class space    used 6407K, capacity 7392K, committed 7504K, reserved 1048576K
}
Event: 22.527 GC heap before
{Heap before GC invocations=33 (full 0):
 garbage-first heap   total 36864K, used 27516K [0x00000000e2200000, 0x0000000100000000)
  region size 1024K, 6 young (6144K), 1 survivors (1024K)
 Metaspace       used 46230K, capacity 48575K, committed 48720K, reserved 1091584K
  class space    used 6413K, capacity 7392K, committed 7504K, reserved 1048576K
}
Event: 22.540 GC heap after
{Heap after GC invocations=34 (full 0):
 garbage-first heap   total 73728K, used 23583K [0x00000000e2200000, 0x0000000100000000)
  region size 1024K, 1 young (1024K), 1 survivors (1024K)
 Metaspace       used 46230K, capacity 48575K, committed 48720K, reserved 1091584K
  class space    used 6413K, capacity 7392K, committed 7504K, reserved 1048576K
}
Event: 22.873 GC heap before
{Heap before GC invocations=35 (full 0):
 garbage-first heap   total 73728K, used 43039K [0x00000000e2200000, 0x0000000100000000)
  region size 1024K, 22 young (22528K), 1 survivors (1024K)
 Metaspace       used 46277K, capacity 48642K, committed 48976K, reserved 1091584K
  class space    used 6418K, capacity 7393K, committed 7504K, reserved 1048576K
}
Event: 22.880 GC heap after
{Heap after GC invocations=36 (full 0):
 garbage-first heap   total 73728K, used 23770K [0x00000000e2200000, 0x0000000100000000)
  region size 1024K, 1 young (1024K), 1 survivors (1024K)
 Metaspace       used 46277K, capacity 48642K, committed 48976K, reserved 1091584K
  class space    used 6418K, capacity 7393K, committed 7504K, reserved 1048576K
}
Event: 23.113 GC heap before
{Heap before GC invocations=36 (full 0):
 garbage-first heap   total 73728K, used 46298K [0x00000000e2200000, 0x0000000100000000)
  region size 1024K, 24 young (24576K), 1 survivors (1024K)
 Metaspace       used 46284K, capacity 48642K, committed 48976K, reserved 1091584K
  class space    used 6418K, capacity 7393K, committed 7504K, reserved 1048576K
}
Event: 23.121 GC heap after
{Heap after GC invocations=37 (full 0):
 garbage-first heap   total 73728K, used 24135K [0x00000000e2200000, 0x0000000100000000)
  region size 1024K, 2 young (2048K), 2 survivors (2048K)
 Metaspace       used 46284K, capacity 48642K, committed 48976K, reserved 1091584K
  class space    used 6418K, capacity 7393K, committed 7504K, reserved 1048576K
}
Event: 23.306 GC heap before
{Heap before GC invocations=37 (full 0):
 garbage-first heap   total 73728K, used 47687K [0x00000000e2200000, 0x0000000100000000)
  region size 1024K, 27 young (27648K), 2 survivors (2048K)
 Metaspace       used 46297K, capacity 48642K, committed 48976K, reserved 1091584K
  class space    used 6419K, capacity 7393K, committed 7504K, reserved 1048576K
}
Event: 23.315 GC heap after
{Heap after GC invocations=38 (full 0):
 garbage-first heap   total 73728K, used 24318K [0x00000000e2200000, 0x0000000100000000)
  region size 1024K, 2 young (2048K), 2 survivors (2048K)
 Metaspace       used 46297K, capacity 48642K, committed 48976K, reserved 1091584K
  class space    used 6419K, capacity 7393K, committed 7504K, reserved 1048576K
}
Event: 23.556 GC heap before
{Heap before GC invocations=38 (full 0):
 garbage-first heap   total 73728K, used 51966K [0x00000000e2200000, 0x0000000100000000)
  region size 1024K, 30 young (30720K), 2 survivors (2048K)
 Metaspace       used 46336K, capacity 48650K, committed 48976K, reserved 1091584K
  class space    used 6426K, capacity 7396K, committed 7504K, reserved 1048576K
}

Deoptimization events (10 events):
Event: 20.678 Thread 0x0000000020bc5000 Uncommon trap: reason=bimorphic_or_optimized_type_check action=maybe_recompile pc=0x000000001321c298 method=javafx.beans.property.DoublePropertyBase.get()D @ 23 c2
Event: 20.679 Thread 0x0000000020bc5000 Uncommon trap: reason=bimorphic_or_optimized_type_check action=maybe_recompile pc=0x000000001321c298 method=javafx.beans.property.DoublePropertyBase.get()D @ 23 c2
Event: 21.484 Thread 0x0000000027f81800 Uncommon trap: reason=unstable_if action=reinterpret pc=0x00000000132246c0 method=java.util.zip.InflaterInputStream.read([BII)I @ 41 c2
Event: 21.627 Thread 0x0000000027f82000 Uncommon trap: reason=class_check action=maybe_recompile pc=0x000000001316cda4 method=java.util.concurrent.ConcurrentHashMap.putVal(Ljava/lang/Object;Ljava/lang/Object;Z)Ljava/lang/Object; @ 242 c2
Event: 22.013 Thread 0x0000000027f82000 Uncommon trap: reason=unstable_if action=reinterpret pc=0x00000000132384ec method=io.github.classgraph.utils.InputStreamOrByteBufferAdapter.readUnsignedShort()I @ 10 c2
Event: 22.855 Thread 0x0000000027f82000 Uncommon trap: reason=unstable_if action=reinterpret pc=0x0000000013238130 method=io.github.classgraph.utils.InputStreamOrByteBufferAdapter.readUnsignedByte()I @ 10 c2
Event: 22.971 Thread 0x0000000020a04000 Uncommon trap: reason=bimorphic_or_optimized_type_check action=maybe_recompile pc=0x00000000131eba24 method=java.util.WeakHashMap.eq(Ljava/lang/Object;Ljava/lang/Object;)Z @ 7 c2
Event: 22.976 Thread 0x0000000020a04000 Uncommon trap: reason=bimorphic_or_optimized_type_check action=maybe_recompile pc=0x00000000131eba24 method=java.util.WeakHashMap.eq(Ljava/lang/Object;Ljava/lang/Object;)Z @ 7 c2
Event: 23.316 Thread 0x0000000020a04000 Uncommon trap: reason=bimorphic_or_optimized_type_check action=maybe_recompile pc=0x00000000131eba24 method=java.util.WeakHashMap.eq(Ljava/lang/Object;Ljava/lang/Object;)Z @ 7 c2
Event: 23.381 Thread 0x0000000020a04000 Uncommon trap: reason=bimorphic_or_optimized_type_check action=maybe_recompile pc=0x00000000131eba24 method=java.util.WeakHashMap.eq(Ljava/lang/Object;Ljava/lang/Object;)Z @ 7 c2

Classes redefined (0 events):
No events

Internal exceptions (10 events):
Event: 15.435 Thread 0x0000000022ace000 Exception <a 'java/lang/NoSuchMethodError'{0x00000000e3977c80}: java.lang.invoke.Invokers$Holder.linkToTargetMethod(JLjava/lang/Object;)Ljava/lang/Object;> (0x00000000e3977c80) thrown at [t:/workspace/open/src/hotspot/share/interpreter/linkResolver.cpp, l
Event: 17.352 Thread 0x0000000020bc5000 Exception <a 'java/io/FileNotFoundException'{0x00000000e3a88420}> (0x00000000e3a88420) thrown at [t:/workspace/open/src/hotspot/share/prims/jni.cpp, line 615]
Event: 17.546 Thread 0x0000000020bc5000 Exception <a 'java/io/FileNotFoundException'{0x00000000e39a1180}> (0x00000000e39a1180) thrown at [t:/workspace/open/src/hotspot/share/prims/jni.cpp, line 615]
Event: 20.229 Thread 0x0000000020bc5000 Exception <a 'java/lang/NoSuchMethodError'{0x00000000e3fc51f8}: java.lang.invoke.DirectMethodHandle$Holder.invokeStatic(Ljava/lang/Object;Ljava/lang/Object;)D> (0x00000000e3fc51f8) thrown at [t:/workspace/open/src/hotspot/share/interpreter/linkResolver.cp
Event: 20.294 Thread 0x0000000020bc5000 Exception <a 'java/lang/NoSuchMethodError'{0x00000000e3fe3c68}: java.lang.invoke.DirectMethodHandle$Holder.invokeStatic(Ljava/lang/Object;Ljava/lang/Object;D)V> (0x00000000e3fe3c68) thrown at [t:/workspace/open/src/hotspot/share/interpreter/linkResolver.c
Event: 20.517 Thread 0x0000000022ace000 Exception <a 'java/lang/NoSuchMethodError'{0x00000000e3e6a028}: java.lang.invoke.DirectMethodHandle$Holder.invokeStatic(Ljava/lang/Object;Ljava/lang/Object;JLjava/lang/Object;)Ljava/lang/Object;> (0x00000000e3e6a028) thrown at [t:/workspace/open/src/hotsp
Event: 20.518 Thread 0x0000000022ace000 Exception <a 'java/lang/NoSuchMethodError'{0x00000000e3e6d0a8}: java.lang.invoke.DirectMethodHandle$Holder.invokeStaticInit(Ljava/lang/Object;Ljava/lang/Object;JLjava/lang/Object;)Ljava/lang/Object;> (0x00000000e3e6d0a8) thrown at [t:/workspace/open/src/h
Event: 21.056 Thread 0x0000000020bc5000 Exception <a 'java/lang/NoSuchMethodError'{0x00000000e3dae0e0}: java.lang.invoke.DirectMethodHandle$Holder.invokeStatic(Ljava/lang/Object;Ljava/lang/Object;I)V> (0x00000000e3dae0e0) thrown at [t:/workspace/open/src/hotspot/share/interpreter/linkResolver.c
Event: 21.151 Thread 0x0000000022acc800 Exception <a 'java/lang/NoSuchMethodError'{0x00000000e3c91c08}: java.lang.invoke.DirectMethodHandle$Holder.invokeSpecialIFC(Ljava/lang/Object;Ljava/lang/Object;I)I> (0x00000000e3c91c08) thrown at [t:/workspace/open/src/hotspot/share/interpreter/linkResolv
Event: 23.362 Thread 0x0000000020a04000 Exception <a 'java/lang/NoSuchMethodError'{0x00000000e63d9aa8}: java.lang.invoke.DirectMethodHandle$Holder.invokeStaticInit(Ljava/lang/Object;I)Ljava/lang/Object;> (0x00000000e63d9aa8) thrown at [t:/workspace/open/src/hotspot/share/interpreter/linkResolve

Events (10 events):
Event: 23.516 loading class com/sun/scenario/effect/impl/state/BoxRenderState$1 done
Event: 23.519 loading class com/sun/scenario/effect/impl/prism/ps/PPSLinearConvolveShadowPeer
Event: 23.519 loading class com/sun/scenario/effect/impl/prism/ps/PPSLinearConvolveShadowPeer done
Event: 23.520 loading class com/sun/scenario/effect/impl/prism/ps/PPSOneSamplerPeer
Event: 23.520 loading class com/sun/scenario/effect/impl/prism/ps/PPSOneSamplerPeer done
Event: 23.526 loading class com/sun/scenario/effect/impl/BufferUtil
Event: 23.526 loading class com/sun/scenario/effect/impl/BufferUtil done
Event: 23.538 Executing VM operation: G1CollectForAllocation
Event: 23.556 Executing VM operation: G1CollectForAllocation done
Event: 23.556 Executing VM operation: G1CollectForAllocation


Dynamic libraries:
0x0000000000400000 - 0x00000000004d5000 	C:\Program Files\Greenfoot\Greenfoot.exe
0x00007ff899700000 - 0x00007ff8998f0000 	C:\WINDOWS\SYSTEM32\ntdll.dll
0x00007ff8988d0000 - 0x00007ff898982000 	C:\WINDOWS\System32\KERNEL32.DLL
0x00007ff897000000 - 0x00007ff8972a5000 	C:\WINDOWS\System32\KERNELBASE.dll
0x00007ff898830000 - 0x00007ff8988ce000 	C:\WINDOWS\System32\msvcrt.dll
0x00007ff897f90000 - 0x00007ff898678000 	C:\WINDOWS\System32\SHELL32.dll
0x00007ff897380000 - 0x00007ff89747a000 	C:\WINDOWS\System32\ucrtbase.dll
0x00007ff8974b0000 - 0x00007ff8974fa000 	C:\WINDOWS\System32\cfgmgr32.dll
0x00007ff899610000 - 0x00007ff8996b7000 	C:\WINDOWS\System32\shcore.dll
0x00007ff898b40000 - 0x00007ff898c5f000 	C:\WINDOWS\System32\RPCRT4.dll
0x00007ff898cc0000 - 0x00007ff898ff7000 	C:\WINDOWS\System32\combase.dll
0x00007ff897530000 - 0x00007ff8975b1000 	C:\WINDOWS\System32\bcryptPrimitives.dll
0x00007ff896820000 - 0x00007ff896f9b000 	C:\WINDOWS\System32\windows.storage.dll
0x00007ff897710000 - 0x00007ff8977ae000 	C:\WINDOWS\System32\msvcp_win.dll
0x00007ff897850000 - 0x00007ff8978e7000 	C:\WINDOWS\System32\sechost.dll
0x00007ff897900000 - 0x00007ff8979a3000 	C:\WINDOWS\System32\advapi32.dll
0x00007ff896630000 - 0x00007ff896653000 	C:\WINDOWS\System32\profapi.dll
0x00007ff8965e0000 - 0x00007ff89662a000 	C:\WINDOWS\System32\powrprof.dll
0x00007ff8965b0000 - 0x00007ff8965c0000 	C:\WINDOWS\System32\UMPDC.dll
0x00007ff8977f0000 - 0x00007ff897842000 	C:\WINDOWS\System32\shlwapi.dll
0x00007ff898c60000 - 0x00007ff898c86000 	C:\WINDOWS\System32\GDI32.dll
0x00007ff897480000 - 0x00007ff8974a1000 	C:\WINDOWS\System32\win32u.dll
0x00007ff896680000 - 0x00007ff896818000 	C:\WINDOWS\System32\gdi32full.dll
0x00007ff897ae0000 - 0x00007ff897c74000 	C:\WINDOWS\System32\USER32.dll
0x00007ff8965c0000 - 0x00007ff8965d1000 	C:\WINDOWS\System32\kernel.appcore.dll
0x00007ff8972b0000 - 0x00007ff8972c7000 	C:\WINDOWS\System32\cryptsp.dll
0x00007ff88cf10000 - 0x00007ff88cf1a000 	C:\WINDOWS\SYSTEM32\VERSION.dll
0x00007ff8977b0000 - 0x00007ff8977de000 	C:\WINDOWS\System32\IMM32.DLL
0x00007ff84e370000 - 0x00007ff84ee93000 	C:\Program Files\Greenfoot\jdk\bin\server\jvm.dll
0x00007ff898cb0000 - 0x00007ff898cb8000 	C:\WINDOWS\System32\PSAPI.DLL
0x00007ff895090000 - 0x00007ff895099000 	C:\WINDOWS\SYSTEM32\WSOCK32.dll
0x00007ff899130000 - 0x00007ff89919f000 	C:\WINDOWS\System32\WS2_32.dll
0x00007ff88c760000 - 0x00007ff88c784000 	C:\WINDOWS\SYSTEM32\WINMM.dll
0x00007ff88c730000 - 0x00007ff88c75d000 	C:\WINDOWS\SYSTEM32\WINMMBASE.dll
0x00007ff873210000 - 0x00007ff873226000 	C:\Program Files\Greenfoot\jdk\bin\VCRUNTIME140.dll
0x00007ff86d1a0000 - 0x00007ff86d1b1000 	C:\Program Files\Greenfoot\jdk\bin\verify.dll
0x00007ff894e60000 - 0x00007ff895054000 	C:\WINDOWS\SYSTEM32\DBGHELP.DLL
0x00007ff88f4e0000 - 0x00007ff88f50a000 	C:\WINDOWS\SYSTEM32\dbgcore.DLL
0x00007ff866000000 - 0x00007ff866028000 	C:\Program Files\Greenfoot\jdk\bin\java.dll
0x00007ff86cba0000 - 0x00007ff86cbb6000 	C:\Program Files\Greenfoot\jdk\bin\zip.dll
0x00007ff8845e0000 - 0x00007ff8845ea000 	C:\Program Files\Greenfoot\jdk\bin\jimage.dll
0x00007ff874240000 - 0x00007ff874259000 	C:\Program Files\Greenfoot\jdk\bin\net.dll
0x00007ff891710000 - 0x00007ff891800000 	C:\WINDOWS\SYSTEM32\WINHTTP.dll
0x00007ff889c70000 - 0x00007ff889e46000 	C:\WINDOWS\SYSTEM32\urlmon.dll
0x00007ff88a530000 - 0x00007ff88a7d7000 	C:\WINDOWS\SYSTEM32\iertutil.dll
0x00007ff895f60000 - 0x00007ff895f6c000 	C:\WINDOWS\SYSTEM32\CRYPTBASE.DLL
0x00007ff895d90000 - 0x00007ff895df7000 	C:\WINDOWS\system32\mswsock.dll
0x00007ff866f00000 - 0x00007ff866f13000 	C:\Program Files\Greenfoot\jdk\bin\nio.dll
0x0000000180000000 - 0x0000000180003000 	C:\Program Files\Greenfoot\lib\javafx\bin\api-ms-win-core-console-l1-1-0.dll
0x00000000001d0000 - 0x00000000001d3000 	C:\Program Files\Greenfoot\lib\javafx\bin\api-ms-win-core-datetime-l1-1-0.dll
0x00000000001e0000 - 0x00000000001e3000 	C:\Program Files\Greenfoot\lib\javafx\bin\api-ms-win-core-debug-l1-1-0.dll
0x00000000001f0000 - 0x00000000001f3000 	C:\Program Files\Greenfoot\lib\javafx\bin\api-ms-win-core-errorhandling-l1-1-0.dll
0x00000000006e0000 - 0x00000000006e4000 	C:\Program Files\Greenfoot\lib\javafx\bin\api-ms-win-core-file-l1-1-0.dll
0x00000000006f0000 - 0x00000000006f3000 	C:\Program Files\Greenfoot\lib\javafx\bin\api-ms-win-core-file-l1-2-0.dll
0x0000000000700000 - 0x0000000000703000 	C:\Program Files\Greenfoot\lib\javafx\bin\api-ms-win-core-file-l2-1-0.dll
0x0000000000710000 - 0x0000000000713000 	C:\Program Files\Greenfoot\lib\javafx\bin\api-ms-win-core-handle-l1-1-0.dll
0x0000000000720000 - 0x0000000000723000 	C:\Program Files\Greenfoot\lib\javafx\bin\api-ms-win-core-heap-l1-1-0.dll
0x0000000000730000 - 0x0000000000733000 	C:\Program Files\Greenfoot\lib\javafx\bin\api-ms-win-core-interlocked-l1-1-0.dll
0x0000000000740000 - 0x0000000000743000 	C:\Program Files\Greenfoot\lib\javafx\bin\api-ms-win-core-libraryloader-l1-1-0.dll
0x0000000000750000 - 0x0000000000753000 	C:\Program Files\Greenfoot\lib\javafx\bin\api-ms-win-core-localization-l1-2-0.dll
0x0000000000760000 - 0x0000000000763000 	C:\Program Files\Greenfoot\lib\javafx\bin\api-ms-win-core-memory-l1-1-0.dll
0x0000000000770000 - 0x0000000000773000 	C:\Program Files\Greenfoot\lib\javafx\bin\api-ms-win-core-namedpipe-l1-1-0.dll
0x0000000000780000 - 0x0000000000783000 	C:\Program Files\Greenfoot\lib\javafx\bin\api-ms-win-core-processenvironment-l1-1-0.dll
0x0000000000790000 - 0x0000000000793000 	C:\Program Files\Greenfoot\lib\javafx\bin\api-ms-win-core-processthreads-l1-1-0.dll
0x00000000007b0000 - 0x00000000007b3000 	C:\Program Files\Greenfoot\lib\javafx\bin\api-ms-win-core-processthreads-l1-1-1.dll
0x0000000021320000 - 0x0000000021323000 	C:\Program Files\Greenfoot\lib\javafx\bin\api-ms-win-core-profile-l1-1-0.dll
0x0000000021330000 - 0x0000000021333000 	C:\Program Files\Greenfoot\lib\javafx\bin\api-ms-win-core-rtlsupport-l1-1-0.dll
0x0000000021340000 - 0x0000000021343000 	C:\Program Files\Greenfoot\lib\javafx\bin\api-ms-win-core-string-l1-1-0.dll
0x0000000021350000 - 0x0000000021353000 	C:\Program Files\Greenfoot\lib\javafx\bin\api-ms-win-core-synch-l1-1-0.dll
0x0000000021360000 - 0x0000000021363000 	C:\Program Files\Greenfoot\lib\javafx\bin\api-ms-win-core-synch-l1-2-0.dll
0x0000000021370000 - 0x0000000021373000 	C:\Program Files\Greenfoot\lib\javafx\bin\api-ms-win-core-sysinfo-l1-1-0.dll
0x0000000021380000 - 0x0000000021383000 	C:\Program Files\Greenfoot\lib\javafx\bin\api-ms-win-core-timezone-l1-1-0.dll
0x0000000021390000 - 0x0000000021393000 	C:\Program Files\Greenfoot\lib\javafx\bin\api-ms-win-core-util-l1-1-0.dll
0x00000000213a0000 - 0x00000000213a3000 	C:\Program Files\Greenfoot\lib\javafx\bin\api-ms-win-crt-conio-l1-1-0.dll
0x00000000213b0000 - 0x00000000213b4000 	C:\Program Files\Greenfoot\lib\javafx\bin\api-ms-win-crt-convert-l1-1-0.dll
0x00000000213c0000 - 0x00000000213c3000 	C:\Program Files\Greenfoot\lib\javafx\bin\api-ms-win-crt-environment-l1-1-0.dll
0x00000000213d0000 - 0x00000000213d3000 	C:\Program Files\Greenfoot\lib\javafx\bin\api-ms-win-crt-filesystem-l1-1-0.dll
0x00000000213e0000 - 0x00000000213e3000 	C:\Program Files\Greenfoot\lib\javafx\bin\api-ms-win-crt-heap-l1-1-0.dll
0x00000000213f0000 - 0x00000000213f3000 	C:\Program Files\Greenfoot\lib\javafx\bin\api-ms-win-crt-locale-l1-1-0.dll
0x0000000021400000 - 0x0000000021405000 	C:\Program Files\Greenfoot\lib\javafx\bin\api-ms-win-crt-math-l1-1-0.dll
0x0000000021410000 - 0x0000000021415000 	C:\Program Files\Greenfoot\lib\javafx\bin\api-ms-win-crt-multibyte-l1-1-0.dll
0x0000000021420000 - 0x0000000021430000 	C:\Program Files\Greenfoot\lib\javafx\bin\api-ms-win-crt-private-l1-1-0.dll
0x0000000021430000 - 0x0000000021433000 	C:\Program Files\Greenfoot\lib\javafx\bin\api-ms-win-crt-process-l1-1-0.dll
0x0000000021440000 - 0x0000000021444000 	C:\Program Files\Greenfoot\lib\javafx\bin\api-ms-win-crt-runtime-l1-1-0.dll
0x0000000021450000 - 0x0000000021454000 	C:\Program Files\Greenfoot\lib\javafx\bin\api-ms-win-crt-stdio-l1-1-0.dll
0x0000000021460000 - 0x0000000021464000 	C:\Program Files\Greenfoot\lib\javafx\bin\api-ms-win-crt-string-l1-1-0.dll
0x0000000021470000 - 0x0000000021473000 	C:\Program Files\Greenfoot\lib\javafx\bin\api-ms-win-crt-time-l1-1-0.dll
0x0000000021480000 - 0x0000000021483000 	C:\Program Files\Greenfoot\lib\javafx\bin\api-ms-win-crt-utility-l1-1-0.dll
0x00007ff85b910000 - 0x00007ff85ba0a000 	C:\Program Files\Greenfoot\lib\javafx\bin\ucrtbase.dll
0x00007ff8742a0000 - 0x00007ff8742b6000 	C:\Program Files\Greenfoot\lib\javafx\bin\vcruntime140.dll
0x00007ff859fc0000 - 0x00007ff85a066000 	C:\Program Files\Greenfoot\lib\javafx\bin\msvcp140.dll
0x00007ff858d20000 - 0x00007ff858d71000 	C:\Program Files\Greenfoot\lib\javafx\bin\concrt140.dll
0x00007ff874270000 - 0x00007ff874293000 	C:\Program Files\Greenfoot\lib\javafx\bin\prism_d3d.dll
0x00007ff8672b0000 - 0x00007ff867477000 	C:\WINDOWS\system32\d3d9.dll
0x00007ff894af0000 - 0x00007ff894b1d000 	C:\WINDOWS\SYSTEM32\dwmapi.dll
0x00007ff895260000 - 0x00007ff895280000 	C:\WINDOWS\SYSTEM32\dxcore.dll
0x00007ff894500000 - 0x00007ff894599000 	C:\WINDOWS\system32\uxtheme.dll
0x00007ff8867d0000 - 0x00007ff886f11000 	C:\WINDOWS\SYSTEM32\d3d10warp.dll
0x00007ff85c400000 - 0x00007ff85c445000 	C:\Program Files\Greenfoot\lib\javafx\bin\glass.dll
0x00007ff897a10000 - 0x00007ff897ae0000 	C:\WINDOWS\System32\COMDLG32.dll
0x00007ff897d30000 - 0x00007ff897e87000 	C:\WINDOWS\System32\ole32.dll
0x00007ff899060000 - 0x00007ff899125000 	C:\WINDOWS\System32\OLEAUT32.dll
0x00007ff88d660000 - 0x00007ff88d709000 	C:\WINDOWS\WinSxS\amd64_microsoft.windows.common-controls_6595b64144ccf1df_5.82.18362.1316_none_73b62828d8134176\COMCTL32.dll
0x00007ff898990000 - 0x00007ff898ac5000 	C:\WINDOWS\System32\MSCTF.dll
0x00007ff84fc30000 - 0x00007ff84fdce000 	C:\Program Files\Greenfoot\jdk\bin\awt.dll
0x00007ff892f80000 - 0x00007ff893540000 	C:\WINDOWS\SYSTEM32\d2d1.dll
0x00007ff894450000 - 0x00007ff8944df000 	C:\WINDOWS\SYSTEM32\apphelp.dll
0x00007ff865fb0000 - 0x00007ff865fc4000 	C:\Program Files\Greenfoot\lib\javafx\bin\javafx_font.dll
0x00007ff87df10000 - 0x00007ff87e20e000 	C:\WINDOWS\SYSTEM32\dwrite.dll
0x00007ff884860000 - 0x00007ff884ae4000 	C:\WINDOWS\WinSxS\amd64_microsoft.windows.common-controls_6595b64144ccf1df_6.0.18362.1316_none_9e7a364fe461dbd7\comctl32.dll
0x00007ff889fe0000 - 0x00007ff88a18f000 	C:\WINDOWS\SYSTEM32\WindowsCodecs.dll
0x00007ff8857c0000 - 0x00007ff8857fb000 	C:\WINDOWS\system32\dataexchange.dll
0x00007ff893850000 - 0x00007ff893a2d000 	C:\WINDOWS\system32\dcomp.dll
0x00007ff893560000 - 0x00007ff8937bb000 	C:\WINDOWS\system32\d3d11.dll
0x00007ff895280000 - 0x00007ff89536b000 	C:\WINDOWS\system32\dxgi.dll
0x00007ff8945e0000 - 0x00007ff89483a000 	C:\WINDOWS\system32\twinapi.appcore.dll
0x00007ff894920000 - 0x00007ff894949000 	C:\WINDOWS\system32\RMCLIENT.dll
0x00007ff862ec0000 - 0x00007ff862ef3000 	C:\Program Files\Common Files\Microsoft Shared\Ink\rtscom.dll
0x00007ff88ada0000 - 0x00007ff88ae3d000 	C:\WINDOWS\System32\TextInputFramework.dll
0x00007ff88b930000 - 0x00007ff88bc5a000 	C:\WINDOWS\System32\CoreUIComponents.dll
0x00007ff893ed0000 - 0x00007ff893fa4000 	C:\WINDOWS\System32\CoreMessaging.dll
0x00007ff8955f0000 - 0x00007ff895621000 	C:\WINDOWS\SYSTEM32\ntmarta.dll
0x00007ff891d50000 - 0x00007ff891ea2000 	C:\WINDOWS\SYSTEM32\wintypes.dll
0x00007ff880590000 - 0x00007ff8806e6000 	C:\WINDOWS\system32\opengl32.dll
0x00007ff88d3e0000 - 0x00007ff88d40c000 	C:\WINDOWS\SYSTEM32\GLU32.dll
0x00007ff895ae0000 - 0x00007ff895bab000 	C:\WINDOWS\SYSTEM32\DNSAPI.dll
0x00007ff8978f0000 - 0x00007ff8978f8000 	C:\WINDOWS\System32\NSI.dll
0x00007ff895aa0000 - 0x00007ff895ada000 	C:\WINDOWS\SYSTEM32\IPHLPAPI.DLL

dbghelp: loaded successfully - version: 4.0.5 - missing functions: none
symbol engine: initialized successfully - sym options: 0x614 - pdb path: .;C:\Program Files\Greenfoot;C:\WINDOWS\SYSTEM32;C:\Program Files\Greenfoot\jdk\bin\server;C:\Program Files\Greenfoot\jdk\bin;C:\Program Files\Greenfoot\lib\javafx\bin;C:\WINDOWS\WinSxS\amd64_microsoft.windows.common-controls_6595b64144ccf1df_5.82.18362.1316_none_73b62828d8134176;C:\WINDOWS\WinSxS\amd64_microsoft.windows.common-controls_6595b64144ccf1df_6.0.18362.1316_none_9e7a364fe461dbd7;C:\Program Files\Common Files\Microsoft Shared\Ink

VM Arguments:
jvm_args: -Djavafx.embed.singleThread=true 
java_command: <unknown>
java_class_path (initial): C:\Program Files\Greenfoot\lib\bluej.jar;C:\Program Files\Greenfoot\lib\javafx\lib\javafx.base.jar;C:\Program Files\Greenfoot\lib\javafx\lib\javafx.controls.jar;C:\Program Files\Greenfoot\lib\javafx\lib\javafx.fxml.jar;C:\Program Files\Greenfoot\lib\javafx\lib\javafx.graphics.jar;C:\Program Files\Greenfoot\lib\javafx\lib\javafx.media.jar;C:\Program Files\Greenfoot\lib\javafx\lib\javafx.properties.jar;C:\Program Files\Greenfoot\lib\javafx\lib\javafx.swing.jar;C:\Program Files\Greenfoot\lib\javafx\lib\javafx.web.jar
Launcher Type: generic

[Global flags]
     intx CICompilerCount                          = 3                                         {product} {ergonomic}
     uint ConcGCThreads                            = 1                                         {product} {ergonomic}
     uint G1ConcRefinementThreads                  = 4                                         {product} {ergonomic}
   size_t G1HeapRegionSize                         = 1048576                                   {product} {ergonomic}
    uintx GCDrainStackTargetSize                   = 64                                        {product} {ergonomic}
   size_t InitialHeapSize                          = 31457280                                  {product} {ergonomic}
   size_t MarkStackSize                            = 4194304                                   {product} {ergonomic}
   size_t MaxHeapSize                              = 501219328                                 {product} {ergonomic}
   size_t MaxNewSize                               = 299892736                                 {product} {ergonomic}
   size_t MinHeapDeltaBytes                        = 1048576                                   {product} {ergonomic}
    uintx NonNMethodCodeHeapSize                   = 5830092                                {pd product} {ergonomic}
    uintx NonProfiledCodeHeapSize                  = 122914074                              {pd product} {ergonomic}
    uintx ProfiledCodeHeapSize                     = 122914074                              {pd product} {ergonomic}
    uintx ReservedCodeCacheSize                    = 251658240                              {pd product} {ergonomic}
     bool SegmentedCodeCache                       = true                                      {product} {ergonomic}
     bool UseCompressedClassPointers               = true                                 {lp64_product} {ergonomic}
     bool UseCompressedOops                        = true                                 {lp64_product} {ergonomic}
     bool UseG1GC                                  = true                                      {product} {ergonomic}
     bool UseLargePagesIndividualAllocation        = false                                  {pd product} {ergonomic}

Logging:
Log output configuration:
 #0: stdout all=warning uptime,level,tags
 #1: stderr all=off uptime,level,tags

Environment Variables:
PATH=C:\Program Files\Common Files\Oracle\Java\javapath;C:\WINDOWS\system32;C:\WINDOWS;C:\WINDOWS\System32\Wbem;C:\WINDOWS\System32\WindowsPowerShell\v1.0\;C:\WINDOWS\System32\OpenSSH\;C:\Users\CAMILLY\AppData\Local\Microsoft\WindowsApps;
USERNAME=CAMILLY
OS=Windows_NT
PROCESSOR_IDENTIFIER=Intel64 Family 6 Model 76 Stepping 4, GenuineIntel



---------------  S Y S T E M  ---------------

OS: Windows 10 , 64 bit Build 18362 (10.0.18362.1316)

CPU:total 4 (initial active 4) (4 cores per cpu, 1 threads per core) family 6 model 76 stepping 4, cmov, cx8, fxsr, mmx, sse, sse2, sse3, ssse3, sse4.1, sse4.2, popcnt, aes, clmul, erms, 3dnowpref, tsc, tscinvbit

Memory: 4k page, system-wide physical 1908M (358M free)
TotalPageFile size 5559M (AvailPageFile size 33M)
current process WorkingSet (physical memory assigned to process): 223M, peak: 226M
current process commit charge ("private bytes"): 269M, peak: 342M

vm_info: OpenJDK 64-Bit Server VM (11.0.2+9) for windows-amd64 JRE (11.0.2+9), built on Jan 18 2019 05:23:22 by "mach5one" with MS VC++ 15.5 (VS2017)

END.
