#
# There is insufficient memory for the Java Runtime Environment to continue.
# Native memory allocation (mmap) failed to map 82837504 bytes for Failed to commit area from 0x00000000e7700000 to 0x00000000ec600000 of length 82837504.
# Possible reasons:
#   The system is out of physical RAM or swap space
#   The process is running with CompressedOops enabled, and the Java Heap may be blocking the growth of the native heap
# Possible solutions:
#   Reduce memory load on the system
#   Increase physical memory or swap space
#   Check if swap backing store is full
#   Decrease Java heap size (-Xmx/-Xms)
#   Decrease number of Java threads
#   Decrease Java thread stack sizes (-Xss)
#   Set larger code cache with -XX:ReservedCodeCacheSize=
#   JVM is running with Unscaled Compressed Oops mode in which the Java heap is
#     placed in the first 4GB address space. The Java Heap base address is the
#     maximum limit for the native heap growth. Please use -XX:HeapBaseMinAddress
#     to set the Java Heap base and to place the Java Heap above 4GB virtual address.
# This output file may be truncated or incomplete.
#
#  Out of Memory Error (t:/workspace/open/src/hotspot/os/windows/os_windows.cpp:3269), pid=9496, tid=13184
#
# JRE version: OpenJDK Runtime Environment (11.0.2+9) (build 11.0.2+9)
# Java VM: OpenJDK 64-Bit Server VM (11.0.2+9, mixed mode, tiered, compressed oops, g1 gc, windows-amd64)
# No core dump will be written. Minidumps are not enabled by default on client versions of Windows
#

---------------  S U M M A R Y ------------

Command Line: -Djavafx.embed.singleThread=true 

Host: Intel(R) Atom(TM) x5-Z8350  CPU @ 1.44GHz, 4 cores, 1G,  Windows 10 , 64 bit Build 18362 (10.0.18362.1316)
Time: Thu Mar 11 20:00:21 2021 Hora oficial do Brasil elapsed time: 29 seconds (0d 0h 0m 29s)

---------------  T H R E A D  ---------------

Current thread (0x000000001ed24000):  VMThread "VM Thread" [stack: 0x000000001edf0000,0x000000001eff0000] [id=13184]

Stack: [0x000000001edf0000,0x000000001eff0000]
[error occurred during error reporting (printing stack bounds), id 0xc0000005, EXCEPTION_ACCESS_VIOLATION (0xc0000005) at pc=0x000000000b5b0bbd]

Native frames: (J=compiled Java code, j=interpreted, Vv=VM code, C=native code)
V  [jvm.dll+0x63489a]
V  [jvm.dll+0x771f9f]
V  [jvm.dll+0x773648]
V  [jvm.dll+0x773c65]
V  [jvm.dll+0x773c1b]
V  [jvm.dll+0x633fa6]
V  [jvm.dll+0x634368]
C  [ntdll.dll+0xa184f]
C  [ntdll.dll+0x6a889]
C  [ntdll.dll+0xa04be]
C  0x000000000b5b0bbd

VM_Operation (0x0000000031d6ee60): G1CollectForAllocation, mode: safepoint, requested by thread 0x0000000020196800


---------------  P R O C E S S  ---------------

Threads class SMR info:
_java_thread_list=0x0000000027cffad0, length=38, elements={
0x00000000032b0800, 0x000000001ed4b800, 0x000000001ed55000, 0x000000001edb1800,
0x000000001edb5800, 0x000000001ed64000, 0x000000001ed6a000, 0x000000001edb8800,
0x0000000020028800, 0x0000000020030800, 0x0000000020935800, 0x0000000020b0d800,
0x0000000020bf0000, 0x00000000210e4800, 0x0000000021fc7800, 0x0000000020dbf800,
0x0000000020b26000, 0x00000000209e2800, 0x0000000029163000, 0x0000000029164000,
0x0000000020191800, 0x0000000020192000, 0x000000002018e000, 0x000000002018f000,
0x000000002018d800, 0x0000000020190800, 0x000000002018c800, 0x0000000020190000,
0x0000000020194000, 0x0000000020197000, 0x0000000020195800, 0x0000000020194800,
0x0000000020193000, 0x0000000020199800, 0x0000000020196800, 0x0000000020198000,
0x000000002019a800, 0x0000000020198800
}

Java Threads: ( => current thread )
  0x00000000032b0800 JavaThread "main" [_thread_blocked, id=7608, stack(0x00000000004e0000,0x00000000006e0000)]
  0x000000001ed4b800 JavaThread "Reference Handler" daemon [_thread_blocked, id=1604, stack(0x000000001eff0000,0x000000001f1f0000)]
  0x000000001ed55000 JavaThread "Finalizer" daemon [_thread_blocked, id=8416, stack(0x000000001f1f0000,0x000000001f3f0000)]
  0x000000001edb1800 JavaThread "Signal Dispatcher" daemon [_thread_blocked, id=16072, stack(0x000000001f500000,0x000000001f700000)]
  0x000000001edb5800 JavaThread "Attach Listener" daemon [_thread_blocked, id=9436, stack(0x000000001f700000,0x000000001f900000)]
  0x000000001ed64000 JavaThread "C2 CompilerThread0" daemon [_thread_blocked, id=10820, stack(0x000000001f900000,0x000000001fb00000)]
  0x000000001ed6a000 JavaThread "C1 CompilerThread0" daemon [_thread_blocked, id=7436, stack(0x000000001fb00000,0x000000001fd00000)]
  0x000000001edb8800 JavaThread "Sweeper thread" daemon [_thread_blocked, id=9032, stack(0x000000001fd00000,0x000000001ff00000)]
  0x0000000020028800 JavaThread "Service Thread" daemon [_thread_blocked, id=1780, stack(0x0000000020300000,0x0000000020500000)]
  0x0000000020030800 JavaThread "Common-Cleaner" daemon [_thread_blocked, id=4744, stack(0x0000000020700000,0x0000000020900000)]
  0x0000000020935800 JavaThread "JavaFX-Launcher" [_thread_blocked, id=9784, stack(0x0000000021100000,0x0000000021300000)]
  0x0000000020b0d800 JavaThread "QuantumRenderer-0" daemon [_thread_blocked, id=6216, stack(0x00000000214a0000,0x00000000216a0000)]
  0x0000000020bf0000 JavaThread "InvokeLaterDispatcher" daemon [_thread_blocked, id=6020, stack(0x0000000021ae0000,0x0000000021ce0000)]
  0x00000000210e4800 JavaThread "JavaFX Application Thread" [_thread_in_native, id=10788, stack(0x0000000021ce0000,0x0000000021ee0000)]
  0x0000000021fc7800 JavaThread "Thread-2" daemon [_thread_blocked, id=14620, stack(0x00000000250b0000,0x00000000252b0000)]
  0x0000000020dbf800 JavaThread "Java2D Disposer" daemon [_thread_blocked, id=6268, stack(0x0000000025610000,0x0000000025810000)]
  0x0000000020b26000 JavaThread "AWT-Windows" daemon [_thread_in_native, id=14144, stack(0x0000000025a10000,0x0000000025c10000)]
  0x00000000209e2800 JavaThread "Thread-3" [_thread_blocked, id=3188, stack(0x0000000025c10000,0x0000000025e10000)]
  0x0000000029163000 JavaThread "TimerQueue" daemon [_thread_blocked, id=3964, stack(0x0000000029f00000,0x000000002a100000)]
  0x0000000029164000 JavaThread "AWT-Shutdown" [_thread_blocked, id=1420, stack(0x000000002a100000,0x000000002a300000)]
  0x0000000020191800 JavaThread "AWT-EventQueue-0" [_thread_blocked, id=9724, stack(0x000000002a5a0000,0x000000002a7a0000)]
  0x0000000020192000 JavaThread "Prism Font Disposer" daemon [_thread_blocked, id=15004, stack(0x000000002de40000,0x000000002e040000)]
  0x000000002018e000 JavaThread "Thread-6" [_thread_blocked, id=3392, stack(0x000000002afa0000,0x000000002b1a0000)]
  0x000000002018f000 JavaThread "Thread-7" [_thread_blocked, id=10488, stack(0x000000002c510000,0x000000002c710000)]
  0x000000002018d800 JavaThread "Thread-8" [_thread_blocked, id=8084, stack(0x000000002fb60000,0x000000002fd60000)]
  0x0000000020190800 JavaThread "Timer-0" [_thread_blocked, id=13216, stack(0x000000002c710000,0x000000002c910000)]
  0x000000002018c800 JavaThread "JDI Internal Event Handler" daemon [_thread_blocked, id=7932, stack(0x0000000030d70000,0x0000000030f70000)]
  0x0000000020190000 JavaThread "JDI Target VM Interface" daemon [_thread_blocked, id=1784, stack(0x000000002ff60000,0x0000000030160000)]
  0x0000000020194000 JavaThread "Cleaner-0" daemon [_thread_blocked, id=9284, stack(0x0000000030b60000,0x0000000030d60000)]
  0x0000000020197000 JavaThread "ClassGraph-worker-0" daemon [_thread_blocked, id=8520, stack(0x0000000031170000,0x0000000031370000)]
  0x0000000020195800 JavaThread "BlueJ I/O Handler" [_thread_in_native, id=4200, stack(0x0000000031370000,0x0000000031570000)]
  0x0000000020194800 JavaThread "BlueJ I/O Handler" [_thread_in_native, id=8624, stack(0x0000000031570000,0x0000000031770000)]
  0x0000000020193000 JavaThread "BlueJ I/O Handler" [_thread_blocked, id=2832, stack(0x0000000031770000,0x0000000031970000)]
  0x0000000020199800 JavaThread "ClassGraph-worker-1" daemon [_thread_blocked, id=9364, stack(0x0000000031970000,0x0000000031b70000)]
  0x0000000020196800 JavaThread "ClassGraph-worker-2" daemon [_thread_blocked, id=12976, stack(0x0000000031b70000,0x0000000031d70000)]
  0x0000000020198000 JavaThread "Thread-10" [_thread_blocked, id=13480, stack(0x0000000031d70000,0x0000000031f70000)]
  0x000000002019a800 JavaThread "vm-event-handler" [_thread_blocked, id=7960, stack(0x0000000031f70000,0x0000000032170000)]
  0x0000000020198800 JavaThread "C2 CompilerThread1" daemon [_thread_blocked, id=11636, stack(0x0000000030f70000,0x0000000031170000)]

Other Threads:
=>0x000000001ed24000 VMThread "VM Thread" [stack: 0x000000001edf0000,0x000000001eff0000] [id=13184]
  0x000000002002b000 WatcherThread [stack: 0x0000000020500000,0x0000000020700000] [id=15592]
  0x00000000032c8800 GCTaskThread "GC Thread#0" [stack: 0x0000000002c50000,0x0000000002e50000] [id=15216]
  0x00000000209a8800 GCTaskThread "GC Thread#1" [stack: 0x0000000025e10000,0x0000000026010000] [id=16348]
  0x00000000209a9800 GCTaskThread "GC Thread#2" [stack: 0x0000000026010000,0x0000000026210000] [id=6428]
  0x00000000210e1800 GCTaskThread "GC Thread#3" [stack: 0x0000000026210000,0x0000000026410000] [id=6808]
  0x00000000032d8000 ConcurrentGCThread "G1 Main Marker" [stack: 0x000000001b7a0000,0x000000001b9a0000] [id=8616]
  0x00000000032dd800 ConcurrentGCThread "G1 Conc#0" [stack: 0x000000001b9a0000,0x000000001bba0000] [id=3192]
  0x000000000330e000 ConcurrentGCThread "G1 Refine#0" [stack: 0x000000001dff0000,0x000000001e1f0000] [id=12244]
  0x000000000330f000 ConcurrentGCThread "G1 Young RemSet Sampling" [stack: 0x000000001e1f0000,0x000000001e3f0000] [id=11440]

Threads with active compile tasks:
C1 CompilerThread03664   !   3       io.github.classgraph.ClasspathElementZip$1::open (138 bytes)
C2 CompilerThread13573       4       io.github.classgraph.ClassfileBinaryParser::readClassInfoFromClassfileHeader (2310 bytes)

VM state:at safepoint (normal execution)

VM Mutex/Monitor currently owned by a thread:  ([mutex/lock_event])
[0x00000000032ad970] Threads_lock - owner thread: 0x000000001ed24000
[0x00000000032adc40] Heap_lock - owner thread: 0x0000000020196800

Heap address: 0x00000000e2200000, size: 478 MB, Compressed Oops mode: 32-bit
Narrow klass base: 0x0000000000000000, Narrow klass shift: 3
Compressed class space size: 1073741824 Address: 0x0000000100000000

Heap:
 garbage-first heap   total 167936K, used 26247K [0x00000000e2200000, 0x0000000100000000)
  region size 1024K, 3 young (3072K), 3 survivors (3072K)
 Metaspace       used 46436K, capacity 48810K, committed 48968K, reserved 1091584K
  class space    used 6437K, capacity 7430K, committed 7548K, reserved 1048576K
Heap Regions: E=young(eden), S=young(survivor), O=old, HS=humongous(starts), HC=humongous(continues), CS=collection set, F=free, A=archive, TAMS=top-at-mark-start (previous, next)
|   0|0x00000000e2200000, 0x00000000e2300000, 0x00000000e2300000|100%| O|  |TAMS 0x00000000e2300000, 0x00000000e2200000| Untracked 
|   1|0x00000000e2300000, 0x00000000e2400000, 0x00000000e2400000|100%|HS|  |TAMS 0x00000000e2400000, 0x00000000e2300000| Complete 
|   2|0x00000000e2400000, 0x00000000e2500000, 0x00000000e2500000|100%| O|  |TAMS 0x00000000e2500000, 0x00000000e2400000| Untracked 
|   3|0x00000000e2500000, 0x00000000e2600000, 0x00000000e2600000|100%| O|  |TAMS 0x00000000e2600000, 0x00000000e2500000| Untracked 
|   4|0x00000000e2600000, 0x00000000e2700000, 0x00000000e2700000|100%| O|  |TAMS 0x00000000e2700000, 0x00000000e2600000| Untracked 
|   5|0x00000000e2700000, 0x00000000e2800000, 0x00000000e2800000|100%| O|  |TAMS 0x00000000e2800000, 0x00000000e2700000| Untracked 
|   6|0x00000000e2800000, 0x00000000e2900000, 0x00000000e2900000|100%| O|  |TAMS 0x00000000e2900000, 0x00000000e2800000| Untracked 
|   7|0x00000000e2900000, 0x00000000e2a00000, 0x00000000e2a00000|100%| O|  |TAMS 0x00000000e2a00000, 0x00000000e2900000| Untracked 
|   8|0x00000000e2a00000, 0x00000000e2b00000, 0x00000000e2b00000|100%| O|  |TAMS 0x00000000e2b00000, 0x00000000e2a00000| Untracked 
|   9|0x00000000e2b00000, 0x00000000e2c00000, 0x00000000e2c00000|100%| O|  |TAMS 0x00000000e2c00000, 0x00000000e2b00000| Untracked 
|  10|0x00000000e2c00000, 0x00000000e2d00000, 0x00000000e2d00000|100%| O|  |TAMS 0x00000000e2d00000, 0x00000000e2c00000| Untracked 
|  11|0x00000000e2d00000, 0x00000000e2e00000, 0x00000000e2e00000|100%| O|  |TAMS 0x00000000e2e00000, 0x00000000e2d00000| Untracked 
|  12|0x00000000e2e00000, 0x00000000e2f00000, 0x00000000e2f00000|100%| O|  |TAMS 0x00000000e2f00000, 0x00000000e2e00000| Untracked 
|  13|0x00000000e2f00000, 0x00000000e3000000, 0x00000000e3000000|100%| O|  |TAMS 0x00000000e3000000, 0x00000000e2f00000| Untracked 
|  14|0x00000000e3000000, 0x00000000e3100000, 0x00000000e3100000|100%| O|  |TAMS 0x00000000e3100000, 0x00000000e3000000| Untracked 
|  15|0x00000000e3100000, 0x00000000e3200000, 0x00000000e3200000|100%| O|  |TAMS 0x00000000e3200000, 0x00000000e3100000| Untracked 
|  16|0x00000000e3200000, 0x00000000e3300000, 0x00000000e3300000|100%|HS|  |TAMS 0x00000000e3300000, 0x00000000e3200000| Complete 
|  17|0x00000000e3300000, 0x00000000e3400000, 0x00000000e3400000|100%|HC|  |TAMS 0x00000000e3400000, 0x00000000e3300000| Complete 
|  18|0x00000000e3400000, 0x00000000e3500000, 0x00000000e3500000|100%| O|  |TAMS 0x00000000e3500000, 0x00000000e3400000| Untracked 
|  19|0x00000000e3500000, 0x00000000e3600000, 0x00000000e3600000|100%| O|  |TAMS 0x00000000e3600000, 0x00000000e3500000| Untracked 
|  20|0x00000000e3600000, 0x00000000e3700000, 0x00000000e3700000|100%| O|  |TAMS 0x00000000e3700000, 0x00000000e3600000| Untracked 
|  21|0x00000000e3700000, 0x00000000e3800000, 0x00000000e3800000|100%| O|  |TAMS 0x00000000e3800000, 0x00000000e3700000| Untracked 
|  22|0x00000000e3800000, 0x00000000e3900000, 0x00000000e3900000|100%| O|  |TAMS 0x00000000e3900000, 0x00000000e3800000| Untracked 
|  23|0x00000000e3900000, 0x00000000e3935c00, 0x00000000e3a00000| 20%| O|  |TAMS 0x00000000e3935c00, 0x00000000e3900000| Untracked 
|  24|0x00000000e3a00000, 0x00000000e3a00000, 0x00000000e3b00000|  0%| F|  |TAMS 0x00000000e3a00000, 0x00000000e3a00000| Untracked 
|  25|0x00000000e3b00000, 0x00000000e3b00000, 0x00000000e3c00000|  0%| F|  |TAMS 0x00000000e3b00000, 0x00000000e3b00000| Untracked 
|  26|0x00000000e3c00000, 0x00000000e3c00000, 0x00000000e3d00000|  0%| F|  |TAMS 0x00000000e3c00000, 0x00000000e3c00000| Untracked 
|  27|0x00000000e3d00000, 0x00000000e3d00000, 0x00000000e3e00000|  0%| F|  |TAMS 0x00000000e3d00000, 0x00000000e3d00000| Untracked 
|  28|0x00000000e3e00000, 0x00000000e3e00000, 0x00000000e3f00000|  0%| F|  |TAMS 0x00000000e3e00000, 0x00000000e3e00000| Untracked 
|  29|0x00000000e3f00000, 0x00000000e3f00000, 0x00000000e4000000|  0%| F|  |TAMS 0x00000000e3f00000, 0x00000000e3f00000| Untracked 
|  30|0x00000000e4000000, 0x00000000e4000000, 0x00000000e4100000|  0%| F|  |TAMS 0x00000000e4000000, 0x00000000e4000000| Untracked 
|  31|0x00000000e4100000, 0x00000000e4100000, 0x00000000e4200000|  0%| F|  |TAMS 0x00000000e4100000, 0x00000000e4100000| Untracked 
|  32|0x00000000e4200000, 0x00000000e4200000, 0x00000000e4300000|  0%| F|  |TAMS 0x00000000e4200000, 0x00000000e4200000| Untracked 
|  33|0x00000000e4300000, 0x00000000e4300000, 0x00000000e4400000|  0%| F|  |TAMS 0x00000000e4300000, 0x00000000e4300000| Untracked 
|  34|0x00000000e4400000, 0x00000000e4400000, 0x00000000e4500000|  0%| F|  |TAMS 0x00000000e4400000, 0x00000000e4400000| Untracked 
|  35|0x00000000e4500000, 0x00000000e4500000, 0x00000000e4600000|  0%| F|  |TAMS 0x00000000e4500000, 0x00000000e4500000| Untracked 
|  36|0x00000000e4600000, 0x00000000e4600000, 0x00000000e4700000|  0%| F|  |TAMS 0x00000000e4600000, 0x00000000e4600000| Untracked 
|  37|0x00000000e4700000, 0x00000000e4700000, 0x00000000e4800000|  0%| F|  |TAMS 0x00000000e4700000, 0x00000000e4700000| Untracked 
|  38|0x00000000e4800000, 0x00000000e4800000, 0x00000000e4900000|  0%| F|  |TAMS 0x00000000e4800000, 0x00000000e4800000| Untracked 
|  39|0x00000000e4900000, 0x00000000e4900000, 0x00000000e4a00000|  0%| F|  |TAMS 0x00000000e4900000, 0x00000000e4900000| Untracked 
|  40|0x00000000e4a00000, 0x00000000e4a6c020, 0x00000000e4b00000| 42%| S|CS|TAMS 0x00000000e4a00000, 0x00000000e4a00000| Complete 
|  41|0x00000000e4b00000, 0x00000000e4c00000, 0x00000000e4c00000|100%| S|CS|TAMS 0x00000000e4b00000, 0x00000000e4b00000| Complete 
|  42|0x00000000e4c00000, 0x00000000e4d00000, 0x00000000e4d00000|100%| S|CS|TAMS 0x00000000e4c00000, 0x00000000e4c00000| Complete 
|  43|0x00000000e4d00000, 0x00000000e4d00000, 0x00000000e4e00000|  0%| F|  |TAMS 0x00000000e4d00000, 0x00000000e4d00000| Untracked 
|  44|0x00000000e4e00000, 0x00000000e4e00000, 0x00000000e4f00000|  0%| F|  |TAMS 0x00000000e4e00000, 0x00000000e4e00000| Untracked 
|  45|0x00000000e4f00000, 0x00000000e4f00000, 0x00000000e5000000|  0%| F|  |TAMS 0x00000000e4f00000, 0x00000000e4f00000| Untracked 
|  46|0x00000000e5000000, 0x00000000e5000000, 0x00000000e5100000|  0%| F|  |TAMS 0x00000000e5000000, 0x00000000e5000000| Untracked 
|  47|0x00000000e5100000, 0x00000000e5100000, 0x00000000e5200000|  0%| F|  |TAMS 0x00000000e5100000, 0x00000000e5100000| Untracked 
|  48|0x00000000e5200000, 0x00000000e5200000, 0x00000000e5300000|  0%| F|  |TAMS 0x00000000e5200000, 0x00000000e5200000| Untracked 
|  49|0x00000000e5300000, 0x00000000e5300000, 0x00000000e5400000|  0%| F|  |TAMS 0x00000000e5300000, 0x00000000e5300000| Untracked 
|  50|0x00000000e5400000, 0x00000000e5400000, 0x00000000e5500000|  0%| F|  |TAMS 0x00000000e5400000, 0x00000000e5400000| Untracked 
|  51|0x00000000e5500000, 0x00000000e5500000, 0x00000000e5600000|  0%| F|  |TAMS 0x00000000e5500000, 0x00000000e5500000| Untracked 
|  52|0x00000000e5600000, 0x00000000e5600000, 0x00000000e5700000|  0%| F|  |TAMS 0x00000000e5600000, 0x00000000e5600000| Untracked 
|  53|0x00000000e5700000, 0x00000000e5700000, 0x00000000e5800000|  0%| F|  |TAMS 0x00000000e5700000, 0x00000000e5700000| Untracked 
|  54|0x00000000e5800000, 0x00000000e5800000, 0x00000000e5900000|  0%| F|  |TAMS 0x00000000e5800000, 0x00000000e5800000| Untracked 
|  55|0x00000000e5900000, 0x00000000e5900000, 0x00000000e5a00000|  0%| F|  |TAMS 0x00000000e5900000, 0x00000000e5900000| Untracked 
|  56|0x00000000e5a00000, 0x00000000e5a00000, 0x00000000e5b00000|  0%| F|  |TAMS 0x00000000e5a00000, 0x00000000e5a00000| Untracked 
|  57|0x00000000e5b00000, 0x00000000e5b00000, 0x00000000e5c00000|  0%| F|  |TAMS 0x00000000e5b00000, 0x00000000e5b00000| Untracked 
|  58|0x00000000e5c00000, 0x00000000e5c00000, 0x00000000e5d00000|  0%| F|  |TAMS 0x00000000e5c00000, 0x00000000e5c00000| Untracked 
|  59|0x00000000e5d00000, 0x00000000e5d00000, 0x00000000e5e00000|  0%| F|  |TAMS 0x00000000e5d00000, 0x00000000e5d00000| Untracked 
|  60|0x00000000e5e00000, 0x00000000e5e00000, 0x00000000e5f00000|  0%| F|  |TAMS 0x00000000e5e00000, 0x00000000e5e00000| Untracked 
|  61|0x00000000e5f00000, 0x00000000e5f00000, 0x00000000e6000000|  0%| F|  |TAMS 0x00000000e5f00000, 0x00000000e5f00000| Untracked 
|  62|0x00000000e6000000, 0x00000000e6000000, 0x00000000e6100000|  0%| F|  |TAMS 0x00000000e6000000, 0x00000000e6000000| Untracked 
|  63|0x00000000e6100000, 0x00000000e6100000, 0x00000000e6200000|  0%| F|  |TAMS 0x00000000e6100000, 0x00000000e6100000| Untracked 
|  64|0x00000000e6200000, 0x00000000e6200000, 0x00000000e6300000|  0%| F|  |TAMS 0x00000000e6200000, 0x00000000e6200000| Untracked 
|  65|0x00000000e6300000, 0x00000000e6300000, 0x00000000e6400000|  0%| F|  |TAMS 0x00000000e6300000, 0x00000000e6300000| Untracked 
|  66|0x00000000e6400000, 0x00000000e6400000, 0x00000000e6500000|  0%| F|  |TAMS 0x00000000e6400000, 0x00000000e6400000| Untracked 
|  67|0x00000000e6500000, 0x00000000e6500000, 0x00000000e6600000|  0%| F|  |TAMS 0x00000000e6500000, 0x00000000e6500000| Untracked 
|  68|0x00000000e6600000, 0x00000000e6600000, 0x00000000e6700000|  0%| F|  |TAMS 0x00000000e6600000, 0x00000000e6600000| Untracked 
|  69|0x00000000e6700000, 0x00000000e6700000, 0x00000000e6800000|  0%| F|  |TAMS 0x00000000e6700000, 0x00000000e6700000| Untracked 
|  70|0x00000000e6800000, 0x00000000e6800000, 0x00000000e6900000|  0%| F|  |TAMS 0x00000000e6800000, 0x00000000e6800000| Untracked 
|  71|0x00000000e6900000, 0x00000000e6900000, 0x00000000e6a00000|  0%| F|  |TAMS 0x00000000e6900000, 0x00000000e6900000| Untracked 
|  72|0x00000000e6a00000, 0x00000000e6a00000, 0x00000000e6b00000|  0%| F|  |TAMS 0x00000000e6a00000, 0x00000000e6a00000| Untracked 
|  73|0x00000000e6b00000, 0x00000000e6b00000, 0x00000000e6c00000|  0%| F|  |TAMS 0x00000000e6b00000, 0x00000000e6b00000| Untracked 
|  74|0x00000000e6c00000, 0x00000000e6c00000, 0x00000000e6d00000|  0%| F|  |TAMS 0x00000000e6c00000, 0x00000000e6c00000| Untracked 
|  75|0x00000000e6d00000, 0x00000000e6d00000, 0x00000000e6e00000|  0%| F|  |TAMS 0x00000000e6d00000, 0x00000000e6d00000| Untracked 
|  76|0x00000000e6e00000, 0x00000000e6e00000, 0x00000000e6f00000|  0%| F|  |TAMS 0x00000000e6e00000, 0x00000000e6e00000| Untracked 
|  77|0x00000000e6f00000, 0x00000000e6f00000, 0x00000000e7000000|  0%| F|  |TAMS 0x00000000e6f00000, 0x00000000e6f00000| Untracked 
|  78|0x00000000e7000000, 0x00000000e7000000, 0x00000000e7100000|  0%| F|  |TAMS 0x00000000e7000000, 0x00000000e7000000| Untracked 
|  79|0x00000000e7100000, 0x00000000e7100000, 0x00000000e7200000|  0%| F|  |TAMS 0x00000000e7100000, 0x00000000e7100000| Untracked 
|  80|0x00000000e7200000, 0x00000000e7200000, 0x00000000e7300000|  0%| F|  |TAMS 0x00000000e7200000, 0x00000000e7200000| Untracked 
|  81|0x00000000e7300000, 0x00000000e7300000, 0x00000000e7400000|  0%| F|  |TAMS 0x00000000e7300000, 0x00000000e7300000| Untracked 
|  82|0x00000000e7400000, 0x00000000e7400000, 0x00000000e7500000|  0%| F|  |TAMS 0x00000000e7400000, 0x00000000e7400000| Untracked 
|  83|0x00000000e7500000, 0x00000000e7500000, 0x00000000e7600000|  0%| F|  |TAMS 0x00000000e7500000, 0x00000000e7500000| Untracked 
|  84|0x00000000e7600000, 0x00000000e7600000, 0x00000000e7700000|  0%| F|  |TAMS 0x00000000e7600000, 0x00000000e7600000| Untracked 

Card table byte_map: [0x000000001a6c0000,0x000000001a7b0000] _byte_map_base: 0x0000000019faf000

Marking Bits (Prev, Next): (CMBitMap*) 0x00000000032d5870, (CMBitMap*) 0x00000000032d5838
 Prev Bits: [0x000000001b020000, 0x000000001b798000)
 Next Bits: [0x000000001a8a0000, 0x000000001b018000)

Polling page: 0x0000000000180000

Metaspace:

Usage:
  Non-class:     40.41 MB capacity,    39.06 MB ( 97%) used,     1.11 MB (  3%) free+waste,   247.56 KB ( <1%) overhead. 
      Class:      7.26 MB capacity,     6.29 MB ( 87%) used,   863.57 KB ( 12%) free+waste,   129.00 KB (  2%) overhead. 
       Both:     47.67 MB capacity,    45.35 MB ( 95%) used,     1.95 MB (  4%) free+waste,   376.56 KB ( <1%) overhead. 

Virtual space:
  Non-class space:       42.00 MB reserved,      40.45 MB ( 96%) committed 
      Class space:        1.00 GB reserved,       7.37 MB ( <1%) committed 
             Both:        1.04 GB reserved,      47.82 MB (  4%) committed 

Chunk freelists:
   Non-Class:  5.00 KB
       Class:  3.25 KB
        Both:  8.25 KB

CodeHeap 'non-profiled nmethods': size=120064Kb used=1880Kb max_used=1880Kb free=118183Kb
 bounds [0x0000000013070000, 0x00000000132e0000, 0x000000001a5b0000]
CodeHeap 'profiled nmethods': size=120000Kb used=7164Kb max_used=7164Kb free=112835Kb
 bounds [0x000000000bb40000, 0x000000000c240000, 0x0000000013070000]
CodeHeap 'non-nmethods': size=5696Kb used=1494Kb max_used=1530Kb free=4202Kb
 bounds [0x000000000b5b0000, 0x000000000b820000, 0x000000000bb40000]
 total_blobs=5462 nmethods=3647 adapters=929
 compilation: enabled
              stopped_count=0, restarted_count=0
 full_count=0

Compilation events (10 events):
Event: 29.266 Thread 0x000000001ed6a000 nmethod 3659 0x000000000c23d110 code [0x000000000c23d2e0, 0x000000000c23d570]
Event: 29.266 Thread 0x000000001ed6a000 3660       3       java.util.WeakHashMap$EntryIterator::next (5 bytes)
Event: 29.266 Thread 0x000000001ed6a000 nmethod 3660 0x000000000c23d610 code [0x000000000c23d7c0, 0x000000000c23d9d0]
Event: 29.267 Thread 0x000000001ed6a000 3661       3       java.nio.IntBuffer::position (8 bytes)
Event: 29.267 Thread 0x000000001ed6a000 nmethod 3661 0x000000000c23da90 code [0x000000000c23dc40, 0x000000000c23ddf0]
Event: 29.267 Thread 0x000000001ed6a000 3662       3       java.nio.IntBuffer::put (9 bytes)
Event: 29.268 Thread 0x000000001ed6a000 nmethod 3662 0x000000000c23de90 code [0x000000000c23e060, 0x000000000c23e290]
Event: 29.268 Thread 0x000000001ed6a000 3663   !   3       java.nio.DirectIntBufferS::put (187 bytes)
Event: 29.271 Thread 0x000000001ed6a000 nmethod 3663 0x000000000c23e390 code [0x000000000c23e600, 0x000000000c23ef30]
Event: 29.271 Thread 0x000000001ed6a000 3664   !   3       io.github.classgraph.ClasspathElementZip$1::open (138 bytes)

GC Heap History (10 events):
Event: 26.407 GC heap after
{Heap after GC invocations=31 (full 0):
 garbage-first heap   total 48128K, used 24299K [0x00000000e2200000, 0x0000000100000000)
  region size 1024K, 1 young (1024K), 1 survivors (1024K)
 Metaspace       used 46236K, capacity 48572K, committed 48840K, reserved 1091584K
  class space    used 6419K, capacity 7393K, committed 7420K, reserved 1048576K
}
Event: 26.495 GC heap before
{Heap before GC invocations=31 (full 0):
 garbage-first heap   total 48128K, used 34539K [0x00000000e2200000, 0x0000000100000000)
  region size 1024K, 12 young (12288K), 1 survivors (1024K)
 Metaspace       used 46236K, capacity 48572K, committed 48840K, reserved 1091584K
  class space    used 6419K, capacity 7393K, committed 7420K, reserved 1048576K
}
Event: 26.508 GC heap after
{Heap after GC invocations=32 (full 0):
 garbage-first heap   total 87040K, used 24518K [0x00000000e2200000, 0x0000000100000000)
  region size 1024K, 1 young (1024K), 1 survivors (1024K)
 Metaspace       used 46236K, capacity 48572K, committed 48840K, reserved 1091584K
  class space    used 6419K, capacity 7393K, committed 7420K, reserved 1048576K
}
Event: 26.875 GC heap before
{Heap before GC invocations=33 (full 0):
 garbage-first heap   total 87040K, used 52166K [0x00000000e2200000, 0x0000000100000000)
  region size 1024K, 30 young (30720K), 1 survivors (1024K)
 Metaspace       used 46243K, capacity 48572K, committed 48840K, reserved 1091584K
  class space    used 6419K, capacity 7393K, committed 7420K, reserved 1048576K
}
Event: 26.886 GC heap after
{Heap after GC invocations=34 (full 0):
 garbage-first heap   total 87040K, used 24819K [0x00000000e2200000, 0x0000000100000000)
  region size 1024K, 2 young (2048K), 2 survivors (2048K)
 Metaspace       used 46243K, capacity 48572K, committed 48840K, reserved 1091584K
  class space    used 6419K, capacity 7393K, committed 7420K, reserved 1048576K
}
Event: 27.584 GC heap before
{Heap before GC invocations=34 (full 0):
 garbage-first heap   total 87040K, used 63731K [0x00000000e2200000, 0x0000000100000000)
  region size 1024K, 41 young (41984K), 2 survivors (2048K)
 Metaspace       used 46286K, capacity 48572K, committed 48840K, reserved 1091584K
  class space    used 6422K, capacity 7393K, committed 7420K, reserved 1048576K
}
Event: 27.593 GC heap after
{Heap after GC invocations=35 (full 0):
 garbage-first heap   total 87040K, used 25272K [0x00000000e2200000, 0x0000000100000000)
  region size 1024K, 2 young (2048K), 2 survivors (2048K)
 Metaspace       used 46286K, capacity 48572K, committed 48840K, reserved 1091584K
  class space    used 6422K, capacity 7393K, committed 7420K, reserved 1048576K
}
Event: 28.917 GC heap before
{Heap before GC invocations=35 (full 0):
 garbage-first heap   total 87040K, used 67256K [0x00000000e2200000, 0x0000000100000000)
  region size 1024K, 45 young (46080K), 2 survivors (2048K)
 Metaspace       used 46420K, capacity 48778K, committed 48840K, reserved 1091584K
  class space    used 6436K, capacity 7398K, committed 7420K, reserved 1048576K
}
Event: 28.936 GC heap after
{Heap after GC invocations=36 (full 0):
 garbage-first heap   total 87040K, used 25798K [0x00000000e2200000, 0x0000000100000000)
  region size 1024K, 2 young (2048K), 2 survivors (2048K)
 Metaspace       used 46420K, capacity 48778K, committed 48840K, reserved 1091584K
  class space    used 6436K, capacity 7398K, committed 7420K, reserved 1048576K
}
Event: 29.311 GC heap before
{Heap before GC invocations=36 (full 0):
 garbage-first heap   total 87040K, used 67782K [0x00000000e2200000, 0x0000000100000000)
  region size 1024K, 44 young (45056K), 2 survivors (2048K)
 Metaspace       used 46436K, capacity 48810K, committed 48968K, reserved 1091584K
  class space    used 6437K, capacity 7430K, committed 7548K, reserved 1048576K
}

Deoptimization events (10 events):
Event: 23.831 Thread 0x00000000210e4800 Uncommon trap: reason=array_check action=maybe_recompile pc=0x00000000131d1e7c method=javafx.css.SimpleSelector.applies(Ljavafx/css/Styleable;[Ljava/util/Set;I)Z @ 37 c2
Event: 25.339 Thread 0x0000000020197000 Uncommon trap: reason=unstable_if action=reinterpret pc=0x000000001317b3d8 method=java.util.zip.InflaterInputStream.read([BII)I @ 41 c2
Event: 26.012 Thread 0x0000000020196800 Uncommon trap: reason=unstable_if action=reinterpret pc=0x000000001320556c method=io.github.classgraph.utils.InputStreamOrByteBufferAdapter.readUnsignedShort()I @ 10 c2
Event: 26.511 Thread 0x0000000020196800 Uncommon trap: reason=unstable_if action=reinterpret pc=0x0000000013205bb0 method=io.github.classgraph.utils.InputStreamOrByteBufferAdapter.readUnsignedByte()I @ 10 c2
Event: 28.366 Thread 0x0000000020b0d800 Uncommon trap: reason=bimorphic_or_optimized_type_check action=maybe_recompile pc=0x00000000131c7230 method=java.util.WeakHashMap.eq(Ljava/lang/Object;Ljava/lang/Object;)Z @ 7 c2
Event: 28.369 Thread 0x0000000020b0d800 Uncommon trap: reason=bimorphic_or_optimized_type_check action=maybe_recompile pc=0x00000000131c7230 method=java.util.WeakHashMap.eq(Ljava/lang/Object;Ljava/lang/Object;)Z @ 7 c2
Event: 28.706 Thread 0x0000000020b0d800 Uncommon trap: reason=bimorphic_or_optimized_type_check action=maybe_recompile pc=0x00000000131c7230 method=java.util.WeakHashMap.eq(Ljava/lang/Object;Ljava/lang/Object;)Z @ 7 c2
Event: 28.821 Thread 0x0000000020b0d800 Uncommon trap: reason=bimorphic_or_optimized_type_check action=maybe_recompile pc=0x00000000131c7230 method=java.util.WeakHashMap.eq(Ljava/lang/Object;Ljava/lang/Object;)Z @ 7 c2
Event: 29.221 Thread 0x0000000020199800 Uncommon trap: reason=unstable_if action=reinterpret pc=0x0000000013225070 method=io.github.classgraph.utils.InputStreamOrByteBufferAdapter.readUnsignedByte()I @ 10 c2
Event: 29.256 Thread 0x0000000020199800 Uncommon trap: reason=unstable_if action=reinterpret pc=0x0000000013240d28 method=java.util.concurrent.ConcurrentLinkedQueue.updateHead(Ljava/util/concurrent/ConcurrentLinkedQueue$Node;Ljava/util/concurrent/ConcurrentLinkedQueue$Node;)V @ 14 c2

Classes redefined (0 events):
No events

Internal exceptions (10 events):
Event: 19.791 Thread 0x000000002018e000 Exception <a 'java/lang/NoSuchMethodError'{0x00000000e38c3c20}: java.lang.invoke.Invokers$Holder.linkToTargetMethod(JLjava/lang/Object;)Ljava/lang/Object;> (0x00000000e38c3c20) thrown at [t:/workspace/open/src/hotspot/share/interpreter/linkResolver.cpp, l
Event: 21.394 Thread 0x00000000210e4800 Exception <a 'java/io/FileNotFoundException'{0x00000000e3c73d50}> (0x00000000e3c73d50) thrown at [t:/workspace/open/src/hotspot/share/prims/jni.cpp, line 615]
Event: 21.642 Thread 0x00000000210e4800 Exception <a 'java/io/FileNotFoundException'{0x00000000e3b83a00}> (0x00000000e3b83a00) thrown at [t:/workspace/open/src/hotspot/share/prims/jni.cpp, line 615]
Event: 22.374 Thread 0x000000002018e000 Exception <a 'java/lang/NoSuchMethodError'{0x00000000e3800d30}: java.lang.invoke.DirectMethodHandle$Holder.invokeStatic(Ljava/lang/Object;Ljava/lang/Object;JLjava/lang/Object;)Ljava/lang/Object;> (0x00000000e3800d30) thrown at [t:/workspace/open/src/hotsp
Event: 22.376 Thread 0x000000002018e000 Exception <a 'java/lang/NoSuchMethodError'{0x00000000e3803b68}: java.lang.invoke.DirectMethodHandle$Holder.invokeStaticInit(Ljava/lang/Object;Ljava/lang/Object;JLjava/lang/Object;)Ljava/lang/Object;> (0x00000000e3803b68) thrown at [t:/workspace/open/src/h
Event: 23.975 Thread 0x00000000210e4800 Exception <a 'java/lang/NoSuchMethodError'{0x00000000e3afe300}: java.lang.invoke.DirectMethodHandle$Holder.invokeStatic(Ljava/lang/Object;Ljava/lang/Object;)D> (0x00000000e3afe300) thrown at [t:/workspace/open/src/hotspot/share/interpreter/linkResolver.cp
Event: 24.028 Thread 0x00000000210e4800 Exception <a 'java/lang/NoSuchMethodError'{0x00000000e391d078}: java.lang.invoke.DirectMethodHandle$Holder.invokeStatic(Ljava/lang/Object;Ljava/lang/Object;D)V> (0x00000000e391d078) thrown at [t:/workspace/open/src/hotspot/share/interpreter/linkResolver.c
Event: 24.848 Thread 0x00000000210e4800 Exception <a 'java/lang/NoSuchMethodError'{0x00000000e3faaeb0}: java.lang.invoke.DirectMethodHandle$Holder.invokeStatic(Ljava/lang/Object;Ljava/lang/Object;I)V> (0x00000000e3faaeb0) thrown at [t:/workspace/open/src/hotspot/share/interpreter/linkResolver.c
Event: 24.970 Thread 0x000000002018f000 Exception <a 'java/lang/NoSuchMethodError'{0x00000000e3ef0f28}: java.lang.invoke.DirectMethodHandle$Holder.invokeSpecialIFC(Ljava/lang/Object;Ljava/lang/Object;I)I> (0x00000000e3ef0f28) thrown at [t:/workspace/open/src/hotspot/share/interpreter/linkResolv
Event: 28.730 Thread 0x0000000020b0d800 Exception <a 'java/lang/NoSuchMethodError'{0x00000000e5bffd20}: java.lang.invoke.DirectMethodHandle$Holder.invokeStaticInit(Ljava/lang/Object;I)Ljava/lang/Object;> (0x00000000e5bffd20) thrown at [t:/workspace/open/src/hotspot/share/interpreter/linkResolve

Events (10 events):
Event: 29.120 Executing VM operation: RevokeBias done
Event: 29.189 Executing VM operation: RevokeBias
Event: 29.190 Executing VM operation: RevokeBias done
Event: 29.221 Thread 0x0000000020199800 Uncommon trap: trap_request=0xffffff4d fr.pc=0x0000000013225070 relative=0x00000000000034b0
Event: 29.221 Thread 0x0000000020199800 DEOPT PACKING pc=0x0000000013225070 sp=0x0000000031b6ee40
Event: 29.221 Thread 0x0000000020199800 DEOPT UNPACKING pc=0x000000000b5d8329 sp=0x0000000031b6ecf0 mode 2
Event: 29.256 Thread 0x0000000020199800 Uncommon trap: trap_request=0xffffff4d fr.pc=0x0000000013240d28 relative=0x00000000000010e8
Event: 29.256 Thread 0x0000000020199800 DEOPT PACKING pc=0x0000000013240d28 sp=0x0000000031b6ee50
Event: 29.256 Thread 0x0000000020199800 DEOPT UNPACKING pc=0x000000000b5d8329 sp=0x0000000031b6ec68 mode 2
Event: 29.275 Executing VM operation: G1CollectForAllocation


Dynamic libraries:
0x0000000000400000 - 0x00000000004d5000 	C:\Program Files\Greenfoot\Greenfoot.exe
0x00007ff899700000 - 0x00007ff8998f0000 	C:\WINDOWS\SYSTEM32\ntdll.dll
0x00007ff8988d0000 - 0x00007ff898982000 	C:\WINDOWS\System32\KERNEL32.DLL
0x00007ff897000000 - 0x00007ff8972a5000 	C:\WINDOWS\System32\KERNELBASE.dll
0x00007ff898830000 - 0x00007ff8988ce000 	C:\WINDOWS\System32\msvcrt.dll
0x00007ff897f90000 - 0x00007ff898678000 	C:\WINDOWS\System32\SHELL32.dll
0x00007ff897380000 - 0x00007ff89747a000 	C:\WINDOWS\System32\ucrtbase.dll
0x00007ff8974b0000 - 0x00007ff8974fa000 	C:\WINDOWS\System32\cfgmgr32.dll
0x00007ff899610000 - 0x00007ff8996b7000 	C:\WINDOWS\System32\shcore.dll
0x00007ff898b40000 - 0x00007ff898c5f000 	C:\WINDOWS\System32\RPCRT4.dll
0x00007ff898cc0000 - 0x00007ff898ff7000 	C:\WINDOWS\System32\combase.dll
0x00007ff897530000 - 0x00007ff8975b1000 	C:\WINDOWS\System32\bcryptPrimitives.dll
0x00007ff896820000 - 0x00007ff896f9b000 	C:\WINDOWS\System32\windows.storage.dll
0x00007ff897710000 - 0x00007ff8977ae000 	C:\WINDOWS\System32\msvcp_win.dll
0x00007ff897850000 - 0x00007ff8978e7000 	C:\WINDOWS\System32\sechost.dll
0x00007ff897900000 - 0x00007ff8979a3000 	C:\WINDOWS\System32\advapi32.dll
0x00007ff896630000 - 0x00007ff896653000 	C:\WINDOWS\System32\profapi.dll
0x00007ff8965e0000 - 0x00007ff89662a000 	C:\WINDOWS\System32\powrprof.dll
0x00007ff8965b0000 - 0x00007ff8965c0000 	C:\WINDOWS\System32\UMPDC.dll
0x00007ff8977f0000 - 0x00007ff897842000 	C:\WINDOWS\System32\shlwapi.dll
0x00007ff898c60000 - 0x00007ff898c86000 	C:\WINDOWS\System32\GDI32.dll
0x00007ff897480000 - 0x00007ff8974a1000 	C:\WINDOWS\System32\win32u.dll
0x00007ff896680000 - 0x00007ff896818000 	C:\WINDOWS\System32\gdi32full.dll
0x00007ff897ae0000 - 0x00007ff897c74000 	C:\WINDOWS\System32\USER32.dll
0x00007ff8965c0000 - 0x00007ff8965d1000 	C:\WINDOWS\System32\kernel.appcore.dll
0x00007ff8972b0000 - 0x00007ff8972c7000 	C:\WINDOWS\System32\cryptsp.dll
0x00007ff88cf10000 - 0x00007ff88cf1a000 	C:\WINDOWS\SYSTEM32\VERSION.dll
0x00007ff8977b0000 - 0x00007ff8977de000 	C:\WINDOWS\System32\IMM32.DLL
0x00007ff84e370000 - 0x00007ff84ee93000 	C:\Program Files\Greenfoot\jdk\bin\server\jvm.dll
0x00007ff898cb0000 - 0x00007ff898cb8000 	C:\WINDOWS\System32\PSAPI.DLL
0x00007ff88c760000 - 0x00007ff88c784000 	C:\WINDOWS\SYSTEM32\WINMM.dll
0x00007ff895090000 - 0x00007ff895099000 	C:\WINDOWS\SYSTEM32\WSOCK32.dll
0x00007ff899130000 - 0x00007ff89919f000 	C:\WINDOWS\System32\WS2_32.dll
0x00007ff873210000 - 0x00007ff873226000 	C:\Program Files\Greenfoot\jdk\bin\VCRUNTIME140.dll
0x00007ff88c730000 - 0x00007ff88c75d000 	C:\WINDOWS\SYSTEM32\WINMMBASE.dll
0x00007ff86d1a0000 - 0x00007ff86d1b1000 	C:\Program Files\Greenfoot\jdk\bin\verify.dll
0x00007ff894e60000 - 0x00007ff895054000 	C:\WINDOWS\SYSTEM32\DBGHELP.DLL
0x00007ff88f4e0000 - 0x00007ff88f50a000 	C:\WINDOWS\SYSTEM32\dbgcore.DLL
0x00007ff866000000 - 0x00007ff866028000 	C:\Program Files\Greenfoot\jdk\bin\java.dll
0x00007ff86cba0000 - 0x00007ff86cbb6000 	C:\Program Files\Greenfoot\jdk\bin\zip.dll
0x00007ff8845e0000 - 0x00007ff8845ea000 	C:\Program Files\Greenfoot\jdk\bin\jimage.dll
0x00007ff874240000 - 0x00007ff874259000 	C:\Program Files\Greenfoot\jdk\bin\net.dll
0x00007ff891710000 - 0x00007ff891800000 	C:\WINDOWS\SYSTEM32\WINHTTP.dll
0x00007ff889c70000 - 0x00007ff889e46000 	C:\WINDOWS\SYSTEM32\urlmon.dll
0x00007ff88a530000 - 0x00007ff88a7d7000 	C:\WINDOWS\SYSTEM32\iertutil.dll
0x00007ff895f60000 - 0x00007ff895f6c000 	C:\WINDOWS\SYSTEM32\CRYPTBASE.DLL
0x00007ff895d90000 - 0x00007ff895df7000 	C:\WINDOWS\system32\mswsock.dll
0x00007ff866f00000 - 0x00007ff866f13000 	C:\Program Files\Greenfoot\jdk\bin\nio.dll
0x0000000180000000 - 0x0000000180003000 	C:\Program Files\Greenfoot\lib\javafx\bin\api-ms-win-core-console-l1-1-0.dll
0x00000000001e0000 - 0x00000000001e3000 	C:\Program Files\Greenfoot\lib\javafx\bin\api-ms-win-core-datetime-l1-1-0.dll
0x00000000001f0000 - 0x00000000001f3000 	C:\Program Files\Greenfoot\lib\javafx\bin\api-ms-win-core-debug-l1-1-0.dll
0x00000000006e0000 - 0x00000000006e3000 	C:\Program Files\Greenfoot\lib\javafx\bin\api-ms-win-core-errorhandling-l1-1-0.dll
0x00000000006f0000 - 0x00000000006f4000 	C:\Program Files\Greenfoot\lib\javafx\bin\api-ms-win-core-file-l1-1-0.dll
0x0000000000700000 - 0x0000000000703000 	C:\Program Files\Greenfoot\lib\javafx\bin\api-ms-win-core-file-l1-2-0.dll
0x0000000000710000 - 0x0000000000713000 	C:\Program Files\Greenfoot\lib\javafx\bin\api-ms-win-core-file-l2-1-0.dll
0x0000000000720000 - 0x0000000000723000 	C:\Program Files\Greenfoot\lib\javafx\bin\api-ms-win-core-handle-l1-1-0.dll
0x0000000000730000 - 0x0000000000733000 	C:\Program Files\Greenfoot\lib\javafx\bin\api-ms-win-core-heap-l1-1-0.dll
0x0000000000740000 - 0x0000000000743000 	C:\Program Files\Greenfoot\lib\javafx\bin\api-ms-win-core-interlocked-l1-1-0.dll
0x0000000000750000 - 0x0000000000753000 	C:\Program Files\Greenfoot\lib\javafx\bin\api-ms-win-core-libraryloader-l1-1-0.dll
0x0000000000760000 - 0x0000000000763000 	C:\Program Files\Greenfoot\lib\javafx\bin\api-ms-win-core-localization-l1-2-0.dll
0x0000000000770000 - 0x0000000000773000 	C:\Program Files\Greenfoot\lib\javafx\bin\api-ms-win-core-memory-l1-1-0.dll
0x0000000000780000 - 0x0000000000783000 	C:\Program Files\Greenfoot\lib\javafx\bin\api-ms-win-core-namedpipe-l1-1-0.dll
0x0000000021300000 - 0x0000000021303000 	C:\Program Files\Greenfoot\lib\javafx\bin\api-ms-win-core-processenvironment-l1-1-0.dll
0x0000000021310000 - 0x0000000021313000 	C:\Program Files\Greenfoot\lib\javafx\bin\api-ms-win-core-processthreads-l1-1-0.dll
0x0000000021320000 - 0x0000000021323000 	C:\Program Files\Greenfoot\lib\javafx\bin\api-ms-win-core-processthreads-l1-1-1.dll
0x0000000021330000 - 0x0000000021333000 	C:\Program Files\Greenfoot\lib\javafx\bin\api-ms-win-core-profile-l1-1-0.dll
0x0000000021340000 - 0x0000000021343000 	C:\Program Files\Greenfoot\lib\javafx\bin\api-ms-win-core-rtlsupport-l1-1-0.dll
0x0000000021350000 - 0x0000000021353000 	C:\Program Files\Greenfoot\lib\javafx\bin\api-ms-win-core-string-l1-1-0.dll
0x0000000021360000 - 0x0000000021363000 	C:\Program Files\Greenfoot\lib\javafx\bin\api-ms-win-core-synch-l1-1-0.dll
0x0000000021370000 - 0x0000000021373000 	C:\Program Files\Greenfoot\lib\javafx\bin\api-ms-win-core-synch-l1-2-0.dll
0x0000000021380000 - 0x0000000021383000 	C:\Program Files\Greenfoot\lib\javafx\bin\api-ms-win-core-sysinfo-l1-1-0.dll
0x0000000021390000 - 0x0000000021393000 	C:\Program Files\Greenfoot\lib\javafx\bin\api-ms-win-core-timezone-l1-1-0.dll
0x00000000213a0000 - 0x00000000213a3000 	C:\Program Files\Greenfoot\lib\javafx\bin\api-ms-win-core-util-l1-1-0.dll
0x00000000213b0000 - 0x00000000213b3000 	C:\Program Files\Greenfoot\lib\javafx\bin\api-ms-win-crt-conio-l1-1-0.dll
0x00000000213c0000 - 0x00000000213c4000 	C:\Program Files\Greenfoot\lib\javafx\bin\api-ms-win-crt-convert-l1-1-0.dll
0x00000000213d0000 - 0x00000000213d3000 	C:\Program Files\Greenfoot\lib\javafx\bin\api-ms-win-crt-environment-l1-1-0.dll
0x00000000213e0000 - 0x00000000213e3000 	C:\Program Files\Greenfoot\lib\javafx\bin\api-ms-win-crt-filesystem-l1-1-0.dll
0x00000000213f0000 - 0x00000000213f3000 	C:\Program Files\Greenfoot\lib\javafx\bin\api-ms-win-crt-heap-l1-1-0.dll
0x0000000021400000 - 0x0000000021403000 	C:\Program Files\Greenfoot\lib\javafx\bin\api-ms-win-crt-locale-l1-1-0.dll
0x0000000021410000 - 0x0000000021415000 	C:\Program Files\Greenfoot\lib\javafx\bin\api-ms-win-crt-math-l1-1-0.dll
0x0000000021420000 - 0x0000000021425000 	C:\Program Files\Greenfoot\lib\javafx\bin\api-ms-win-crt-multibyte-l1-1-0.dll
0x0000000021430000 - 0x0000000021440000 	C:\Program Files\Greenfoot\lib\javafx\bin\api-ms-win-crt-private-l1-1-0.dll
0x0000000021440000 - 0x0000000021443000 	C:\Program Files\Greenfoot\lib\javafx\bin\api-ms-win-crt-process-l1-1-0.dll
0x0000000021450000 - 0x0000000021454000 	C:\Program Files\Greenfoot\lib\javafx\bin\api-ms-win-crt-runtime-l1-1-0.dll
0x0000000021460000 - 0x0000000021464000 	C:\Program Files\Greenfoot\lib\javafx\bin\api-ms-win-crt-stdio-l1-1-0.dll
0x0000000021470000 - 0x0000000021474000 	C:\Program Files\Greenfoot\lib\javafx\bin\api-ms-win-crt-string-l1-1-0.dll
0x0000000021480000 - 0x0000000021483000 	C:\Program Files\Greenfoot\lib\javafx\bin\api-ms-win-crt-time-l1-1-0.dll
0x0000000021490000 - 0x0000000021493000 	C:\Program Files\Greenfoot\lib\javafx\bin\api-ms-win-crt-utility-l1-1-0.dll
0x00007ff85b910000 - 0x00007ff85ba0a000 	C:\Program Files\Greenfoot\lib\javafx\bin\ucrtbase.dll
0x00007ff8742a0000 - 0x00007ff8742b6000 	C:\Program Files\Greenfoot\lib\javafx\bin\vcruntime140.dll
0x00007ff859fc0000 - 0x00007ff85a066000 	C:\Program Files\Greenfoot\lib\javafx\bin\msvcp140.dll
0x00007ff858d20000 - 0x00007ff858d71000 	C:\Program Files\Greenfoot\lib\javafx\bin\concrt140.dll
0x00007ff874270000 - 0x00007ff874293000 	C:\Program Files\Greenfoot\lib\javafx\bin\prism_d3d.dll
0x00007ff8672b0000 - 0x00007ff867477000 	C:\WINDOWS\system32\d3d9.dll
0x00007ff894af0000 - 0x00007ff894b1d000 	C:\WINDOWS\SYSTEM32\dwmapi.dll
0x00007ff895260000 - 0x00007ff895280000 	C:\WINDOWS\SYSTEM32\dxcore.dll
0x00007ff894500000 - 0x00007ff894599000 	C:\WINDOWS\system32\uxtheme.dll
0x00007ff8867d0000 - 0x00007ff886f11000 	C:\WINDOWS\SYSTEM32\d3d10warp.dll
0x00007ff85c400000 - 0x00007ff85c445000 	C:\Program Files\Greenfoot\lib\javafx\bin\glass.dll
0x00007ff897a10000 - 0x00007ff897ae0000 	C:\WINDOWS\System32\COMDLG32.dll
0x00007ff897d30000 - 0x00007ff897e87000 	C:\WINDOWS\System32\ole32.dll
0x00007ff899060000 - 0x00007ff899125000 	C:\WINDOWS\System32\OLEAUT32.dll
0x00007ff88d660000 - 0x00007ff88d709000 	C:\WINDOWS\WinSxS\amd64_microsoft.windows.common-controls_6595b64144ccf1df_5.82.18362.1316_none_73b62828d8134176\COMCTL32.dll
0x00007ff898990000 - 0x00007ff898ac5000 	C:\WINDOWS\System32\MSCTF.dll
0x00007ff84fc30000 - 0x00007ff84fdce000 	C:\Program Files\Greenfoot\jdk\bin\awt.dll
0x00007ff892f80000 - 0x00007ff893540000 	C:\WINDOWS\SYSTEM32\d2d1.dll
0x00007ff894450000 - 0x00007ff8944df000 	C:\WINDOWS\SYSTEM32\apphelp.dll
0x00007ff865fb0000 - 0x00007ff865fc4000 	C:\Program Files\Greenfoot\lib\javafx\bin\javafx_font.dll
0x00007ff87df10000 - 0x00007ff87e20e000 	C:\WINDOWS\SYSTEM32\dwrite.dll
0x00007ff884860000 - 0x00007ff884ae4000 	C:\WINDOWS\WinSxS\amd64_microsoft.windows.common-controls_6595b64144ccf1df_6.0.18362.1316_none_9e7a364fe461dbd7\comctl32.dll
0x00007ff889fe0000 - 0x00007ff88a18f000 	C:\WINDOWS\SYSTEM32\WindowsCodecs.dll
0x00007ff8857c0000 - 0x00007ff8857fb000 	C:\WINDOWS\system32\dataexchange.dll
0x00007ff893850000 - 0x00007ff893a2d000 	C:\WINDOWS\system32\dcomp.dll
0x00007ff893560000 - 0x00007ff8937bb000 	C:\WINDOWS\system32\d3d11.dll
0x00007ff895280000 - 0x00007ff89536b000 	C:\WINDOWS\system32\dxgi.dll
0x00007ff8945e0000 - 0x00007ff89483a000 	C:\WINDOWS\system32\twinapi.appcore.dll
0x00007ff894920000 - 0x00007ff894949000 	C:\WINDOWS\system32\RMCLIENT.dll
0x00007ff862ec0000 - 0x00007ff862ef3000 	C:\Program Files\Common Files\Microsoft Shared\Ink\rtscom.dll
0x00007ff88ada0000 - 0x00007ff88ae3d000 	C:\WINDOWS\System32\TextInputFramework.dll
0x00007ff88b930000 - 0x00007ff88bc5a000 	C:\WINDOWS\System32\CoreUIComponents.dll
0x00007ff8955f0000 - 0x00007ff895621000 	C:\WINDOWS\SYSTEM32\ntmarta.dll
0x00007ff893ed0000 - 0x00007ff893fa4000 	C:\WINDOWS\System32\CoreMessaging.dll
0x00007ff891d50000 - 0x00007ff891ea2000 	C:\WINDOWS\SYSTEM32\wintypes.dll
0x00007ff880590000 - 0x00007ff8806e6000 	C:\WINDOWS\system32\opengl32.dll
0x00007ff88d3e0000 - 0x00007ff88d40c000 	C:\WINDOWS\SYSTEM32\GLU32.dll
0x00007ff895ae0000 - 0x00007ff895bab000 	C:\WINDOWS\SYSTEM32\DNSAPI.dll
0x00007ff8978f0000 - 0x00007ff8978f8000 	C:\WINDOWS\System32\NSI.dll
0x00007ff895aa0000 - 0x00007ff895ada000 	C:\WINDOWS\SYSTEM32\IPHLPAPI.DLL

dbghelp: loaded successfully - version: 4.0.5 - missing functions: none
symbol engine: initialized successfully - sym options: 0x614 - pdb path: .;C:\Program Files\Greenfoot;C:\WINDOWS\SYSTEM32;C:\Program Files\Greenfoot\jdk\bin\server;C:\Program Files\Greenfoot\jdk\bin;C:\Program Files\Greenfoot\lib\javafx\bin;C:\WINDOWS\WinSxS\amd64_microsoft.windows.common-controls_6595b64144ccf1df_5.82.18362.1316_none_73b62828d8134176;C:\WINDOWS\WinSxS\amd64_microsoft.windows.common-controls_6595b64144ccf1df_6.0.18362.1316_none_9e7a364fe461dbd7;C:\Program Files\Common Files\Microsoft Shared\Ink

VM Arguments:
jvm_args: -Djavafx.embed.singleThread=true 
java_command: <unknown>
java_class_path (initial): C:\Program Files\Greenfoot\lib\bluej.jar;C:\Program Files\Greenfoot\lib\javafx\lib\javafx.base.jar;C:\Program Files\Greenfoot\lib\javafx\lib\javafx.controls.jar;C:\Program Files\Greenfoot\lib\javafx\lib\javafx.fxml.jar;C:\Program Files\Greenfoot\lib\javafx\lib\javafx.graphics.jar;C:\Program Files\Greenfoot\lib\javafx\lib\javafx.media.jar;C:\Program Files\Greenfoot\lib\javafx\lib\javafx.properties.jar;C:\Program Files\Greenfoot\lib\javafx\lib\javafx.swing.jar;C:\Program Files\Greenfoot\lib\javafx\lib\javafx.web.jar
Launcher Type: generic

[Global flags]
     intx CICompilerCount                          = 3                                         {product} {ergonomic}
     uint ConcGCThreads                            = 1                                         {product} {ergonomic}
     uint G1ConcRefinementThreads                  = 4                                         {product} {ergonomic}
   size_t G1HeapRegionSize                         = 1048576                                   {product} {ergonomic}
    uintx GCDrainStackTargetSize                   = 64                                        {product} {ergonomic}
   size_t InitialHeapSize                          = 31457280                                  {product} {ergonomic}
   size_t MarkStackSize                            = 4194304                                   {product} {ergonomic}
   size_t MaxHeapSize                              = 501219328                                 {product} {ergonomic}
   size_t MaxNewSize                               = 299892736                                 {product} {ergonomic}
   size_t MinHeapDeltaBytes                        = 1048576                                   {product} {ergonomic}
    uintx NonNMethodCodeHeapSize                   = 5830092                                {pd product} {ergonomic}
    uintx NonProfiledCodeHeapSize                  = 122914074                              {pd product} {ergonomic}
    uintx ProfiledCodeHeapSize                     = 122914074                              {pd product} {ergonomic}
    uintx ReservedCodeCacheSize                    = 251658240                              {pd product} {ergonomic}
     bool SegmentedCodeCache                       = true                                      {product} {ergonomic}
     bool UseCompressedClassPointers               = true                                 {lp64_product} {ergonomic}
     bool UseCompressedOops                        = true                                 {lp64_product} {ergonomic}
     bool UseG1GC                                  = true                                      {product} {ergonomic}
     bool UseLargePagesIndividualAllocation        = false                                  {pd product} {ergonomic}

Logging:
Log output configuration:
 #0: stdout all=warning uptime,level,tags
 #1: stderr all=off uptime,level,tags

Environment Variables:
PATH=C:\Program Files\Common Files\Oracle\Java\javapath;C:\WINDOWS\system32;C:\WINDOWS;C:\WINDOWS\System32\Wbem;C:\WINDOWS\System32\WindowsPowerShell\v1.0\;C:\WINDOWS\System32\OpenSSH\;C:\Users\CAMILLY\AppData\Local\Microsoft\WindowsApps;
USERNAME=CAMILLY
OS=Windows_NT
PROCESSOR_IDENTIFIER=Intel64 Family 6 Model 76 Stepping 4, GenuineIntel



---------------  S Y S T E M  ---------------

OS: Windows 10 , 64 bit Build 18362 (10.0.18362.1316)

CPU:total 4 (initial active 4) (4 cores per cpu, 1 threads per core) family 6 model 76 stepping 4, cmov, cx8, fxsr, mmx, sse, sse2, sse3, ssse3, sse4.1, sse4.2, popcnt, aes, clmul, erms, 3dnowpref, tsc, tscinvbit

Memory: 4k page, system-wide physical 1908M (339M free)
TotalPageFile size 5559M (AvailPageFile size 13M)
current process WorkingSet (physical memory assigned to process): 230M, peak: 232M
current process commit charge ("private bytes"): 298M, peak: 380M

vm_info: OpenJDK 64-Bit Server VM (11.0.2+9) for windows-amd64 JRE (11.0.2+9), built on Jan 18 2019 05:23:22 by "mach5one" with MS VC++ 15.5 (VS2017)

END.
