#
# There is insufficient memory for the Java Runtime Environment to continue.
# Native memory allocation (mmap) failed to map 75497472 bytes for Failed to commit area from 0x00000000e6a00000 to 0x00000000eb200000 of length 75497472.
# Possible reasons:
#   The system is out of physical RAM or swap space
#   The process is running with CompressedOops enabled, and the Java Heap may be blocking the growth of the native heap
# Possible solutions:
#   Reduce memory load on the system
#   Increase physical memory or swap space
#   Check if swap backing store is full
#   Decrease Java heap size (-Xmx/-Xms)
#   Decrease number of Java threads
#   Decrease Java thread stack sizes (-Xss)
#   Set larger code cache with -XX:ReservedCodeCacheSize=
#   JVM is running with Unscaled Compressed Oops mode in which the Java heap is
#     placed in the first 4GB address space. The Java Heap base address is the
#     maximum limit for the native heap growth. Please use -XX:HeapBaseMinAddress
#     to set the Java Heap base and to place the Java Heap above 4GB virtual address.
# This output file may be truncated or incomplete.
#
#  Out of Memory Error (t:/workspace/open/src/hotspot/os/windows/os_windows.cpp:3269), pid=10288, tid=2072
#
# JRE version: OpenJDK Runtime Environment (11.0.2+9) (build 11.0.2+9)
# Java VM: OpenJDK 64-Bit Server VM (11.0.2+9, mixed mode, tiered, compressed oops, g1 gc, windows-amd64)
# No core dump will be written. Minidumps are not enabled by default on client versions of Windows
#

---------------  S U M M A R Y ------------

Command Line: -Djavafx.embed.singleThread=true 

Host: Intel(R) Atom(TM) x5-Z8350  CPU @ 1.44GHz, 4 cores, 1G,  Windows 10 , 64 bit Build 18362 (10.0.18362.1316)
Time: Thu Mar 11 20:00:54 2021 Hora oficial do Brasil elapsed time: 22 seconds (0d 0h 0m 22s)

---------------  T H R E A D  ---------------

Current thread (0x000000001ed43000):  VMThread "VM Thread" [stack: 0x000000001ee10000,0x000000001f010000] [id=2072]

Stack: [0x000000001ee10000,0x000000001f010000]
[error occurred during error reporting (printing stack bounds), id 0xc0000005, EXCEPTION_ACCESS_VIOLATION (0xc0000005) at pc=0x000000000b5e0bbd]

Native frames: (J=compiled Java code, j=interpreted, Vv=VM code, C=native code)
V  [jvm.dll+0x63489a]
V  [jvm.dll+0x771f9f]
V  [jvm.dll+0x773648]
V  [jvm.dll+0x773c65]
V  [jvm.dll+0x773c1b]
V  [jvm.dll+0x633fa6]
V  [jvm.dll+0x634368]
C  [ntdll.dll+0xa184f]
C  [ntdll.dll+0x6a889]
C  [ntdll.dll+0xa04be]
C  0x000000000b5e0bbd

VM_Operation (0x000000003235e5b0): G1CollectForAllocation, mode: safepoint, requested by thread 0x0000000020d89800


---------------  P R O C E S S  ---------------

Threads class SMR info:
_java_thread_list=0x0000000024a009a0, length=38, elements={
0x00000000008ba000, 0x000000001ed6b000, 0x000000001ed74800, 0x000000001ed80800,
0x000000001ed82000, 0x000000001ed88000, 0x000000001edd8000, 0x000000001edd9800,
0x0000000020062000, 0x000000002006f000, 0x000000002095e800, 0x00000000209c7000,
0x0000000020a0e000, 0x0000000020b2e800, 0x0000000024178000, 0x0000000021098000,
0x0000000021099800, 0x000000002431c000, 0x0000000029149800, 0x000000002914e800,
0x000000002914d800, 0x000000002914a800, 0x0000000029150000, 0x000000002914b000,
0x000000002914c000, 0x000000002914d000, 0x00000000281b0800, 0x0000000020d83800,
0x0000000020d82000, 0x0000000020d83000, 0x0000000020d7f800, 0x0000000020d7e000,
0x0000000020d80800, 0x0000000020d81000, 0x0000000020d7e800, 0x0000000020d87800,
0x0000000020d89800, 0x0000000020d8a000
}

Java Threads: ( => current thread )
  0x00000000008ba000 JavaThread "main" [_thread_blocked, id=12744, stack(0x00000000004e0000,0x00000000006e0000)]
  0x000000001ed6b000 JavaThread "Reference Handler" daemon [_thread_blocked, id=15700, stack(0x000000001f010000,0x000000001f210000)]
  0x000000001ed74800 JavaThread "Finalizer" daemon [_thread_blocked, id=13228, stack(0x000000001f210000,0x000000001f410000)]
  0x000000001ed80800 JavaThread "Signal Dispatcher" daemon [_thread_blocked, id=6232, stack(0x000000001f520000,0x000000001f720000)]
  0x000000001ed82000 JavaThread "Attach Listener" daemon [_thread_blocked, id=11124, stack(0x000000001f720000,0x000000001f920000)]
  0x000000001ed88000 JavaThread "C2 CompilerThread0" daemon [_thread_blocked, id=1500, stack(0x000000001f920000,0x000000001fb20000)]
  0x000000001edd8000 JavaThread "C1 CompilerThread0" daemon [_thread_blocked, id=16224, stack(0x000000001fb20000,0x000000001fd20000)]
  0x000000001edd9800 JavaThread "Sweeper thread" daemon [_thread_blocked, id=14400, stack(0x000000001fd20000,0x000000001ff20000)]
  0x0000000020062000 JavaThread "Service Thread" daemon [_thread_blocked, id=4440, stack(0x0000000020320000,0x0000000020520000)]
  0x000000002006f000 JavaThread "Common-Cleaner" daemon [_thread_blocked, id=3880, stack(0x0000000020720000,0x0000000020920000)]
  0x000000002095e800 JavaThread "JavaFX-Launcher" [_thread_blocked, id=7232, stack(0x0000000021120000,0x0000000021320000)]
  0x00000000209c7000 JavaThread "QuantumRenderer-0" daemon [_thread_blocked, id=2552, stack(0x0000000021490000,0x0000000021690000)]
  0x0000000020a0e000 JavaThread "InvokeLaterDispatcher" daemon [_thread_blocked, id=11780, stack(0x00000000218c0000,0x0000000021ac0000)]
  0x0000000020b2e800 JavaThread "JavaFX Application Thread" [_thread_blocked, id=360, stack(0x0000000021ac0000,0x0000000021cc0000)]
  0x0000000024178000 JavaThread "Thread-2" daemon [_thread_blocked, id=8544, stack(0x0000000023ec0000,0x00000000240c0000)]
  0x0000000021098000 JavaThread "Java2D Disposer" daemon [_thread_blocked, id=2604, stack(0x0000000025420000,0x0000000025620000)]
  0x0000000021099800 JavaThread "AWT-Windows" daemon [_thread_in_native, id=10196, stack(0x0000000025820000,0x0000000025a20000)]
  0x000000002431c000 JavaThread "Thread-3" [_thread_blocked, id=5692, stack(0x0000000025a20000,0x0000000025c20000)]
  0x0000000029149800 JavaThread "TimerQueue" daemon [_thread_blocked, id=4956, stack(0x0000000027020000,0x0000000027220000)]
  0x000000002914e800 JavaThread "AWT-Shutdown" [_thread_blocked, id=7428, stack(0x000000002a050000,0x000000002a250000)]
  0x000000002914d800 JavaThread "AWT-EventQueue-0" [_thread_blocked, id=7068, stack(0x000000002c6f0000,0x000000002c8f0000)]
  0x000000002914a800 JavaThread "Prism Font Disposer" daemon [_thread_blocked, id=6732, stack(0x000000002a250000,0x000000002a450000)]
  0x0000000029150000 JavaThread "Thread-6" [_thread_blocked, id=348, stack(0x000000002c420000,0x000000002c620000)]
  0x000000002914b000 JavaThread "Thread-7" [_thread_blocked, id=12104, stack(0x000000002e4f0000,0x000000002e6f0000)]
  0x000000002914c000 JavaThread "Thread-8" [_thread_blocked, id=5204, stack(0x000000002fa10000,0x000000002fc10000)]
  0x000000002914d000 JavaThread "Timer-0" [_thread_blocked, id=4204, stack(0x000000002fc10000,0x000000002fe10000)]
  0x00000000281b0800 JavaThread "C2 CompilerThread1" daemon [_thread_in_native, id=16324, stack(0x0000000030010000,0x0000000030210000)]
  0x0000000020d83800 JavaThread "JDI Internal Event Handler" daemon [_thread_blocked, id=10680, stack(0x0000000030410000,0x0000000030610000)]
  0x0000000020d82000 JavaThread "JDI Target VM Interface" daemon [_thread_blocked, id=15956, stack(0x0000000030610000,0x0000000030810000)]
  0x0000000020d83000 JavaThread "BlueJ I/O Handler" [_thread_in_native, id=6632, stack(0x0000000030a10000,0x0000000030c10000)]
  0x0000000020d7f800 JavaThread "BlueJ I/O Handler" [_thread_in_native, id=4812, stack(0x0000000031180000,0x0000000031380000)]
  0x0000000020d7e000 JavaThread "BlueJ I/O Handler" [_thread_blocked, id=3496, stack(0x0000000031380000,0x0000000031580000)]
  0x0000000020d80800 JavaThread "Cleaner-0" daemon [_thread_blocked, id=14356, stack(0x0000000031580000,0x0000000031780000)]
  0x0000000020d81000 JavaThread "ClassGraph-worker-0" daemon [_thread_blocked, id=13976, stack(0x0000000031780000,0x0000000031980000)]
  0x0000000020d7e800 JavaThread "Thread-10" [_thread_blocked, id=3588, stack(0x0000000031980000,0x0000000031b80000)]
  0x0000000020d87800 JavaThread "vm-event-handler" [_thread_blocked, id=5724, stack(0x0000000031b80000,0x0000000031d80000)]
  0x0000000020d89800 JavaThread "ClassGraph-worker-1" daemon [_thread_blocked, id=7976, stack(0x0000000032160000,0x0000000032360000)]
  0x0000000020d8a000 JavaThread "ClassGraph-worker-2" daemon [_thread_blocked, id=8212, stack(0x0000000032360000,0x0000000032560000)]

Other Threads:
=>0x000000001ed43000 VMThread "VM Thread" [stack: 0x000000001ee10000,0x000000001f010000] [id=2072]
  0x0000000020068000 WatcherThread [stack: 0x0000000020520000,0x0000000020720000] [id=13700]
  0x00000000032fc000 GCTaskThread "GC Thread#0" [stack: 0x0000000002c80000,0x0000000002e80000] [id=14964]
  0x0000000020c07000 GCTaskThread "GC Thread#1" [stack: 0x0000000025c20000,0x0000000025e20000] [id=1332]
  0x0000000024318000 GCTaskThread "GC Thread#2" [stack: 0x0000000025e20000,0x0000000026020000] [id=1900]
  0x0000000024318800 GCTaskThread "GC Thread#3" [stack: 0x0000000026020000,0x0000000026220000] [id=10776]
  0x000000000330b800 ConcurrentGCThread "G1 Main Marker" [stack: 0x000000001b7d0000,0x000000001b9d0000] [id=15452]
  0x000000000330d000 ConcurrentGCThread "G1 Conc#0" [stack: 0x000000001b9d0000,0x000000001bbd0000] [id=5316]
  0x000000000333e000 ConcurrentGCThread "G1 Refine#0" [stack: 0x000000001e010000,0x000000001e210000] [id=10556]
  0x000000000333f000 ConcurrentGCThread "G1 Young RemSet Sampling" [stack: 0x000000001e210000,0x000000001e410000] [id=2752]

Threads with active compile tasks:
C2 CompilerThread03538   !   4       java.util.zip.InflaterInputStream::read (138 bytes)
C2 CompilerThread13444 %     4       io.github.classgraph.ClassfileBinaryParser::readClassInfoFromClassfileHeader @ 121 (2310 bytes)

VM state:at safepoint (normal execution)

VM Mutex/Monitor currently owned by a thread:  ([mutex/lock_event])
[0x00000000032e3f90] Threads_lock - owner thread: 0x000000001ed43000
[0x00000000032e5a00] Heap_lock - owner thread: 0x0000000020d89800

Heap address: 0x00000000e2200000, size: 478 MB, Compressed Oops mode: 32-bit
Narrow klass base: 0x0000000000000000, Narrow klass shift: 3
Compressed class space size: 1073741824 Address: 0x0000000100000000

Heap:
 garbage-first heap   total 147456K, used 25255K [0x00000000e2200000, 0x0000000100000000)
  region size 1024K, 2 young (2048K), 2 survivors (2048K)
 Metaspace       used 46385K, capacity 48706K, committed 48812K, reserved 1091584K
  class space    used 6431K, capacity 7393K, committed 7424K, reserved 1048576K
Heap Regions: E=young(eden), S=young(survivor), O=old, HS=humongous(starts), HC=humongous(continues), CS=collection set, F=free, A=archive, TAMS=top-at-mark-start (previous, next)
|   0|0x00000000e2200000, 0x00000000e2300000, 0x00000000e2300000|100%| O|  |TAMS 0x00000000e2300000, 0x00000000e2200000| Untracked 
|   1|0x00000000e2300000, 0x00000000e2400000, 0x00000000e2400000|100%|HS|  |TAMS 0x00000000e2400000, 0x00000000e2300000| Complete 
|   2|0x00000000e2400000, 0x00000000e2500000, 0x00000000e2500000|100%| O|  |TAMS 0x00000000e2500000, 0x00000000e2400000| Untracked 
|   3|0x00000000e2500000, 0x00000000e2600000, 0x00000000e2600000|100%| O|  |TAMS 0x00000000e2600000, 0x00000000e2500000| Untracked 
|   4|0x00000000e2600000, 0x00000000e2700000, 0x00000000e2700000|100%| O|  |TAMS 0x00000000e2700000, 0x00000000e2600000| Untracked 
|   5|0x00000000e2700000, 0x00000000e2800000, 0x00000000e2800000|100%| O|  |TAMS 0x00000000e2800000, 0x00000000e2700000| Untracked 
|   6|0x00000000e2800000, 0x00000000e2900000, 0x00000000e2900000|100%| O|  |TAMS 0x00000000e2900000, 0x00000000e2800000| Untracked 
|   7|0x00000000e2900000, 0x00000000e2a00000, 0x00000000e2a00000|100%| O|  |TAMS 0x00000000e2a00000, 0x00000000e2900000| Untracked 
|   8|0x00000000e2a00000, 0x00000000e2b00000, 0x00000000e2b00000|100%| O|  |TAMS 0x00000000e2b00000, 0x00000000e2a00000| Untracked 
|   9|0x00000000e2b00000, 0x00000000e2c00000, 0x00000000e2c00000|100%| O|  |TAMS 0x00000000e2c00000, 0x00000000e2b00000| Untracked 
|  10|0x00000000e2c00000, 0x00000000e2d00000, 0x00000000e2d00000|100%| O|  |TAMS 0x00000000e2d00000, 0x00000000e2c00000| Untracked 
|  11|0x00000000e2d00000, 0x00000000e2e00000, 0x00000000e2e00000|100%| O|  |TAMS 0x00000000e2e00000, 0x00000000e2d00000| Untracked 
|  12|0x00000000e2e00000, 0x00000000e2f00000, 0x00000000e2f00000|100%| O|  |TAMS 0x00000000e2f00000, 0x00000000e2e00000| Untracked 
|  13|0x00000000e2f00000, 0x00000000e3000000, 0x00000000e3000000|100%| O|  |TAMS 0x00000000e3000000, 0x00000000e2f00000| Untracked 
|  14|0x00000000e3000000, 0x00000000e3100000, 0x00000000e3100000|100%| O|  |TAMS 0x00000000e3100000, 0x00000000e3000000| Untracked 
|  15|0x00000000e3100000, 0x00000000e3200000, 0x00000000e3200000|100%| O|  |TAMS 0x00000000e3200000, 0x00000000e3100000| Untracked 
|  16|0x00000000e3200000, 0x00000000e3300000, 0x00000000e3300000|100%|HS|  |TAMS 0x00000000e3300000, 0x00000000e3200000| Complete 
|  17|0x00000000e3300000, 0x00000000e3400000, 0x00000000e3400000|100%|HC|  |TAMS 0x00000000e3400000, 0x00000000e3300000| Complete 
|  18|0x00000000e3400000, 0x00000000e3500000, 0x00000000e3500000|100%| O|  |TAMS 0x00000000e3500000, 0x00000000e3400000| Untracked 
|  19|0x00000000e3500000, 0x00000000e3600000, 0x00000000e3600000|100%| O|  |TAMS 0x00000000e3600000, 0x00000000e3500000| Untracked 
|  20|0x00000000e3600000, 0x00000000e3700000, 0x00000000e3700000|100%| O|  |TAMS 0x00000000e3700000, 0x00000000e3600000| Untracked 
|  21|0x00000000e3700000, 0x00000000e3800000, 0x00000000e3800000|100%| O|  |TAMS 0x00000000e3800000, 0x00000000e3700000| Untracked 
|  22|0x00000000e3800000, 0x00000000e38efe00, 0x00000000e3900000| 93%| O|  |TAMS 0x00000000e38e6a00, 0x00000000e3800000| Untracked 
|  23|0x00000000e3900000, 0x00000000e3900000, 0x00000000e3a00000|  0%| F|  |TAMS 0x00000000e3900000, 0x00000000e3900000| Untracked 
|  24|0x00000000e3a00000, 0x00000000e3a00000, 0x00000000e3b00000|  0%| F|  |TAMS 0x00000000e3a00000, 0x00000000e3a00000| Untracked 
|  25|0x00000000e3b00000, 0x00000000e3b00000, 0x00000000e3c00000|  0%| F|  |TAMS 0x00000000e3b00000, 0x00000000e3b00000| Untracked 
|  26|0x00000000e3c00000, 0x00000000e3c00000, 0x00000000e3d00000|  0%| F|  |TAMS 0x00000000e3c00000, 0x00000000e3c00000| Untracked 
|  27|0x00000000e3d00000, 0x00000000e3d00000, 0x00000000e3e00000|  0%| F|  |TAMS 0x00000000e3d00000, 0x00000000e3d00000| Untracked 
|  28|0x00000000e3e00000, 0x00000000e3e00000, 0x00000000e3f00000|  0%| F|  |TAMS 0x00000000e3e00000, 0x00000000e3e00000| Untracked 
|  29|0x00000000e3f00000, 0x00000000e3f00000, 0x00000000e4000000|  0%| F|  |TAMS 0x00000000e3f00000, 0x00000000e3f00000| Untracked 
|  30|0x00000000e4000000, 0x00000000e4000000, 0x00000000e4100000|  0%| F|  |TAMS 0x00000000e4000000, 0x00000000e4000000| Untracked 
|  31|0x00000000e4100000, 0x00000000e4100000, 0x00000000e4200000|  0%| F|  |TAMS 0x00000000e4100000, 0x00000000e4100000| Untracked 
|  32|0x00000000e4200000, 0x00000000e4200000, 0x00000000e4300000|  0%| F|  |TAMS 0x00000000e4200000, 0x00000000e4200000| Untracked 
|  33|0x00000000e4300000, 0x00000000e4300000, 0x00000000e4400000|  0%| F|  |TAMS 0x00000000e4300000, 0x00000000e4300000| Untracked 
|  34|0x00000000e4400000, 0x00000000e4400000, 0x00000000e4500000|  0%| F|  |TAMS 0x00000000e4400000, 0x00000000e4400000| Untracked 
|  35|0x00000000e4500000, 0x00000000e4500000, 0x00000000e4600000|  0%| F|  |TAMS 0x00000000e4500000, 0x00000000e4500000| Untracked 
|  36|0x00000000e4600000, 0x00000000e4600000, 0x00000000e4700000|  0%| F|  |TAMS 0x00000000e4600000, 0x00000000e4600000| Untracked 
|  37|0x00000000e4700000, 0x00000000e47ba100, 0x00000000e4800000| 72%| S|CS|TAMS 0x00000000e4700000, 0x00000000e4700000| Complete 
|  38|0x00000000e4800000, 0x00000000e4900000, 0x00000000e4900000|100%| S|CS|TAMS 0x00000000e4800000, 0x00000000e4800000| Complete 
|  39|0x00000000e4900000, 0x00000000e4900000, 0x00000000e4a00000|  0%| F|  |TAMS 0x00000000e4900000, 0x00000000e4900000| Untracked 
|  40|0x00000000e4a00000, 0x00000000e4a00000, 0x00000000e4b00000|  0%| F|  |TAMS 0x00000000e4a00000, 0x00000000e4a00000| Untracked 
|  41|0x00000000e4b00000, 0x00000000e4b00000, 0x00000000e4c00000|  0%| F|  |TAMS 0x00000000e4b00000, 0x00000000e4b00000| Untracked 
|  42|0x00000000e4c00000, 0x00000000e4c00000, 0x00000000e4d00000|  0%| F|  |TAMS 0x00000000e4c00000, 0x00000000e4c00000| Untracked 
|  43|0x00000000e4d00000, 0x00000000e4d00000, 0x00000000e4e00000|  0%| F|  |TAMS 0x00000000e4d00000, 0x00000000e4d00000| Untracked 
|  44|0x00000000e4e00000, 0x00000000e4e00000, 0x00000000e4f00000|  0%| F|  |TAMS 0x00000000e4e00000, 0x00000000e4e00000| Untracked 
|  45|0x00000000e4f00000, 0x00000000e4f00000, 0x00000000e5000000|  0%| F|  |TAMS 0x00000000e4f00000, 0x00000000e4f00000| Untracked 
|  46|0x00000000e5000000, 0x00000000e5000000, 0x00000000e5100000|  0%| F|  |TAMS 0x00000000e5000000, 0x00000000e5000000| Untracked 
|  47|0x00000000e5100000, 0x00000000e5100000, 0x00000000e5200000|  0%| F|  |TAMS 0x00000000e5100000, 0x00000000e5100000| Untracked 
|  48|0x00000000e5200000, 0x00000000e5200000, 0x00000000e5300000|  0%| F|  |TAMS 0x00000000e5200000, 0x00000000e5200000| Untracked 
|  49|0x00000000e5300000, 0x00000000e5300000, 0x00000000e5400000|  0%| F|  |TAMS 0x00000000e5300000, 0x00000000e5300000| Untracked 
|  50|0x00000000e5400000, 0x00000000e5400000, 0x00000000e5500000|  0%| F|  |TAMS 0x00000000e5400000, 0x00000000e5400000| Untracked 
|  51|0x00000000e5500000, 0x00000000e5500000, 0x00000000e5600000|  0%| F|  |TAMS 0x00000000e5500000, 0x00000000e5500000| Untracked 
|  52|0x00000000e5600000, 0x00000000e5600000, 0x00000000e5700000|  0%| F|  |TAMS 0x00000000e5600000, 0x00000000e5600000| Untracked 
|  53|0x00000000e5700000, 0x00000000e5700000, 0x00000000e5800000|  0%| F|  |TAMS 0x00000000e5700000, 0x00000000e5700000| Untracked 
|  54|0x00000000e5800000, 0x00000000e5800000, 0x00000000e5900000|  0%| F|  |TAMS 0x00000000e5800000, 0x00000000e5800000| Untracked 
|  55|0x00000000e5900000, 0x00000000e5900000, 0x00000000e5a00000|  0%| F|  |TAMS 0x00000000e5900000, 0x00000000e5900000| Untracked 
|  56|0x00000000e5a00000, 0x00000000e5a00000, 0x00000000e5b00000|  0%| F|  |TAMS 0x00000000e5a00000, 0x00000000e5a00000| Untracked 
|  57|0x00000000e5b00000, 0x00000000e5b00000, 0x00000000e5c00000|  0%| F|  |TAMS 0x00000000e5b00000, 0x00000000e5b00000| Untracked 
|  58|0x00000000e5c00000, 0x00000000e5c00000, 0x00000000e5d00000|  0%| F|  |TAMS 0x00000000e5c00000, 0x00000000e5c00000| Untracked 
|  59|0x00000000e5d00000, 0x00000000e5d00000, 0x00000000e5e00000|  0%| F|  |TAMS 0x00000000e5d00000, 0x00000000e5d00000| Untracked 
|  60|0x00000000e5e00000, 0x00000000e5e00000, 0x00000000e5f00000|  0%| F|  |TAMS 0x00000000e5e00000, 0x00000000e5e00000| Untracked 
|  61|0x00000000e5f00000, 0x00000000e5f00000, 0x00000000e6000000|  0%| F|  |TAMS 0x00000000e5f00000, 0x00000000e5f00000| Untracked 
|  62|0x00000000e6000000, 0x00000000e6000000, 0x00000000e6100000|  0%| F|  |TAMS 0x00000000e6000000, 0x00000000e6000000| Untracked 
|  63|0x00000000e6100000, 0x00000000e6100000, 0x00000000e6200000|  0%| F|  |TAMS 0x00000000e6100000, 0x00000000e6100000| Untracked 
|  64|0x00000000e6200000, 0x00000000e6200000, 0x00000000e6300000|  0%| F|  |TAMS 0x00000000e6200000, 0x00000000e6200000| Untracked 
|  65|0x00000000e6300000, 0x00000000e6300000, 0x00000000e6400000|  0%| F|  |TAMS 0x00000000e6300000, 0x00000000e6300000| Untracked 
|  66|0x00000000e6400000, 0x00000000e6400000, 0x00000000e6500000|  0%| F|  |TAMS 0x00000000e6400000, 0x00000000e6400000| Untracked 
|  67|0x00000000e6500000, 0x00000000e6500000, 0x00000000e6600000|  0%| F|  |TAMS 0x00000000e6500000, 0x00000000e6500000| Untracked 
|  68|0x00000000e6600000, 0x00000000e6600000, 0x00000000e6700000|  0%| F|  |TAMS 0x00000000e6600000, 0x00000000e6600000| Untracked 
|  69|0x00000000e6700000, 0x00000000e6700000, 0x00000000e6800000|  0%| F|  |TAMS 0x00000000e6700000, 0x00000000e6700000| Untracked 
|  70|0x00000000e6800000, 0x00000000e6800000, 0x00000000e6900000|  0%| F|  |TAMS 0x00000000e6800000, 0x00000000e6800000| Untracked 
|  71|0x00000000e6900000, 0x00000000e6900000, 0x00000000e6a00000|  0%| F|  |TAMS 0x00000000e6900000, 0x00000000e6900000| Untracked 

Card table byte_map: [0x000000001a6f0000,0x000000001a7e0000] _byte_map_base: 0x0000000019fdf000

Marking Bits (Prev, Next): (CMBitMap*) 0x0000000003308d10, (CMBitMap*) 0x0000000003308cd8
 Prev Bits: [0x000000001b050000, 0x000000001b7c8000)
 Next Bits: [0x000000001a8d0000, 0x000000001b048000)

Polling page: 0x0000000000180000

Metaspace:

Usage:
  Non-class:     40.34 MB capacity,    39.02 MB ( 97%) used,     1.09 MB (  3%) free+waste,   247.13 KB ( <1%) overhead. 
      Class:      7.22 MB capacity,     6.28 MB ( 87%) used,   832.36 KB ( 11%) free+waste,   128.69 KB (  2%) overhead. 
       Both:     47.56 MB capacity,    45.30 MB ( 95%) used,     1.90 MB (  4%) free+waste,   375.81 KB ( <1%) overhead. 

Virtual space:
  Non-class space:       42.00 MB reserved,      40.42 MB ( 96%) committed 
      Class space:        1.00 GB reserved,       7.25 MB ( <1%) committed 
             Both:        1.04 GB reserved,      47.67 MB (  4%) committed 

Chunk freelists:
   Non-Class:  1.38 KB
       Class:  0 bytes
        Both:  1.38 KB

CodeHeap 'non-profiled nmethods': size=120064Kb used=1713Kb max_used=1713Kb free=118350Kb
 bounds [0x00000000130a0000, 0x0000000013310000, 0x000000001a5e0000]
CodeHeap 'profiled nmethods': size=120000Kb used=7253Kb max_used=7253Kb free=112746Kb
 bounds [0x000000000bb70000, 0x000000000c290000, 0x00000000130a0000]
CodeHeap 'non-nmethods': size=5696Kb used=1494Kb max_used=1539Kb free=4201Kb
 bounds [0x000000000b5e0000, 0x000000000b850000, 0x000000000bb70000]
 total_blobs=5247 nmethods=3533 adapters=929
 compilation: enabled
              stopped_count=0, restarted_count=0
 full_count=0

Compilation events (10 events):
Event: 22.714 Thread 0x000000001edd8000 3562       1       com.sun.prism.impl.ps.BaseShaderContext$State::access$1400 (5 bytes)
Event: 22.715 Thread 0x000000001edd8000 nmethod 3562 0x000000001324b690 code [0x000000001324b840, 0x000000001324b938]
Event: 22.737 Thread 0x000000001edd8000 3563       1       com.sun.prism.paint.Color::getIntArgbPre (5 bytes)
Event: 22.737 Thread 0x000000001edd8000 nmethod 3563 0x000000001324ba10 code [0x000000001324bbc0, 0x000000001324bcd8]
Event: 22.738 Thread 0x000000001edd8000 3564       1       com.sun.prism.impl.ps.BaseShaderContext$State::access$1500 (5 bytes)
Event: 22.738 Thread 0x000000001edd8000 nmethod 3564 0x000000001324bd90 code [0x000000001324bf40, 0x000000001324c038]
Event: 22.756 Thread 0x000000001edd8000 3566       3       com.sun.prism.impl.BaseGraphics::validateTransformAndPaint (71 bytes)
Event: 22.757 Thread 0x000000001edd8000 nmethod 3566 0x000000000c285390 code [0x000000000c285580, 0x000000000c285b30]
Event: 22.868 Thread 0x000000001edd8000 3568       1       com.sun.prism.impl.ps.BaseShaderContext$State::access$100 (5 bytes)
Event: 22.868 Thread 0x000000001edd8000 nmethod 3568 0x000000001324c110 code [0x000000001324c2c0, 0x000000001324c3b8]

GC Heap History (10 events):
Event: 21.696 GC heap after
{Heap after GC invocations=33 (full 0):
 garbage-first heap   total 36864K, used 23832K [0x00000000e2200000, 0x0000000100000000)
  region size 1024K, 1 young (1024K), 1 survivors (1024K)
 Metaspace       used 46261K, capacity 48567K, committed 48812K, reserved 1091584K
  class space    used 6418K, capacity 7389K, committed 7424K, reserved 1048576K
}
Event: 21.768 GC heap before
{Heap before GC invocations=33 (full 0):
 garbage-first heap   total 36864K, used 27928K [0x00000000e2200000, 0x0000000100000000)
  region size 1024K, 6 young (6144K), 1 survivors (1024K)
 Metaspace       used 46262K, capacity 48567K, committed 48812K, reserved 1091584K
  class space    used 6418K, capacity 7389K, committed 7424K, reserved 1048576K
}
Event: 21.778 GC heap after
{Heap after GC invocations=34 (full 0):
 garbage-first heap   total 73728K, used 23863K [0x00000000e2200000, 0x0000000100000000)
  region size 1024K, 1 young (1024K), 1 survivors (1024K)
 Metaspace       used 46262K, capacity 48567K, committed 48812K, reserved 1091584K
  class space    used 6418K, capacity 7389K, committed 7424K, reserved 1048576K
}
Event: 22.208 GC heap before
{Heap before GC invocations=35 (full 0):
 garbage-first heap   total 73728K, used 46391K [0x00000000e2200000, 0x0000000100000000)
  region size 1024K, 24 young (24576K), 1 survivors (1024K)
 Metaspace       used 46316K, capacity 48634K, committed 48812K, reserved 1091584K
  class space    used 6423K, capacity 7390K, committed 7424K, reserved 1048576K
}
Event: 22.217 GC heap after
{Heap after GC invocations=36 (full 0):
 garbage-first heap   total 73728K, used 24244K [0x00000000e2200000, 0x0000000100000000)
  region size 1024K, 1 young (1024K), 1 survivors (1024K)
 Metaspace       used 46316K, capacity 48634K, committed 48812K, reserved 1091584K
  class space    used 6423K, capacity 7390K, committed 7424K, reserved 1048576K
}
Event: 22.442 GC heap before
{Heap before GC invocations=36 (full 0):
 garbage-first heap   total 73728K, used 49844K [0x00000000e2200000, 0x0000000100000000)
  region size 1024K, 28 young (28672K), 1 survivors (1024K)
 Metaspace       used 46327K, capacity 48634K, committed 48812K, reserved 1091584K
  class space    used 6423K, capacity 7390K, committed 7424K, reserved 1048576K
}
Event: 22.449 GC heap after
{Heap after GC invocations=37 (full 0):
 garbage-first heap   total 73728K, used 24562K [0x00000000e2200000, 0x0000000100000000)
  region size 1024K, 2 young (2048K), 2 survivors (2048K)
 Metaspace       used 46327K, capacity 48634K, committed 48812K, reserved 1091584K
  class space    used 6423K, capacity 7390K, committed 7424K, reserved 1048576K
}
Event: 22.649 GC heap before
{Heap before GC invocations=37 (full 0):
 garbage-first heap   total 73728K, used 51186K [0x00000000e2200000, 0x0000000100000000)
  region size 1024K, 30 young (30720K), 2 survivors (2048K)
 Metaspace       used 46344K, capacity 48634K, committed 48812K, reserved 1091584K
  class space    used 6424K, capacity 7390K, committed 7424K, reserved 1048576K
}
Event: 22.659 GC heap after
{Heap after GC invocations=38 (full 0):
 garbage-first heap   total 73728K, used 24854K [0x00000000e2200000, 0x0000000100000000)
  region size 1024K, 2 young (2048K), 2 survivors (2048K)
 Metaspace       used 46344K, capacity 48634K, committed 48812K, reserved 1091584K
  class space    used 6424K, capacity 7390K, committed 7424K, reserved 1048576K
}
Event: 22.888 GC heap before
{Heap before GC invocations=38 (full 0):
 garbage-first heap   total 73728K, used 55574K [0x00000000e2200000, 0x0000000100000000)
  region size 1024K, 33 young (33792K), 2 survivors (2048K)
 Metaspace       used 46385K, capacity 48706K, committed 48812K, reserved 1091584K
  class space    used 6431K, capacity 7393K, committed 7424K, reserved 1048576K
}

Deoptimization events (10 events):
Event: 18.747 Thread 0x0000000020b2e800 Uncommon trap: reason=array_check action=maybe_recompile pc=0x00000000131f16fc method=javafx.css.SimpleSelector.applies(Ljavafx/css/Styleable;[Ljava/util/Set;I)Z @ 37 c2
Event: 18.747 Thread 0x0000000020b2e800 Uncommon trap: reason=array_check action=maybe_recompile pc=0x00000000131f16fc method=javafx.css.SimpleSelector.applies(Ljavafx/css/Styleable;[Ljava/util/Set;I)Z @ 37 c2
Event: 20.568 Thread 0x0000000020d81000 Uncommon trap: reason=unstable_if action=reinterpret pc=0x00000000131be760 method=java.util.zip.InflaterInputStream.read([BII)I @ 41 c2
Event: 21.226 Thread 0x0000000020d8a000 Uncommon trap: reason=unstable_if action=reinterpret pc=0x00000000132242ec method=io.github.classgraph.utils.InputStreamOrByteBufferAdapter.readUnsignedShort()I @ 10 c2
Event: 21.562 Thread 0x0000000020d81000 Uncommon trap: reason=unstable_if action=reinterpret pc=0x000000001322a8d0 method=io.github.classgraph.utils.InputStreamOrByteBufferAdapter.readString(IZZ)Ljava/lang/String; @ 484 c2
Event: 22.144 Thread 0x0000000020d81000 Uncommon trap: reason=unstable_if action=reinterpret pc=0x0000000013224630 method=io.github.classgraph.utils.InputStreamOrByteBufferAdapter.readUnsignedByte()I @ 10 c2
Event: 22.350 Thread 0x00000000209c7000 Uncommon trap: reason=bimorphic_or_optimized_type_check action=maybe_recompile pc=0x0000000013200ea4 method=java.util.WeakHashMap.eq(Ljava/lang/Object;Ljava/lang/Object;)Z @ 7 c2
Event: 22.353 Thread 0x00000000209c7000 Uncommon trap: reason=bimorphic_or_optimized_type_check action=maybe_recompile pc=0x0000000013200ea4 method=java.util.WeakHashMap.eq(Ljava/lang/Object;Ljava/lang/Object;)Z @ 7 c2
Event: 22.662 Thread 0x00000000209c7000 Uncommon trap: reason=bimorphic_or_optimized_type_check action=maybe_recompile pc=0x0000000013200ea4 method=java.util.WeakHashMap.eq(Ljava/lang/Object;Ljava/lang/Object;)Z @ 7 c2
Event: 22.721 Thread 0x00000000209c7000 Uncommon trap: reason=bimorphic_or_optimized_type_check action=maybe_recompile pc=0x0000000013200ea4 method=java.util.WeakHashMap.eq(Ljava/lang/Object;Ljava/lang/Object;)Z @ 7 c2

Classes redefined (0 events):
No events

Internal exceptions (10 events):
Event: 16.161 Thread 0x0000000029150000 Exception <a 'java/lang/NoSuchMethodError'{0x00000000e3880ce8}: java.lang.invoke.Invokers$Holder.linkToTargetMethod(JLjava/lang/Object;)Ljava/lang/Object;> (0x00000000e3880ce8) thrown at [t:/workspace/open/src/hotspot/share/interpreter/linkResolver.cpp, l
Event: 16.214 Thread 0x0000000029150000 Exception <a 'java/lang/NoSuchMethodError'{0x00000000e3786b78}: java.lang.invoke.DirectMethodHandle$Holder.invokeStatic(Ljava/lang/Object;Ljava/lang/Object;JLjava/lang/Object;)Ljava/lang/Object;> (0x00000000e3786b78) thrown at [t:/workspace/open/src/hotsp
Event: 16.220 Thread 0x0000000029150000 Exception <a 'java/lang/NoSuchMethodError'{0x00000000e37899b0}: java.lang.invoke.DirectMethodHandle$Holder.invokeStaticInit(Ljava/lang/Object;Ljava/lang/Object;JLjava/lang/Object;)Ljava/lang/Object;> (0x00000000e37899b0) thrown at [t:/workspace/open/src/h
Event: 17.226 Thread 0x0000000020b2e800 Exception <a 'java/io/FileNotFoundException'{0x00000000e3cf6d50}> (0x00000000e3cf6d50) thrown at [t:/workspace/open/src/hotspot/share/prims/jni.cpp, line 615]
Event: 17.442 Thread 0x0000000020b2e800 Exception <a 'java/io/FileNotFoundException'{0x00000000e3a05e08}> (0x00000000e3a05e08) thrown at [t:/workspace/open/src/hotspot/share/prims/jni.cpp, line 615]
Event: 19.182 Thread 0x0000000020b2e800 Exception <a 'java/lang/NoSuchMethodError'{0x00000000e3a9ee00}: java.lang.invoke.DirectMethodHandle$Holder.invokeStatic(Ljava/lang/Object;Ljava/lang/Object;)D> (0x00000000e3a9ee00) thrown at [t:/workspace/open/src/hotspot/share/interpreter/linkResolver.cp
Event: 19.227 Thread 0x0000000020b2e800 Exception <a 'java/lang/NoSuchMethodError'{0x00000000e3abd868}: java.lang.invoke.DirectMethodHandle$Holder.invokeStatic(Ljava/lang/Object;Ljava/lang/Object;D)V> (0x00000000e3abd868) thrown at [t:/workspace/open/src/hotspot/share/interpreter/linkResolver.c
Event: 20.018 Thread 0x0000000020b2e800 Exception <a 'java/lang/NoSuchMethodError'{0x00000000e3e066a0}: java.lang.invoke.DirectMethodHandle$Holder.invokeStatic(Ljava/lang/Object;Ljava/lang/Object;I)V> (0x00000000e3e066a0) thrown at [t:/workspace/open/src/hotspot/share/interpreter/linkResolver.c
Event: 20.111 Thread 0x000000002914b000 Exception <a 'java/lang/NoSuchMethodError'{0x00000000e3ed8108}: java.lang.invoke.DirectMethodHandle$Holder.invokeSpecialIFC(Ljava/lang/Object;Ljava/lang/Object;I)I> (0x00000000e3ed8108) thrown at [t:/workspace/open/src/hotspot/share/interpreter/linkResolv
Event: 22.695 Thread 0x00000000209c7000 Exception <a 'java/lang/NoSuchMethodError'{0x00000000e6208738}: java.lang.invoke.DirectMethodHandle$Holder.invokeStaticInit(Ljava/lang/Object;I)Ljava/lang/Object;> (0x00000000e6208738) thrown at [t:/workspace/open/src/hotspot/share/interpreter/linkResolve

Events (10 events):
Event: 22.729 loading class com/sun/scenario/effect/impl/state/BoxRenderState$1 done
Event: 22.733 loading class com/sun/scenario/effect/impl/prism/ps/PPSLinearConvolveShadowPeer
Event: 22.733 loading class com/sun/scenario/effect/impl/prism/ps/PPSLinearConvolveShadowPeer done
Event: 22.734 loading class com/sun/scenario/effect/impl/prism/ps/PPSOneSamplerPeer
Event: 22.734 loading class com/sun/scenario/effect/impl/prism/ps/PPSOneSamplerPeer done
Event: 22.742 loading class com/sun/scenario/effect/impl/BufferUtil
Event: 22.742 loading class com/sun/scenario/effect/impl/BufferUtil done
Event: 22.758 loading class com/sun/prism/shader/FillPgram_LinearGradient_PAD_Loader
Event: 22.758 loading class com/sun/prism/shader/FillPgram_LinearGradient_PAD_Loader done
Event: 22.886 Executing VM operation: G1CollectForAllocation


Dynamic libraries:
0x0000000000400000 - 0x00000000004d5000 	C:\Program Files\Greenfoot\Greenfoot.exe
0x00007ff899700000 - 0x00007ff8998f0000 	C:\WINDOWS\SYSTEM32\ntdll.dll
0x00007ff8988d0000 - 0x00007ff898982000 	C:\WINDOWS\System32\KERNEL32.DLL
0x00007ff897000000 - 0x00007ff8972a5000 	C:\WINDOWS\System32\KERNELBASE.dll
0x00007ff898830000 - 0x00007ff8988ce000 	C:\WINDOWS\System32\msvcrt.dll
0x00007ff897f90000 - 0x00007ff898678000 	C:\WINDOWS\System32\SHELL32.dll
0x00007ff897380000 - 0x00007ff89747a000 	C:\WINDOWS\System32\ucrtbase.dll
0x00007ff8974b0000 - 0x00007ff8974fa000 	C:\WINDOWS\System32\cfgmgr32.dll
0x00007ff899610000 - 0x00007ff8996b7000 	C:\WINDOWS\System32\shcore.dll
0x00007ff898b40000 - 0x00007ff898c5f000 	C:\WINDOWS\System32\RPCRT4.dll
0x00007ff898cc0000 - 0x00007ff898ff7000 	C:\WINDOWS\System32\combase.dll
0x00007ff897530000 - 0x00007ff8975b1000 	C:\WINDOWS\System32\bcryptPrimitives.dll
0x00007ff896820000 - 0x00007ff896f9b000 	C:\WINDOWS\System32\windows.storage.dll
0x00007ff897710000 - 0x00007ff8977ae000 	C:\WINDOWS\System32\msvcp_win.dll
0x00007ff897850000 - 0x00007ff8978e7000 	C:\WINDOWS\System32\sechost.dll
0x00007ff897900000 - 0x00007ff8979a3000 	C:\WINDOWS\System32\advapi32.dll
0x00007ff896630000 - 0x00007ff896653000 	C:\WINDOWS\System32\profapi.dll
0x00007ff8965e0000 - 0x00007ff89662a000 	C:\WINDOWS\System32\powrprof.dll
0x00007ff8965b0000 - 0x00007ff8965c0000 	C:\WINDOWS\System32\UMPDC.dll
0x00007ff8977f0000 - 0x00007ff897842000 	C:\WINDOWS\System32\shlwapi.dll
0x00007ff898c60000 - 0x00007ff898c86000 	C:\WINDOWS\System32\GDI32.dll
0x00007ff897480000 - 0x00007ff8974a1000 	C:\WINDOWS\System32\win32u.dll
0x00007ff896680000 - 0x00007ff896818000 	C:\WINDOWS\System32\gdi32full.dll
0x00007ff897ae0000 - 0x00007ff897c74000 	C:\WINDOWS\System32\USER32.dll
0x00007ff8965c0000 - 0x00007ff8965d1000 	C:\WINDOWS\System32\kernel.appcore.dll
0x00007ff8972b0000 - 0x00007ff8972c7000 	C:\WINDOWS\System32\cryptsp.dll
0x00007ff88cf10000 - 0x00007ff88cf1a000 	C:\WINDOWS\SYSTEM32\VERSION.dll
0x00007ff8977b0000 - 0x00007ff8977de000 	C:\WINDOWS\System32\IMM32.DLL
0x00007ff84e370000 - 0x00007ff84ee93000 	C:\Program Files\Greenfoot\jdk\bin\server\jvm.dll
0x00007ff898cb0000 - 0x00007ff898cb8000 	C:\WINDOWS\System32\PSAPI.DLL
0x00007ff895090000 - 0x00007ff895099000 	C:\WINDOWS\SYSTEM32\WSOCK32.dll
0x00007ff899130000 - 0x00007ff89919f000 	C:\WINDOWS\System32\WS2_32.dll
0x00007ff88c760000 - 0x00007ff88c784000 	C:\WINDOWS\SYSTEM32\WINMM.dll
0x00007ff88c730000 - 0x00007ff88c75d000 	C:\WINDOWS\SYSTEM32\WINMMBASE.dll
0x00007ff873210000 - 0x00007ff873226000 	C:\Program Files\Greenfoot\jdk\bin\VCRUNTIME140.dll
0x00007ff86d1a0000 - 0x00007ff86d1b1000 	C:\Program Files\Greenfoot\jdk\bin\verify.dll
0x00007ff894e60000 - 0x00007ff895054000 	C:\WINDOWS\SYSTEM32\DBGHELP.DLL
0x00007ff88f4e0000 - 0x00007ff88f50a000 	C:\WINDOWS\SYSTEM32\dbgcore.DLL
0x00007ff866000000 - 0x00007ff866028000 	C:\Program Files\Greenfoot\jdk\bin\java.dll
0x00007ff86cba0000 - 0x00007ff86cbb6000 	C:\Program Files\Greenfoot\jdk\bin\zip.dll
0x00007ff8845e0000 - 0x00007ff8845ea000 	C:\Program Files\Greenfoot\jdk\bin\jimage.dll
0x00007ff874240000 - 0x00007ff874259000 	C:\Program Files\Greenfoot\jdk\bin\net.dll
0x00007ff891710000 - 0x00007ff891800000 	C:\WINDOWS\SYSTEM32\WINHTTP.dll
0x00007ff889c70000 - 0x00007ff889e46000 	C:\WINDOWS\SYSTEM32\urlmon.dll
0x00007ff88a530000 - 0x00007ff88a7d7000 	C:\WINDOWS\SYSTEM32\iertutil.dll
0x00007ff895f60000 - 0x00007ff895f6c000 	C:\WINDOWS\SYSTEM32\CRYPTBASE.DLL
0x00007ff895d90000 - 0x00007ff895df7000 	C:\WINDOWS\system32\mswsock.dll
0x00007ff866f00000 - 0x00007ff866f13000 	C:\Program Files\Greenfoot\jdk\bin\nio.dll
0x0000000180000000 - 0x0000000180003000 	C:\Program Files\Greenfoot\lib\javafx\bin\api-ms-win-core-console-l1-1-0.dll
0x00000000001d0000 - 0x00000000001d3000 	C:\Program Files\Greenfoot\lib\javafx\bin\api-ms-win-core-datetime-l1-1-0.dll
0x00000000001e0000 - 0x00000000001e3000 	C:\Program Files\Greenfoot\lib\javafx\bin\api-ms-win-core-debug-l1-1-0.dll
0x00000000001f0000 - 0x00000000001f3000 	C:\Program Files\Greenfoot\lib\javafx\bin\api-ms-win-core-errorhandling-l1-1-0.dll
0x00000000006e0000 - 0x00000000006e4000 	C:\Program Files\Greenfoot\lib\javafx\bin\api-ms-win-core-file-l1-1-0.dll
0x00000000006f0000 - 0x00000000006f3000 	C:\Program Files\Greenfoot\lib\javafx\bin\api-ms-win-core-file-l1-2-0.dll
0x0000000000700000 - 0x0000000000703000 	C:\Program Files\Greenfoot\lib\javafx\bin\api-ms-win-core-file-l2-1-0.dll
0x0000000000710000 - 0x0000000000713000 	C:\Program Files\Greenfoot\lib\javafx\bin\api-ms-win-core-handle-l1-1-0.dll
0x0000000000720000 - 0x0000000000723000 	C:\Program Files\Greenfoot\lib\javafx\bin\api-ms-win-core-heap-l1-1-0.dll
0x0000000000730000 - 0x0000000000733000 	C:\Program Files\Greenfoot\lib\javafx\bin\api-ms-win-core-interlocked-l1-1-0.dll
0x0000000000740000 - 0x0000000000743000 	C:\Program Files\Greenfoot\lib\javafx\bin\api-ms-win-core-libraryloader-l1-1-0.dll
0x0000000000750000 - 0x0000000000753000 	C:\Program Files\Greenfoot\lib\javafx\bin\api-ms-win-core-localization-l1-2-0.dll
0x0000000000760000 - 0x0000000000763000 	C:\Program Files\Greenfoot\lib\javafx\bin\api-ms-win-core-memory-l1-1-0.dll
0x0000000000770000 - 0x0000000000773000 	C:\Program Files\Greenfoot\lib\javafx\bin\api-ms-win-core-namedpipe-l1-1-0.dll
0x0000000000780000 - 0x0000000000783000 	C:\Program Files\Greenfoot\lib\javafx\bin\api-ms-win-core-processenvironment-l1-1-0.dll
0x00000000007a0000 - 0x00000000007a3000 	C:\Program Files\Greenfoot\lib\javafx\bin\api-ms-win-core-processthreads-l1-1-0.dll
0x00000000007b0000 - 0x00000000007b3000 	C:\Program Files\Greenfoot\lib\javafx\bin\api-ms-win-core-processthreads-l1-1-1.dll
0x0000000021320000 - 0x0000000021323000 	C:\Program Files\Greenfoot\lib\javafx\bin\api-ms-win-core-profile-l1-1-0.dll
0x0000000021330000 - 0x0000000021333000 	C:\Program Files\Greenfoot\lib\javafx\bin\api-ms-win-core-rtlsupport-l1-1-0.dll
0x0000000021340000 - 0x0000000021343000 	C:\Program Files\Greenfoot\lib\javafx\bin\api-ms-win-core-string-l1-1-0.dll
0x0000000021350000 - 0x0000000021353000 	C:\Program Files\Greenfoot\lib\javafx\bin\api-ms-win-core-synch-l1-1-0.dll
0x0000000021360000 - 0x0000000021363000 	C:\Program Files\Greenfoot\lib\javafx\bin\api-ms-win-core-synch-l1-2-0.dll
0x0000000021370000 - 0x0000000021373000 	C:\Program Files\Greenfoot\lib\javafx\bin\api-ms-win-core-sysinfo-l1-1-0.dll
0x0000000021380000 - 0x0000000021383000 	C:\Program Files\Greenfoot\lib\javafx\bin\api-ms-win-core-timezone-l1-1-0.dll
0x0000000021390000 - 0x0000000021393000 	C:\Program Files\Greenfoot\lib\javafx\bin\api-ms-win-core-util-l1-1-0.dll
0x00000000213a0000 - 0x00000000213a3000 	C:\Program Files\Greenfoot\lib\javafx\bin\api-ms-win-crt-conio-l1-1-0.dll
0x00000000213b0000 - 0x00000000213b4000 	C:\Program Files\Greenfoot\lib\javafx\bin\api-ms-win-crt-convert-l1-1-0.dll
0x00000000213c0000 - 0x00000000213c3000 	C:\Program Files\Greenfoot\lib\javafx\bin\api-ms-win-crt-environment-l1-1-0.dll
0x00000000213d0000 - 0x00000000213d3000 	C:\Program Files\Greenfoot\lib\javafx\bin\api-ms-win-crt-filesystem-l1-1-0.dll
0x00000000213e0000 - 0x00000000213e3000 	C:\Program Files\Greenfoot\lib\javafx\bin\api-ms-win-crt-heap-l1-1-0.dll
0x00000000213f0000 - 0x00000000213f3000 	C:\Program Files\Greenfoot\lib\javafx\bin\api-ms-win-crt-locale-l1-1-0.dll
0x0000000021400000 - 0x0000000021405000 	C:\Program Files\Greenfoot\lib\javafx\bin\api-ms-win-crt-math-l1-1-0.dll
0x0000000021410000 - 0x0000000021415000 	C:\Program Files\Greenfoot\lib\javafx\bin\api-ms-win-crt-multibyte-l1-1-0.dll
0x0000000021420000 - 0x0000000021430000 	C:\Program Files\Greenfoot\lib\javafx\bin\api-ms-win-crt-private-l1-1-0.dll
0x0000000021430000 - 0x0000000021433000 	C:\Program Files\Greenfoot\lib\javafx\bin\api-ms-win-crt-process-l1-1-0.dll
0x0000000021440000 - 0x0000000021444000 	C:\Program Files\Greenfoot\lib\javafx\bin\api-ms-win-crt-runtime-l1-1-0.dll
0x0000000021450000 - 0x0000000021454000 	C:\Program Files\Greenfoot\lib\javafx\bin\api-ms-win-crt-stdio-l1-1-0.dll
0x0000000021460000 - 0x0000000021464000 	C:\Program Files\Greenfoot\lib\javafx\bin\api-ms-win-crt-string-l1-1-0.dll
0x0000000021470000 - 0x0000000021473000 	C:\Program Files\Greenfoot\lib\javafx\bin\api-ms-win-crt-time-l1-1-0.dll
0x0000000021480000 - 0x0000000021483000 	C:\Program Files\Greenfoot\lib\javafx\bin\api-ms-win-crt-utility-l1-1-0.dll
0x00007ff85b910000 - 0x00007ff85ba0a000 	C:\Program Files\Greenfoot\lib\javafx\bin\ucrtbase.dll
0x00007ff8742a0000 - 0x00007ff8742b6000 	C:\Program Files\Greenfoot\lib\javafx\bin\vcruntime140.dll
0x00007ff859fc0000 - 0x00007ff85a066000 	C:\Program Files\Greenfoot\lib\javafx\bin\msvcp140.dll
0x00007ff858d20000 - 0x00007ff858d71000 	C:\Program Files\Greenfoot\lib\javafx\bin\concrt140.dll
0x00007ff874270000 - 0x00007ff874293000 	C:\Program Files\Greenfoot\lib\javafx\bin\prism_d3d.dll
0x00007ff8672b0000 - 0x00007ff867477000 	C:\WINDOWS\system32\d3d9.dll
0x00007ff894af0000 - 0x00007ff894b1d000 	C:\WINDOWS\SYSTEM32\dwmapi.dll
0x00007ff895260000 - 0x00007ff895280000 	C:\WINDOWS\SYSTEM32\dxcore.dll
0x00007ff894500000 - 0x00007ff894599000 	C:\WINDOWS\system32\uxtheme.dll
0x00007ff8867d0000 - 0x00007ff886f11000 	C:\WINDOWS\SYSTEM32\d3d10warp.dll
0x00007ff85c400000 - 0x00007ff85c445000 	C:\Program Files\Greenfoot\lib\javafx\bin\glass.dll
0x00007ff897a10000 - 0x00007ff897ae0000 	C:\WINDOWS\System32\COMDLG32.dll
0x00007ff897d30000 - 0x00007ff897e87000 	C:\WINDOWS\System32\ole32.dll
0x00007ff88d660000 - 0x00007ff88d709000 	C:\WINDOWS\WinSxS\amd64_microsoft.windows.common-controls_6595b64144ccf1df_5.82.18362.1316_none_73b62828d8134176\COMCTL32.dll
0x00007ff899060000 - 0x00007ff899125000 	C:\WINDOWS\System32\OLEAUT32.dll
0x00007ff898990000 - 0x00007ff898ac5000 	C:\WINDOWS\System32\MSCTF.dll
0x00007ff84fc30000 - 0x00007ff84fdce000 	C:\Program Files\Greenfoot\jdk\bin\awt.dll
0x00007ff892f80000 - 0x00007ff893540000 	C:\WINDOWS\SYSTEM32\d2d1.dll
0x00007ff894450000 - 0x00007ff8944df000 	C:\WINDOWS\SYSTEM32\apphelp.dll
0x00007ff865fb0000 - 0x00007ff865fc4000 	C:\Program Files\Greenfoot\lib\javafx\bin\javafx_font.dll
0x00007ff87df10000 - 0x00007ff87e20e000 	C:\WINDOWS\SYSTEM32\dwrite.dll
0x00007ff884860000 - 0x00007ff884ae4000 	C:\WINDOWS\WinSxS\amd64_microsoft.windows.common-controls_6595b64144ccf1df_6.0.18362.1316_none_9e7a364fe461dbd7\comctl32.dll
0x00007ff889fe0000 - 0x00007ff88a18f000 	C:\WINDOWS\SYSTEM32\WindowsCodecs.dll
0x00007ff8857c0000 - 0x00007ff8857fb000 	C:\WINDOWS\system32\dataexchange.dll
0x00007ff893560000 - 0x00007ff8937bb000 	C:\WINDOWS\system32\d3d11.dll
0x00007ff893850000 - 0x00007ff893a2d000 	C:\WINDOWS\system32\dcomp.dll
0x00007ff895280000 - 0x00007ff89536b000 	C:\WINDOWS\system32\dxgi.dll
0x00007ff8945e0000 - 0x00007ff89483a000 	C:\WINDOWS\system32\twinapi.appcore.dll
0x00007ff894920000 - 0x00007ff894949000 	C:\WINDOWS\system32\RMCLIENT.dll
0x00007ff862ec0000 - 0x00007ff862ef3000 	C:\Program Files\Common Files\Microsoft Shared\Ink\rtscom.dll
0x00007ff88ada0000 - 0x00007ff88ae3d000 	C:\WINDOWS\System32\TextInputFramework.dll
0x00007ff893ed0000 - 0x00007ff893fa4000 	C:\WINDOWS\System32\CoreMessaging.dll
0x00007ff88b930000 - 0x00007ff88bc5a000 	C:\WINDOWS\System32\CoreUIComponents.dll
0x00007ff8955f0000 - 0x00007ff895621000 	C:\WINDOWS\SYSTEM32\ntmarta.dll
0x00007ff891d50000 - 0x00007ff891ea2000 	C:\WINDOWS\SYSTEM32\wintypes.dll
0x00007ff880590000 - 0x00007ff8806e6000 	C:\WINDOWS\system32\opengl32.dll
0x00007ff88d3e0000 - 0x00007ff88d40c000 	C:\WINDOWS\SYSTEM32\GLU32.dll
0x00007ff895ae0000 - 0x00007ff895bab000 	C:\WINDOWS\SYSTEM32\DNSAPI.dll
0x00007ff8978f0000 - 0x00007ff8978f8000 	C:\WINDOWS\System32\NSI.dll
0x00007ff895aa0000 - 0x00007ff895ada000 	C:\WINDOWS\SYSTEM32\IPHLPAPI.DLL

dbghelp: loaded successfully - version: 4.0.5 - missing functions: none
symbol engine: initialized successfully - sym options: 0x614 - pdb path: .;C:\Program Files\Greenfoot;C:\WINDOWS\SYSTEM32;C:\Program Files\Greenfoot\jdk\bin\server;C:\Program Files\Greenfoot\jdk\bin;C:\Program Files\Greenfoot\lib\javafx\bin;C:\WINDOWS\WinSxS\amd64_microsoft.windows.common-controls_6595b64144ccf1df_5.82.18362.1316_none_73b62828d8134176;C:\WINDOWS\WinSxS\amd64_microsoft.windows.common-controls_6595b64144ccf1df_6.0.18362.1316_none_9e7a364fe461dbd7;C:\Program Files\Common Files\Microsoft Shared\Ink

VM Arguments:
jvm_args: -Djavafx.embed.singleThread=true 
java_command: <unknown>
java_class_path (initial): C:\Program Files\Greenfoot\lib\bluej.jar;C:\Program Files\Greenfoot\lib\javafx\lib\javafx.base.jar;C:\Program Files\Greenfoot\lib\javafx\lib\javafx.controls.jar;C:\Program Files\Greenfoot\lib\javafx\lib\javafx.fxml.jar;C:\Program Files\Greenfoot\lib\javafx\lib\javafx.graphics.jar;C:\Program Files\Greenfoot\lib\javafx\lib\javafx.media.jar;C:\Program Files\Greenfoot\lib\javafx\lib\javafx.properties.jar;C:\Program Files\Greenfoot\lib\javafx\lib\javafx.swing.jar;C:\Program Files\Greenfoot\lib\javafx\lib\javafx.web.jar
Launcher Type: generic

[Global flags]
     intx CICompilerCount                          = 3                                         {product} {ergonomic}
     uint ConcGCThreads                            = 1                                         {product} {ergonomic}
     uint G1ConcRefinementThreads                  = 4                                         {product} {ergonomic}
   size_t G1HeapRegionSize                         = 1048576                                   {product} {ergonomic}
    uintx GCDrainStackTargetSize                   = 64                                        {product} {ergonomic}
   size_t InitialHeapSize                          = 31457280                                  {product} {ergonomic}
   size_t MarkStackSize                            = 4194304                                   {product} {ergonomic}
   size_t MaxHeapSize                              = 501219328                                 {product} {ergonomic}
   size_t MaxNewSize                               = 299892736                                 {product} {ergonomic}
   size_t MinHeapDeltaBytes                        = 1048576                                   {product} {ergonomic}
    uintx NonNMethodCodeHeapSize                   = 5830092                                {pd product} {ergonomic}
    uintx NonProfiledCodeHeapSize                  = 122914074                              {pd product} {ergonomic}
    uintx ProfiledCodeHeapSize                     = 122914074                              {pd product} {ergonomic}
    uintx ReservedCodeCacheSize                    = 251658240                              {pd product} {ergonomic}
     bool SegmentedCodeCache                       = true                                      {product} {ergonomic}
     bool UseCompressedClassPointers               = true                                 {lp64_product} {ergonomic}
     bool UseCompressedOops                        = true                                 {lp64_product} {ergonomic}
     bool UseG1GC                                  = true                                      {product} {ergonomic}
     bool UseLargePagesIndividualAllocation        = false                                  {pd product} {ergonomic}

Logging:
Log output configuration:
 #0: stdout all=warning uptime,level,tags
 #1: stderr all=off uptime,level,tags

Environment Variables:
PATH=C:\Program Files\Common Files\Oracle\Java\javapath;C:\WINDOWS\system32;C:\WINDOWS;C:\WINDOWS\System32\Wbem;C:\WINDOWS\System32\WindowsPowerShell\v1.0\;C:\WINDOWS\System32\OpenSSH\;C:\Users\CAMILLY\AppData\Local\Microsoft\WindowsApps;
USERNAME=CAMILLY
OS=Windows_NT
PROCESSOR_IDENTIFIER=Intel64 Family 6 Model 76 Stepping 4, GenuineIntel



---------------  S Y S T E M  ---------------

OS: Windows 10 , 64 bit Build 18362 (10.0.18362.1316)

CPU:total 4 (initial active 4) (4 cores per cpu, 1 threads per core) family 6 model 76 stepping 4, cmov, cx8, fxsr, mmx, sse, sse2, sse3, ssse3, sse4.1, sse4.2, popcnt, aes, clmul, erms, 3dnowpref, tsc, tscinvbit

Memory: 4k page, system-wide physical 1908M (346M free)
TotalPageFile size 5559M (AvailPageFile size 33M)
current process WorkingSet (physical memory assigned to process): 239M, peak: 245M
current process commit charge ("private bytes"): 283M, peak: 357M

vm_info: OpenJDK 64-Bit Server VM (11.0.2+9) for windows-amd64 JRE (11.0.2+9), built on Jan 18 2019 05:23:22 by "mach5one" with MS VC++ 15.5 (VS2017)

END.
